{"/Users/ottovretare/webbplattser/finns i sjon/server/auth/auth.js": {"path":"/Users/ottovretare/webbplattser/finns i sjon/server/auth/auth.js","statementMap":{"0":{"start":{"line":1,"column":12},"end":{"line":1,"column":35}},"1":{"start":{"line":2,"column":13},"end":{"line":2,"column":38}},"2":{"start":{"line":4,"column":0},"end":{"line":6,"column":1}},"3":{"start":{"line":5,"column":4},"end":{"line":5,"column":63}},"4":{"start":{"line":8,"column":19},"end":{"line":8,"column":71}},"5":{"start":{"line":12,"column":8},"end":{"line":20,"column":10}},"6":{"start":{"line":24,"column":8},"end":{"line":28,"column":9}},"7":{"start":{"line":25,"column":12},"end":{"line":25,"column":49}},"8":{"start":{"line":27,"column":12},"end":{"line":27,"column":24}},"9":{"start":{"line":32,"column":8},"end":{"line":60,"column":10}},"10":{"start":{"line":33,"column":26},"end":{"line":33,"column":117}},"11":{"start":{"line":35,"column":12},"end":{"line":38,"column":13}},"12":{"start":{"line":36,"column":16},"end":{"line":36,"column":32}},"13":{"start":{"line":37,"column":16},"end":{"line":37,"column":30}},"14":{"start":{"line":40,"column":28},"end":{"line":40,"column":51}},"15":{"start":{"line":41,"column":12},"end":{"line":44,"column":13}},"16":{"start":{"line":42,"column":16},"end":{"line":42,"column":32}},"17":{"start":{"line":43,"column":16},"end":{"line":43,"column":30}},"18":{"start":{"line":46,"column":25},"end":{"line":46,"column":60}},"19":{"start":{"line":47,"column":12},"end":{"line":50,"column":13}},"20":{"start":{"line":48,"column":16},"end":{"line":48,"column":32}},"21":{"start":{"line":49,"column":16},"end":{"line":49,"column":30}},"22":{"start":{"line":52,"column":12},"end":{"line":58,"column":14}},"23":{"start":{"line":59,"column":12},"end":{"line":59,"column":19}},"24":{"start":{"line":64,"column":22},"end":{"line":64,"column":81}},"25":{"start":{"line":66,"column":8},"end":{"line":69,"column":9}},"26":{"start":{"line":67,"column":12},"end":{"line":67,"column":31}},"27":{"start":{"line":68,"column":12},"end":{"line":68,"column":26}},"28":{"start":{"line":71,"column":24},"end":{"line":71,"column":47}},"29":{"start":{"line":72,"column":8},"end":{"line":75,"column":9}},"30":{"start":{"line":73,"column":12},"end":{"line":73,"column":31}},"31":{"start":{"line":74,"column":12},"end":{"line":74,"column":26}},"32":{"start":{"line":77,"column":8},"end":{"line":93,"column":15}},"33":{"start":{"line":79,"column":16},"end":{"line":87,"column":17}},"34":{"start":{"line":80,"column":20},"end":{"line":86,"column":22}},"35":{"start":{"line":88,"column":16},"end":{"line":88,"column":23}},"36":{"start":{"line":91,"column":16},"end":{"line":91,"column":35}},"37":{"start":{"line":92,"column":16},"end":{"line":92,"column":23}},"38":{"start":{"line":97,"column":0},"end":{"line":97,"column":22}}},"fnMap":{"0":{"name":"(anonymous_0)","decl":{"start":{"line":11,"column":4},"end":{"line":11,"column":5}},"loc":{"start":{"line":11,"column":31},"end":{"line":21,"column":5}},"line":11},"1":{"name":"(anonymous_1)","decl":{"start":{"line":23,"column":4},"end":{"line":23,"column":5}},"loc":{"start":{"line":23,"column":30},"end":{"line":29,"column":5}},"line":23},"2":{"name":"(anonymous_2)","decl":{"start":{"line":31,"column":4},"end":{"line":31,"column":5}},"loc":{"start":{"line":31,"column":24},"end":{"line":61,"column":5}},"line":31},"3":{"name":"(anonymous_3)","decl":{"start":{"line":32,"column":15},"end":{"line":32,"column":16}},"loc":{"start":{"line":32,"column":41},"end":{"line":60,"column":9}},"line":32},"4":{"name":"(anonymous_4)","decl":{"start":{"line":63,"column":4},"end":{"line":63,"column":5}},"loc":{"start":{"line":63,"column":36},"end":{"line":94,"column":5}},"line":63},"5":{"name":"(anonymous_5)","decl":{"start":{"line":78,"column":18},"end":{"line":78,"column":19}},"loc":{"start":{"line":78,"column":26},"end":{"line":89,"column":13}},"line":78},"6":{"name":"(anonymous_6)","decl":{"start":{"line":90,"column":19},"end":{"line":90,"column":20}},"loc":{"start":{"line":90,"column":25},"end":{"line":93,"column":13}},"line":90}},"branchMap":{"0":{"loc":{"start":{"line":4,"column":0},"end":{"line":6,"column":1}},"type":"if","locations":[{"start":{"line":4,"column":0},"end":{"line":6,"column":1}},{"start":{},"end":{}}],"line":4},"1":{"loc":{"start":{"line":4,"column":4},"end":{"line":4,"column":68}},"type":"binary-expr","locations":[{"start":{"line":4,"column":4},"end":{"line":4,"column":41}},{"start":{"line":4,"column":45},"end":{"line":4,"column":68}}],"line":4},"2":{"loc":{"start":{"line":8,"column":19},"end":{"line":8,"column":71}},"type":"binary-expr","locations":[{"start":{"line":8,"column":19},"end":{"line":8,"column":41}},{"start":{"line":8,"column":45},"end":{"line":8,"column":71}}],"line":8},"3":{"loc":{"start":{"line":33,"column":26},"end":{"line":33,"column":117}},"type":"binary-expr","locations":[{"start":{"line":33,"column":26},"end":{"line":33,"column":75}},{"start":{"line":33,"column":79},"end":{"line":33,"column":97}},{"start":{"line":33,"column":101},"end":{"line":33,"column":117}}],"line":33},"4":{"loc":{"start":{"line":35,"column":12},"end":{"line":38,"column":13}},"type":"if","locations":[{"start":{"line":35,"column":12},"end":{"line":38,"column":13}},{"start":{},"end":{}}],"line":35},"5":{"loc":{"start":{"line":41,"column":12},"end":{"line":44,"column":13}},"type":"if","locations":[{"start":{"line":41,"column":12},"end":{"line":44,"column":13}},{"start":{},"end":{}}],"line":41},"6":{"loc":{"start":{"line":47,"column":12},"end":{"line":50,"column":13}},"type":"if","locations":[{"start":{"line":47,"column":12},"end":{"line":50,"column":13}},{"start":{},"end":{}}],"line":47},"7":{"loc":{"start":{"line":64,"column":22},"end":{"line":64,"column":81}},"type":"binary-expr","locations":[{"start":{"line":64,"column":22},"end":{"line":64,"column":49}},{"start":{"line":64,"column":53},"end":{"line":64,"column":81}}],"line":64},"8":{"loc":{"start":{"line":66,"column":8},"end":{"line":69,"column":9}},"type":"if","locations":[{"start":{"line":66,"column":8},"end":{"line":69,"column":9}},{"start":{},"end":{}}],"line":66},"9":{"loc":{"start":{"line":72,"column":8},"end":{"line":75,"column":9}},"type":"if","locations":[{"start":{"line":72,"column":8},"end":{"line":75,"column":9}},{"start":{},"end":{}}],"line":72},"10":{"loc":{"start":{"line":79,"column":16},"end":{"line":87,"column":17}},"type":"if","locations":[{"start":{"line":79,"column":16},"end":{"line":87,"column":17}},{"start":{},"end":{}}],"line":79}},"s":{"0":0,"1":0,"2":0,"3":0,"4":0,"5":0,"6":0,"7":0,"8":0,"9":0,"10":0,"11":0,"12":0,"13":0,"14":0,"15":0,"16":0,"17":0,"18":0,"19":0,"20":0,"21":0,"22":0,"23":0,"24":0,"25":0,"26":0,"27":0,"28":0,"29":0,"30":0,"31":0,"32":0,"33":0,"34":0,"35":0,"36":0,"37":0,"38":0},"f":{"0":0,"1":0,"2":0,"3":0,"4":0,"5":0,"6":0},"b":{"0":[0,0],"1":[0,0],"2":[0,0],"3":[0,0,0],"4":[0,0],"5":[0,0],"6":[0,0],"7":[0,0],"8":[0,0],"9":[0,0],"10":[0,0]}}
,"/Users/ottovretare/webbplattser/finns i sjon/server/game/AIPlayer.js": {"path":"/Users/ottovretare/webbplattser/finns i sjon/server/game/AIPlayer.js","statementMap":{"0":{"start":{"line":3,"column":8},"end":{"line":3,"column":37}},"1":{"start":{"line":4,"column":8},"end":{"line":4,"column":25}},"2":{"start":{"line":5,"column":8},"end":{"line":5,"column":80}},"3":{"start":{"line":6,"column":8},"end":{"line":6,"column":32}},"4":{"start":{"line":7,"column":8},"end":{"line":7,"column":23}},"5":{"start":{"line":8,"column":8},"end":{"line":8,"column":24}},"6":{"start":{"line":9,"column":8},"end":{"line":9,"column":30}},"7":{"start":{"line":11,"column":8},"end":{"line":18,"column":10}},"8":{"start":{"line":21,"column":8},"end":{"line":22,"column":106}},"9":{"start":{"line":24,"column":8},"end":{"line":24,"column":27}},"10":{"start":{"line":25,"column":8},"end":{"line":25,"column":33}},"11":{"start":{"line":29,"column":8},"end":{"line":29,"column":25}},"12":{"start":{"line":31,"column":26},"end":{"line":31,"column":81}},"13":{"start":{"line":31,"column":49},"end":{"line":31,"column":80}},"14":{"start":{"line":32,"column":8},"end":{"line":34,"column":9}},"15":{"start":{"line":33,"column":12},"end":{"line":33,"column":24}},"16":{"start":{"line":36,"column":24},"end":{"line":36,"column":64}},"17":{"start":{"line":36,"column":55},"end":{"line":36,"column":61}},"18":{"start":{"line":37,"column":8},"end":{"line":39,"column":9}},"19":{"start":{"line":38,"column":12},"end":{"line":38,"column":24}},"20":{"start":{"line":41,"column":8},"end":{"line":52,"column":9}},"21":{"start":{"line":43,"column":16},"end":{"line":43,"column":62}},"22":{"start":{"line":45,"column":16},"end":{"line":45,"column":73}},"23":{"start":{"line":47,"column":16},"end":{"line":47,"column":74}},"24":{"start":{"line":49,"column":16},"end":{"line":49,"column":74}},"25":{"start":{"line":51,"column":16},"end":{"line":51,"column":73}},"26":{"start":{"line":56,"column":23},"end":{"line":56,"column":78}},"27":{"start":{"line":57,"column":21},"end":{"line":57,"column":72}},"28":{"start":{"line":59,"column":8},"end":{"line":65,"column":10}},"29":{"start":{"line":69,"column":25},"end":{"line":69,"column":29}},"30":{"start":{"line":70,"column":24},"end":{"line":70,"column":26}},"31":{"start":{"line":72,"column":8},"end":{"line":113,"column":9}},"32":{"start":{"line":73,"column":12},"end":{"line":112,"column":13}},"33":{"start":{"line":74,"column":28},"end":{"line":74,"column":29}},"34":{"start":{"line":75,"column":30},"end":{"line":75,"column":41}},"35":{"start":{"line":77,"column":30},"end":{"line":77,"column":63}},"36":{"start":{"line":78,"column":16},"end":{"line":83,"column":17}},"37":{"start":{"line":79,"column":20},"end":{"line":79,"column":52}},"38":{"start":{"line":80,"column":20},"end":{"line":82,"column":21}},"39":{"start":{"line":81,"column":24},"end":{"line":81,"column":36}},"40":{"start":{"line":85,"column":32},"end":{"line":85,"column":67}},"41":{"start":{"line":86,"column":16},"end":{"line":88,"column":17}},"42":{"start":{"line":87,"column":20},"end":{"line":87,"column":32}},"43":{"start":{"line":90,"column":30},"end":{"line":90,"column":63}},"44":{"start":{"line":91,"column":16},"end":{"line":93,"column":17}},"45":{"start":{"line":92,"column":20},"end":{"line":92,"column":32}},"46":{"start":{"line":95,"column":16},"end":{"line":95,"column":48}},"47":{"start":{"line":97,"column":32},"end":{"line":97,"column":77}},"48":{"start":{"line":97,"column":54},"end":{"line":97,"column":69}},"49":{"start":{"line":98,"column":16},"end":{"line":100,"column":17}},"50":{"start":{"line":99,"column":20},"end":{"line":99,"column":32}},"51":{"start":{"line":102,"column":16},"end":{"line":111,"column":17}},"52":{"start":{"line":103,"column":20},"end":{"line":103,"column":38}},"53":{"start":{"line":104,"column":20},"end":{"line":110,"column":22}},"54":{"start":{"line":115,"column":8},"end":{"line":115,"column":68}},"55":{"start":{"line":119,"column":30},"end":{"line":119,"column":53}},"56":{"start":{"line":120,"column":33},"end":{"line":120,"column":102}},"57":{"start":{"line":120,"column":62},"end":{"line":120,"column":79}},"58":{"start":{"line":122,"column":25},"end":{"line":122,"column":29}},"59":{"start":{"line":123,"column":30},"end":{"line":123,"column":32}},"60":{"start":{"line":125,"column":8},"end":{"line":160,"column":9}},"61":{"start":{"line":126,"column":32},"end":{"line":126,"column":33}},"62":{"start":{"line":127,"column":28},"end":{"line":127,"column":73}},"63":{"start":{"line":127,"column":50},"end":{"line":127,"column":65}},"64":{"start":{"line":128,"column":28},"end":{"line":128,"column":81}},"65":{"start":{"line":128,"column":51},"end":{"line":128,"column":69}},"66":{"start":{"line":129,"column":29},"end":{"line":129,"column":58}},"67":{"start":{"line":130,"column":36},"end":{"line":130,"column":78}},"68":{"start":{"line":132,"column":12},"end":{"line":134,"column":13}},"69":{"start":{"line":133,"column":16},"end":{"line":133,"column":25}},"70":{"start":{"line":136,"column":12},"end":{"line":159,"column":13}},"71":{"start":{"line":137,"column":34},"end":{"line":143,"column":17}},"72":{"start":{"line":145,"column":16},"end":{"line":145,"column":95}},"73":{"start":{"line":147,"column":38},"end":{"line":147,"column":90}},"74":{"start":{"line":149,"column":16},"end":{"line":158,"column":17}},"75":{"start":{"line":150,"column":20},"end":{"line":150,"column":52}},"76":{"start":{"line":151,"column":20},"end":{"line":157,"column":22}},"77":{"start":{"line":162,"column":8},"end":{"line":162,"column":79}},"78":{"start":{"line":166,"column":21},"end":{"line":166,"column":71}},"79":{"start":{"line":167,"column":8},"end":{"line":169,"column":9}},"80":{"start":{"line":168,"column":12},"end":{"line":168,"column":24}},"81":{"start":{"line":171,"column":8},"end":{"line":189,"column":9}},"82":{"start":{"line":172,"column":29},"end":{"line":172,"column":96}},"83":{"start":{"line":172,"column":47},"end":{"line":172,"column":95}},"84":{"start":{"line":172,"column":69},"end":{"line":172,"column":81}},"85":{"start":{"line":173,"column":12},"end":{"line":188,"column":13}},"86":{"start":{"line":174,"column":35},"end":{"line":177,"column":17}},"87":{"start":{"line":175,"column":34},"end":{"line":175,"column":82}},"88":{"start":{"line":178,"column":16},"end":{"line":187,"column":17}},"89":{"start":{"line":179,"column":20},"end":{"line":186,"column":22}},"90":{"start":{"line":191,"column":31},"end":{"line":191,"column":55}},"91":{"start":{"line":192,"column":8},"end":{"line":206,"column":9}},"92":{"start":{"line":193,"column":26},"end":{"line":193,"column":76}},"93":{"start":{"line":193,"column":51},"end":{"line":193,"column":75}},"94":{"start":{"line":194,"column":12},"end":{"line":205,"column":13}},"95":{"start":{"line":195,"column":31},"end":{"line":195,"column":75}},"96":{"start":{"line":195,"column":51},"end":{"line":195,"column":74}},"97":{"start":{"line":196,"column":16},"end":{"line":204,"column":17}},"98":{"start":{"line":197,"column":20},"end":{"line":203,"column":22}},"99":{"start":{"line":208,"column":8},"end":{"line":228,"column":9}},"100":{"start":{"line":209,"column":36},"end":{"line":212,"column":13}},"101":{"start":{"line":210,"column":30},"end":{"line":210,"column":78}},"102":{"start":{"line":213,"column":12},"end":{"line":227,"column":13}},"103":{"start":{"line":215,"column":20},"end":{"line":218,"column":36}},"104":{"start":{"line":216,"column":40},"end":{"line":216,"column":88}},"105":{"start":{"line":217,"column":24},"end":{"line":217,"column":59}},"106":{"start":{"line":220,"column":16},"end":{"line":226,"column":18}},"107":{"start":{"line":230,"column":8},"end":{"line":232,"column":9}},"108":{"start":{"line":231,"column":12},"end":{"line":231,"column":37}},"109":{"start":{"line":234,"column":8},"end":{"line":234,"column":22}},"110":{"start":{"line":238,"column":30},"end":{"line":238,"column":48}},"111":{"start":{"line":239,"column":29},"end":{"line":239,"column":80}},"112":{"start":{"line":241,"column":8},"end":{"line":243,"column":9}},"113":{"start":{"line":242,"column":12},"end":{"line":242,"column":21}},"114":{"start":{"line":245,"column":26},"end":{"line":245,"column":87}},"115":{"start":{"line":246,"column":8},"end":{"line":246,"column":50}},"116":{"start":{"line":247,"column":8},"end":{"line":247,"column":50}},"117":{"start":{"line":249,"column":8},"end":{"line":249,"column":27}},"118":{"start":{"line":253,"column":23},"end":{"line":253,"column":38}},"119":{"start":{"line":255,"column":22},"end":{"line":255,"column":58}},"120":{"start":{"line":256,"column":8},"end":{"line":258,"column":9}},"121":{"start":{"line":257,"column":12},"end":{"line":257,"column":48}},"122":{"start":{"line":260,"column":24},"end":{"line":260,"column":62}},"123":{"start":{"line":261,"column":8},"end":{"line":263,"column":9}},"124":{"start":{"line":262,"column":12},"end":{"line":262,"column":28}},"125":{"start":{"line":265,"column":22},"end":{"line":265,"column":58}},"126":{"start":{"line":266,"column":8},"end":{"line":268,"column":9}},"127":{"start":{"line":267,"column":12},"end":{"line":267,"column":25}},"128":{"start":{"line":270,"column":8},"end":{"line":270,"column":53}},"129":{"start":{"line":274,"column":20},"end":{"line":274,"column":21}},"130":{"start":{"line":275,"column":8},"end":{"line":275,"column":72}},"131":{"start":{"line":275,"column":53},"end":{"line":275,"column":63}},"132":{"start":{"line":276,"column":8},"end":{"line":280,"column":9}},"133":{"start":{"line":277,"column":12},"end":{"line":279,"column":13}},"134":{"start":{"line":278,"column":16},"end":{"line":278,"column":24}},"135":{"start":{"line":281,"column":8},"end":{"line":281,"column":21}},"136":{"start":{"line":285,"column":26},"end":{"line":285,"column":28}},"137":{"start":{"line":286,"column":8},"end":{"line":292,"column":9}},"138":{"start":{"line":287,"column":12},"end":{"line":291,"column":13}},"139":{"start":{"line":288,"column":16},"end":{"line":290,"column":17}},"140":{"start":{"line":289,"column":20},"end":{"line":289,"column":71}},"141":{"start":{"line":293,"column":8},"end":{"line":293,"column":25}},"142":{"start":{"line":297,"column":67},"end":{"line":297,"column":72}},"143":{"start":{"line":299,"column":8},"end":{"line":327,"column":9}},"144":{"start":{"line":300,"column":12},"end":{"line":302,"column":13}},"145":{"start":{"line":301,"column":16},"end":{"line":301,"column":57}},"146":{"start":{"line":303,"column":26},"end":{"line":303,"column":62}},"147":{"start":{"line":304,"column":12},"end":{"line":306,"column":13}},"148":{"start":{"line":305,"column":16},"end":{"line":305,"column":66}},"149":{"start":{"line":307,"column":12},"end":{"line":307,"column":32}},"150":{"start":{"line":308,"column":12},"end":{"line":308,"column":47}},"151":{"start":{"line":310,"column":12},"end":{"line":326,"column":13}},"152":{"start":{"line":311,"column":16},"end":{"line":311,"column":39}},"153":{"start":{"line":312,"column":16},"end":{"line":314,"column":17}},"154":{"start":{"line":313,"column":20},"end":{"line":313,"column":68}},"155":{"start":{"line":315,"column":16},"end":{"line":315,"column":63}},"156":{"start":{"line":317,"column":16},"end":{"line":317,"column":41}},"157":{"start":{"line":318,"column":16},"end":{"line":320,"column":17}},"158":{"start":{"line":319,"column":20},"end":{"line":319,"column":70}},"159":{"start":{"line":321,"column":16},"end":{"line":321,"column":65}},"160":{"start":{"line":323,"column":16},"end":{"line":325,"column":17}},"161":{"start":{"line":324,"column":20},"end":{"line":324,"column":76}},"162":{"start":{"line":324,"column":67},"end":{"line":324,"column":73}},"163":{"start":{"line":329,"column":8},"end":{"line":331,"column":9}},"164":{"start":{"line":330,"column":12},"end":{"line":330,"column":52}},"165":{"start":{"line":332,"column":8},"end":{"line":332,"column":70}},"166":{"start":{"line":335,"column":8},"end":{"line":335,"column":28}},"167":{"start":{"line":340,"column":20},"end":{"line":340,"column":50}},"168":{"start":{"line":341,"column":8},"end":{"line":343,"column":9}},"169":{"start":{"line":342,"column":12},"end":{"line":342,"column":47}},"170":{"start":{"line":344,"column":8},"end":{"line":346,"column":9}},"171":{"start":{"line":345,"column":12},"end":{"line":345,"column":32}},"172":{"start":{"line":347,"column":8},"end":{"line":349,"column":9}},"173":{"start":{"line":348,"column":12},"end":{"line":348,"column":34}},"174":{"start":{"line":351,"column":8},"end":{"line":353,"column":9}},"175":{"start":{"line":352,"column":12},"end":{"line":352,"column":19}},"176":{"start":{"line":356,"column":23},"end":{"line":356,"column":50}},"177":{"start":{"line":357,"column":8},"end":{"line":360,"column":9}},"178":{"start":{"line":358,"column":29},"end":{"line":358,"column":77}},"179":{"start":{"line":359,"column":12},"end":{"line":359,"column":56}},"180":{"start":{"line":363,"column":8},"end":{"line":375,"column":9}},"181":{"start":{"line":364,"column":12},"end":{"line":374,"column":13}},"182":{"start":{"line":365,"column":32},"end":{"line":365,"column":53}},"183":{"start":{"line":366,"column":16},"end":{"line":373,"column":17}},"184":{"start":{"line":368,"column":20},"end":{"line":368,"column":76}},"185":{"start":{"line":368,"column":43},"end":{"line":368,"column":74}},"186":{"start":{"line":369,"column":37},"end":{"line":369,"column":66}},"187":{"start":{"line":370,"column":20},"end":{"line":372,"column":21}},"188":{"start":{"line":370,"column":33},"end":{"line":370,"column":34}},"189":{"start":{"line":371,"column":24},"end":{"line":371,"column":52}},"190":{"start":{"line":379,"column":8},"end":{"line":379,"column":33}},"191":{"start":{"line":383,"column":24},"end":{"line":383,"column":62}},"192":{"start":{"line":383,"column":46},"end":{"line":383,"column":61}},"193":{"start":{"line":384,"column":8},"end":{"line":384,"column":59}},"194":{"start":{"line":384,"column":42},"end":{"line":384,"column":57}},"195":{"start":{"line":385,"column":8},"end":{"line":385,"column":23}},"196":{"start":{"line":389,"column":8},"end":{"line":389,"column":34}},"197":{"start":{"line":393,"column":8},"end":{"line":393,"column":32}},"198":{"start":{"line":397,"column":22},"end":{"line":397,"column":24}},"199":{"start":{"line":398,"column":23},"end":{"line":398,"column":25}},"200":{"start":{"line":400,"column":8},"end":{"line":405,"column":11}},"201":{"start":{"line":401,"column":12},"end":{"line":403,"column":13}},"202":{"start":{"line":402,"column":16},"end":{"line":402,"column":39}},"203":{"start":{"line":404,"column":12},"end":{"line":404,"column":41}},"204":{"start":{"line":407,"column":8},"end":{"line":412,"column":9}},"205":{"start":{"line":408,"column":26},"end":{"line":408,"column":38}},"206":{"start":{"line":409,"column":12},"end":{"line":411,"column":13}},"207":{"start":{"line":410,"column":16},"end":{"line":410,"column":55}},"208":{"start":{"line":414,"column":8},"end":{"line":417,"column":11}},"209":{"start":{"line":415,"column":12},"end":{"line":415,"column":34}},"210":{"start":{"line":416,"column":12},"end":{"line":416,"column":65}},"211":{"start":{"line":416,"column":46},"end":{"line":416,"column":63}},"212":{"start":{"line":419,"column":8},"end":{"line":419,"column":21}},"213":{"start":{"line":423,"column":22},"end":{"line":423,"column":24}},"214":{"start":{"line":424,"column":23},"end":{"line":424,"column":25}},"215":{"start":{"line":426,"column":8},"end":{"line":431,"column":11}},"216":{"start":{"line":427,"column":12},"end":{"line":429,"column":13}},"217":{"start":{"line":428,"column":16},"end":{"line":428,"column":39}},"218":{"start":{"line":430,"column":12},"end":{"line":430,"column":41}},"219":{"start":{"line":433,"column":8},"end":{"line":438,"column":9}},"220":{"start":{"line":434,"column":26},"end":{"line":434,"column":38}},"221":{"start":{"line":435,"column":12},"end":{"line":437,"column":13}},"222":{"start":{"line":436,"column":16},"end":{"line":436,"column":55}},"223":{"start":{"line":440,"column":8},"end":{"line":440,"column":21}},"224":{"start":{"line":444,"column":8},"end":{"line":452,"column":10}},"225":{"start":{"line":456,"column":0},"end":{"line":456,"column":26}}},"fnMap":{"0":{"name":"(anonymous_0)","decl":{"start":{"line":2,"column":4},"end":{"line":2,"column":5}},"loc":{"start":{"line":2,"column":59},"end":{"line":26,"column":5}},"line":2},"1":{"name":"(anonymous_1)","decl":{"start":{"line":28,"column":4},"end":{"line":28,"column":5}},"loc":{"start":{"line":28,"column":40},"end":{"line":53,"column":5}},"line":28},"2":{"name":"(anonymous_2)","decl":{"start":{"line":31,"column":44},"end":{"line":31,"column":45}},"loc":{"start":{"line":31,"column":49},"end":{"line":31,"column":80}},"line":31},"3":{"name":"(anonymous_3)","decl":{"start":{"line":36,"column":50},"end":{"line":36,"column":51}},"loc":{"start":{"line":36,"column":55},"end":{"line":36,"column":61}},"line":36},"4":{"name":"(anonymous_4)","decl":{"start":{"line":55,"column":4},"end":{"line":55,"column":5}},"loc":{"start":{"line":55,"column":38},"end":{"line":66,"column":5}},"line":55},"5":{"name":"(anonymous_5)","decl":{"start":{"line":68,"column":4},"end":{"line":68,"column":5}},"loc":{"start":{"line":68,"column":50},"end":{"line":116,"column":5}},"line":68},"6":{"name":"(anonymous_6)","decl":{"start":{"line":97,"column":49},"end":{"line":97,"column":50}},"loc":{"start":{"line":97,"column":54},"end":{"line":97,"column":69}},"line":97},"7":{"name":"(anonymous_7)","decl":{"start":{"line":118,"column":4},"end":{"line":118,"column":5}},"loc":{"start":{"line":118,"column":50},"end":{"line":163,"column":5}},"line":118},"8":{"name":"(anonymous_8)","decl":{"start":{"line":120,"column":50},"end":{"line":120,"column":51}},"loc":{"start":{"line":120,"column":62},"end":{"line":120,"column":79}},"line":120},"9":{"name":"(anonymous_9)","decl":{"start":{"line":127,"column":45},"end":{"line":127,"column":46}},"loc":{"start":{"line":127,"column":50},"end":{"line":127,"column":65}},"line":127},"10":{"name":"(anonymous_10)","decl":{"start":{"line":128,"column":46},"end":{"line":128,"column":47}},"loc":{"start":{"line":128,"column":51},"end":{"line":128,"column":69}},"line":128},"11":{"name":"(anonymous_11)","decl":{"start":{"line":165,"column":4},"end":{"line":165,"column":5}},"loc":{"start":{"line":165,"column":50},"end":{"line":235,"column":5}},"line":165},"12":{"name":"(anonymous_12)","decl":{"start":{"line":172,"column":42},"end":{"line":172,"column":43}},"loc":{"start":{"line":172,"column":47},"end":{"line":172,"column":95}},"line":172},"13":{"name":"(anonymous_13)","decl":{"start":{"line":172,"column":64},"end":{"line":172,"column":65}},"loc":{"start":{"line":172,"column":69},"end":{"line":172,"column":81}},"line":172},"14":{"name":"(anonymous_14)","decl":{"start":{"line":175,"column":20},"end":{"line":175,"column":21}},"loc":{"start":{"line":175,"column":34},"end":{"line":175,"column":82}},"line":175},"15":{"name":"(anonymous_15)","decl":{"start":{"line":193,"column":46},"end":{"line":193,"column":47}},"loc":{"start":{"line":193,"column":51},"end":{"line":193,"column":75}},"line":193},"16":{"name":"(anonymous_16)","decl":{"start":{"line":195,"column":46},"end":{"line":195,"column":47}},"loc":{"start":{"line":195,"column":51},"end":{"line":195,"column":74}},"line":195},"17":{"name":"(anonymous_17)","decl":{"start":{"line":210,"column":16},"end":{"line":210,"column":17}},"loc":{"start":{"line":210,"column":30},"end":{"line":210,"column":78}},"line":210},"18":{"name":"(anonymous_18)","decl":{"start":{"line":215,"column":33},"end":{"line":215,"column":34}},"loc":{"start":{"line":215,"column":38},"end":{"line":218,"column":21}},"line":215},"19":{"name":"(anonymous_19)","decl":{"start":{"line":237,"column":4},"end":{"line":237,"column":5}},"loc":{"start":{"line":237,"column":91},"end":{"line":250,"column":5}},"line":237},"20":{"name":"(anonymous_20)","decl":{"start":{"line":252,"column":4},"end":{"line":252,"column":5}},"loc":{"start":{"line":252,"column":65},"end":{"line":271,"column":5}},"line":252},"21":{"name":"(anonymous_21)","decl":{"start":{"line":273,"column":4},"end":{"line":273,"column":5}},"loc":{"start":{"line":273,"column":29},"end":{"line":282,"column":5}},"line":273},"22":{"name":"(anonymous_22)","decl":{"start":{"line":275,"column":48},"end":{"line":275,"column":49}},"loc":{"start":{"line":275,"column":53},"end":{"line":275,"column":63}},"line":275},"23":{"name":"(anonymous_23)","decl":{"start":{"line":284,"column":4},"end":{"line":284,"column":5}},"loc":{"start":{"line":284,"column":24},"end":{"line":294,"column":5}},"line":284},"24":{"name":"(anonymous_24)","decl":{"start":{"line":296,"column":4},"end":{"line":296,"column":5}},"loc":{"start":{"line":296,"column":24},"end":{"line":336,"column":5}},"line":296},"25":{"name":"(anonymous_25)","decl":{"start":{"line":324,"column":62},"end":{"line":324,"column":63}},"loc":{"start":{"line":324,"column":67},"end":{"line":324,"column":73}},"line":324},"26":{"name":"(anonymous_26)","decl":{"start":{"line":338,"column":4},"end":{"line":338,"column":5}},"loc":{"start":{"line":338,"column":19},"end":{"line":376,"column":5}},"line":338},"27":{"name":"(anonymous_27)","decl":{"start":{"line":368,"column":33},"end":{"line":368,"column":34}},"loc":{"start":{"line":368,"column":43},"end":{"line":368,"column":74}},"line":368},"28":{"name":"(anonymous_28)","decl":{"start":{"line":378,"column":4},"end":{"line":378,"column":5}},"loc":{"start":{"line":378,"column":20},"end":{"line":380,"column":5}},"line":378},"29":{"name":"(anonymous_29)","decl":{"start":{"line":382,"column":4},"end":{"line":382,"column":5}},"loc":{"start":{"line":382,"column":22},"end":{"line":386,"column":5}},"line":382},"30":{"name":"(anonymous_30)","decl":{"start":{"line":383,"column":41},"end":{"line":383,"column":42}},"loc":{"start":{"line":383,"column":46},"end":{"line":383,"column":61}},"line":383},"31":{"name":"(anonymous_31)","decl":{"start":{"line":384,"column":37},"end":{"line":384,"column":38}},"loc":{"start":{"line":384,"column":42},"end":{"line":384,"column":57}},"line":384},"32":{"name":"(anonymous_32)","decl":{"start":{"line":388,"column":4},"end":{"line":388,"column":5}},"loc":{"start":{"line":388,"column":20},"end":{"line":390,"column":5}},"line":388},"33":{"name":"(anonymous_33)","decl":{"start":{"line":392,"column":4},"end":{"line":392,"column":5}},"loc":{"start":{"line":392,"column":19},"end":{"line":394,"column":5}},"line":392},"34":{"name":"(anonymous_34)","decl":{"start":{"line":396,"column":4},"end":{"line":396,"column":5}},"loc":{"start":{"line":396,"column":24},"end":{"line":420,"column":5}},"line":396},"35":{"name":"(anonymous_35)","decl":{"start":{"line":400,"column":26},"end":{"line":400,"column":27}},"loc":{"start":{"line":400,"column":34},"end":{"line":405,"column":9}},"line":400},"36":{"name":"(anonymous_36)","decl":{"start":{"line":414,"column":22},"end":{"line":414,"column":23}},"loc":{"start":{"line":414,"column":30},"end":{"line":417,"column":9}},"line":414},"37":{"name":"(anonymous_37)","decl":{"start":{"line":416,"column":41},"end":{"line":416,"column":42}},"loc":{"start":{"line":416,"column":46},"end":{"line":416,"column":63}},"line":416},"38":{"name":"(anonymous_38)","decl":{"start":{"line":422,"column":4},"end":{"line":422,"column":5}},"loc":{"start":{"line":422,"column":16},"end":{"line":441,"column":5}},"line":422},"39":{"name":"(anonymous_39)","decl":{"start":{"line":426,"column":26},"end":{"line":426,"column":27}},"loc":{"start":{"line":426,"column":34},"end":{"line":431,"column":9}},"line":426},"40":{"name":"(anonymous_40)","decl":{"start":{"line":443,"column":4},"end":{"line":443,"column":5}},"loc":{"start":{"line":443,"column":13},"end":{"line":453,"column":5}},"line":443}},"branchMap":{"0":{"loc":{"start":{"line":2,"column":16},"end":{"line":2,"column":36}},"type":"default-arg","locations":[{"start":{"line":2,"column":29},"end":{"line":2,"column":36}}],"line":2},"1":{"loc":{"start":{"line":2,"column":38},"end":{"line":2,"column":57}},"type":"default-arg","locations":[{"start":{"line":2,"column":45},"end":{"line":2,"column":57}}],"line":2},"2":{"loc":{"start":{"line":22,"column":12},"end":{"line":22,"column":105}},"type":"cond-expr","locations":[{"start":{"line":22,"column":38},"end":{"line":22,"column":40}},{"start":{"line":22,"column":43},"end":{"line":22,"column":105}}],"line":22},"3":{"loc":{"start":{"line":22,"column":43},"end":{"line":22,"column":105}},"type":"cond-expr","locations":[{"start":{"line":22,"column":69},"end":{"line":22,"column":71}},{"start":{"line":22,"column":74},"end":{"line":22,"column":105}}],"line":22},"4":{"loc":{"start":{"line":22,"column":74},"end":{"line":22,"column":105}},"type":"cond-expr","locations":[{"start":{"line":22,"column":99},"end":{"line":22,"column":101}},{"start":{"line":22,"column":104},"end":{"line":22,"column":105}}],"line":22},"5":{"loc":{"start":{"line":31,"column":49},"end":{"line":31,"column":80}},"type":"binary-expr","locations":[{"start":{"line":31,"column":49},"end":{"line":31,"column":65}},{"start":{"line":31,"column":69},"end":{"line":31,"column":80}}],"line":31},"6":{"loc":{"start":{"line":32,"column":8},"end":{"line":34,"column":9}},"type":"if","locations":[{"start":{"line":32,"column":8},"end":{"line":34,"column":9}},{"start":{},"end":{}}],"line":32},"7":{"loc":{"start":{"line":37,"column":8},"end":{"line":39,"column":9}},"type":"if","locations":[{"start":{"line":37,"column":8},"end":{"line":39,"column":9}},{"start":{},"end":{}}],"line":37},"8":{"loc":{"start":{"line":41,"column":8},"end":{"line":52,"column":9}},"type":"switch","locations":[{"start":{"line":42,"column":12},"end":{"line":43,"column":62}},{"start":{"line":44,"column":12},"end":{"line":45,"column":73}},{"start":{"line":46,"column":12},"end":{"line":47,"column":74}},{"start":{"line":48,"column":12},"end":{"line":49,"column":74}},{"start":{"line":50,"column":12},"end":{"line":51,"column":73}}],"line":41},"9":{"loc":{"start":{"line":61,"column":28},"end":{"line":61,"column":56}},"type":"binary-expr","locations":[{"start":{"line":61,"column":28},"end":{"line":61,"column":43}},{"start":{"line":61,"column":47},"end":{"line":61,"column":56}}],"line":61},"10":{"loc":{"start":{"line":78,"column":16},"end":{"line":83,"column":17}},"type":"if","locations":[{"start":{"line":78,"column":16},"end":{"line":83,"column":17}},{"start":{},"end":{}}],"line":78},"11":{"loc":{"start":{"line":78,"column":20},"end":{"line":78,"column":40}},"type":"binary-expr","locations":[{"start":{"line":78,"column":20},"end":{"line":78,"column":25}},{"start":{"line":78,"column":29},"end":{"line":78,"column":40}}],"line":78},"12":{"loc":{"start":{"line":80,"column":20},"end":{"line":82,"column":21}},"type":"if","locations":[{"start":{"line":80,"column":20},"end":{"line":82,"column":21}},{"start":{},"end":{}}],"line":80},"13":{"loc":{"start":{"line":86,"column":16},"end":{"line":88,"column":17}},"type":"if","locations":[{"start":{"line":86,"column":16},"end":{"line":88,"column":17}},{"start":{},"end":{}}],"line":86},"14":{"loc":{"start":{"line":86,"column":20},"end":{"line":86,"column":48}},"type":"binary-expr","locations":[{"start":{"line":86,"column":20},"end":{"line":86,"column":27}},{"start":{"line":86,"column":31},"end":{"line":86,"column":48}}],"line":86},"15":{"loc":{"start":{"line":91,"column":16},"end":{"line":93,"column":17}},"type":"if","locations":[{"start":{"line":91,"column":16},"end":{"line":93,"column":17}},{"start":{},"end":{}}],"line":91},"16":{"loc":{"start":{"line":91,"column":20},"end":{"line":91,"column":44}},"type":"binary-expr","locations":[{"start":{"line":91,"column":20},"end":{"line":91,"column":25}},{"start":{"line":91,"column":29},"end":{"line":91,"column":44}}],"line":91},"17":{"loc":{"start":{"line":98,"column":16},"end":{"line":100,"column":17}},"type":"if","locations":[{"start":{"line":98,"column":16},"end":{"line":100,"column":17}},{"start":{},"end":{}}],"line":98},"18":{"loc":{"start":{"line":102,"column":16},"end":{"line":111,"column":17}},"type":"if","locations":[{"start":{"line":102,"column":16},"end":{"line":111,"column":17}},{"start":{},"end":{}}],"line":102},"19":{"loc":{"start":{"line":106,"column":40},"end":{"line":106,"column":72}},"type":"binary-expr","locations":[{"start":{"line":106,"column":40},"end":{"line":106,"column":57}},{"start":{"line":106,"column":61},"end":{"line":106,"column":72}}],"line":106},"20":{"loc":{"start":{"line":115,"column":15},"end":{"line":115,"column":67}},"type":"binary-expr","locations":[{"start":{"line":115,"column":15},"end":{"line":115,"column":25}},{"start":{"line":115,"column":29},"end":{"line":115,"column":67}}],"line":115},"21":{"loc":{"start":{"line":132,"column":12},"end":{"line":134,"column":13}},"type":"if","locations":[{"start":{"line":132,"column":12},"end":{"line":134,"column":13}},{"start":{},"end":{}}],"line":132},"22":{"loc":{"start":{"line":147,"column":58},"end":{"line":147,"column":88}},"type":"cond-expr","locations":[{"start":{"line":147,"column":83},"end":{"line":147,"column":84}},{"start":{"line":147,"column":87},"end":{"line":147,"column":88}}],"line":147},"23":{"loc":{"start":{"line":149,"column":16},"end":{"line":158,"column":17}},"type":"if","locations":[{"start":{"line":149,"column":16},"end":{"line":158,"column":17}},{"start":{},"end":{}}],"line":149},"24":{"loc":{"start":{"line":153,"column":40},"end":{"line":153,"column":72}},"type":"binary-expr","locations":[{"start":{"line":153,"column":40},"end":{"line":153,"column":57}},{"start":{"line":153,"column":61},"end":{"line":153,"column":72}}],"line":153},"25":{"loc":{"start":{"line":162,"column":15},"end":{"line":162,"column":78}},"type":"binary-expr","locations":[{"start":{"line":162,"column":15},"end":{"line":162,"column":25}},{"start":{"line":162,"column":29},"end":{"line":162,"column":78}}],"line":162},"26":{"loc":{"start":{"line":167,"column":8},"end":{"line":169,"column":9}},"type":"if","locations":[{"start":{"line":167,"column":8},"end":{"line":169,"column":9}},{"start":{},"end":{}}],"line":167},"27":{"loc":{"start":{"line":171,"column":8},"end":{"line":189,"column":9}},"type":"if","locations":[{"start":{"line":171,"column":8},"end":{"line":189,"column":9}},{"start":{},"end":{}}],"line":171},"28":{"loc":{"start":{"line":171,"column":12},"end":{"line":171,"column":82}},"type":"binary-expr","locations":[{"start":{"line":171,"column":12},"end":{"line":171,"column":30}},{"start":{"line":171,"column":34},"end":{"line":171,"column":54}},{"start":{"line":171,"column":58},"end":{"line":171,"column":82}}],"line":171},"29":{"loc":{"start":{"line":173,"column":12},"end":{"line":188,"column":13}},"type":"if","locations":[{"start":{"line":173,"column":12},"end":{"line":188,"column":13}},{"start":{},"end":{}}],"line":173},"30":{"loc":{"start":{"line":175,"column":34},"end":{"line":175,"column":82}},"type":"cond-expr","locations":[{"start":{"line":175,"column":74},"end":{"line":175,"column":75}},{"start":{"line":175,"column":78},"end":{"line":175,"column":82}}],"line":175},"31":{"loc":{"start":{"line":175,"column":34},"end":{"line":175,"column":71}},"type":"binary-expr","locations":[{"start":{"line":175,"column":34},"end":{"line":175,"column":39}},{"start":{"line":175,"column":43},"end":{"line":175,"column":71}}],"line":175},"32":{"loc":{"start":{"line":178,"column":16},"end":{"line":187,"column":17}},"type":"if","locations":[{"start":{"line":178,"column":16},"end":{"line":187,"column":17}},{"start":{},"end":{}}],"line":178},"33":{"loc":{"start":{"line":181,"column":40},"end":{"line":181,"column":76}},"type":"binary-expr","locations":[{"start":{"line":181,"column":40},"end":{"line":181,"column":59}},{"start":{"line":181,"column":63},"end":{"line":181,"column":76}}],"line":181},"34":{"loc":{"start":{"line":192,"column":8},"end":{"line":206,"column":9}},"type":"if","locations":[{"start":{"line":192,"column":8},"end":{"line":206,"column":9}},{"start":{},"end":{}}],"line":192},"35":{"loc":{"start":{"line":194,"column":12},"end":{"line":205,"column":13}},"type":"if","locations":[{"start":{"line":194,"column":12},"end":{"line":205,"column":13}},{"start":{},"end":{}}],"line":194},"36":{"loc":{"start":{"line":196,"column":16},"end":{"line":204,"column":17}},"type":"if","locations":[{"start":{"line":196,"column":16},"end":{"line":204,"column":17}},{"start":{},"end":{}}],"line":196},"37":{"loc":{"start":{"line":199,"column":40},"end":{"line":199,"column":68}},"type":"binary-expr","locations":[{"start":{"line":199,"column":40},"end":{"line":199,"column":55}},{"start":{"line":199,"column":59},"end":{"line":199,"column":68}}],"line":199},"38":{"loc":{"start":{"line":208,"column":8},"end":{"line":228,"column":9}},"type":"if","locations":[{"start":{"line":208,"column":8},"end":{"line":228,"column":9}},{"start":{},"end":{}}],"line":208},"39":{"loc":{"start":{"line":210,"column":30},"end":{"line":210,"column":78}},"type":"cond-expr","locations":[{"start":{"line":210,"column":70},"end":{"line":210,"column":71}},{"start":{"line":210,"column":74},"end":{"line":210,"column":78}}],"line":210},"40":{"loc":{"start":{"line":210,"column":30},"end":{"line":210,"column":67}},"type":"binary-expr","locations":[{"start":{"line":210,"column":30},"end":{"line":210,"column":35}},{"start":{"line":210,"column":39},"end":{"line":210,"column":67}}],"line":210},"41":{"loc":{"start":{"line":213,"column":12},"end":{"line":227,"column":13}},"type":"if","locations":[{"start":{"line":213,"column":12},"end":{"line":227,"column":13}},{"start":{},"end":{}}],"line":213},"42":{"loc":{"start":{"line":213,"column":16},"end":{"line":213,"column":64}},"type":"binary-expr","locations":[{"start":{"line":213,"column":16},"end":{"line":213,"column":31}},{"start":{"line":213,"column":35},"end":{"line":213,"column":64}}],"line":213},"43":{"loc":{"start":{"line":215,"column":20},"end":{"line":218,"column":36}},"type":"binary-expr","locations":[{"start":{"line":215,"column":20},"end":{"line":218,"column":22}},{"start":{"line":218,"column":26},"end":{"line":218,"column":36}}],"line":215},"44":{"loc":{"start":{"line":217,"column":31},"end":{"line":217,"column":58}},"type":"binary-expr","locations":[{"start":{"line":217,"column":31},"end":{"line":217,"column":39}},{"start":{"line":217,"column":43},"end":{"line":217,"column":58}}],"line":217},"45":{"loc":{"start":{"line":222,"column":36},"end":{"line":222,"column":82}},"type":"binary-expr","locations":[{"start":{"line":222,"column":36},"end":{"line":222,"column":60}},{"start":{"line":222,"column":64},"end":{"line":222,"column":82}}],"line":222},"46":{"loc":{"start":{"line":230,"column":8},"end":{"line":232,"column":9}},"type":"if","locations":[{"start":{"line":230,"column":8},"end":{"line":232,"column":9}},{"start":{},"end":{}}],"line":230},"47":{"loc":{"start":{"line":241,"column":8},"end":{"line":243,"column":9}},"type":"if","locations":[{"start":{"line":241,"column":8},"end":{"line":243,"column":9}},{"start":{},"end":{}}],"line":241},"48":{"loc":{"start":{"line":256,"column":8},"end":{"line":258,"column":9}},"type":"if","locations":[{"start":{"line":256,"column":8},"end":{"line":258,"column":9}},{"start":{},"end":{}}],"line":256},"49":{"loc":{"start":{"line":256,"column":12},"end":{"line":256,"column":32}},"type":"binary-expr","locations":[{"start":{"line":256,"column":12},"end":{"line":256,"column":17}},{"start":{"line":256,"column":21},"end":{"line":256,"column":32}}],"line":256},"50":{"loc":{"start":{"line":261,"column":8},"end":{"line":263,"column":9}},"type":"if","locations":[{"start":{"line":261,"column":8},"end":{"line":263,"column":9}},{"start":{},"end":{}}],"line":261},"51":{"loc":{"start":{"line":261,"column":12},"end":{"line":261,"column":40}},"type":"binary-expr","locations":[{"start":{"line":261,"column":12},"end":{"line":261,"column":19}},{"start":{"line":261,"column":23},"end":{"line":261,"column":40}}],"line":261},"52":{"loc":{"start":{"line":266,"column":8},"end":{"line":268,"column":9}},"type":"if","locations":[{"start":{"line":266,"column":8},"end":{"line":268,"column":9}},{"start":{},"end":{}}],"line":266},"53":{"loc":{"start":{"line":266,"column":12},"end":{"line":266,"column":36}},"type":"binary-expr","locations":[{"start":{"line":266,"column":12},"end":{"line":266,"column":17}},{"start":{"line":266,"column":21},"end":{"line":266,"column":36}}],"line":266},"54":{"loc":{"start":{"line":277,"column":12},"end":{"line":279,"column":13}},"type":"if","locations":[{"start":{"line":277,"column":12},"end":{"line":279,"column":13}},{"start":{},"end":{}}],"line":277},"55":{"loc":{"start":{"line":288,"column":16},"end":{"line":290,"column":17}},"type":"if","locations":[{"start":{"line":288,"column":16},"end":{"line":290,"column":17}},{"start":{},"end":{}}],"line":288},"56":{"loc":{"start":{"line":288,"column":20},"end":{"line":288,"column":74}},"type":"binary-expr","locations":[{"start":{"line":288,"column":20},"end":{"line":288,"column":35}},{"start":{"line":288,"column":39},"end":{"line":288,"column":74}}],"line":288},"57":{"loc":{"start":{"line":299,"column":8},"end":{"line":327,"column":9}},"type":"if","locations":[{"start":{"line":299,"column":8},"end":{"line":327,"column":9}},{"start":{},"end":{}}],"line":299},"58":{"loc":{"start":{"line":300,"column":12},"end":{"line":302,"column":13}},"type":"if","locations":[{"start":{"line":300,"column":12},"end":{"line":302,"column":13}},{"start":{},"end":{}}],"line":300},"59":{"loc":{"start":{"line":304,"column":12},"end":{"line":306,"column":13}},"type":"if","locations":[{"start":{"line":304,"column":12},"end":{"line":306,"column":13}},{"start":{},"end":{}}],"line":304},"60":{"loc":{"start":{"line":310,"column":12},"end":{"line":326,"column":13}},"type":"if","locations":[{"start":{"line":310,"column":12},"end":{"line":326,"column":13}},{"start":{"line":316,"column":19},"end":{"line":326,"column":13}}],"line":310},"61":{"loc":{"start":{"line":312,"column":16},"end":{"line":314,"column":17}},"type":"if","locations":[{"start":{"line":312,"column":16},"end":{"line":314,"column":17}},{"start":{},"end":{}}],"line":312},"62":{"loc":{"start":{"line":318,"column":16},"end":{"line":320,"column":17}},"type":"if","locations":[{"start":{"line":318,"column":16},"end":{"line":320,"column":17}},{"start":{},"end":{}}],"line":318},"63":{"loc":{"start":{"line":323,"column":16},"end":{"line":325,"column":17}},"type":"if","locations":[{"start":{"line":323,"column":16},"end":{"line":325,"column":17}},{"start":{},"end":{}}],"line":323},"64":{"loc":{"start":{"line":323,"column":20},"end":{"line":323,"column":45}},"type":"binary-expr","locations":[{"start":{"line":323,"column":20},"end":{"line":323,"column":25}},{"start":{"line":323,"column":29},"end":{"line":323,"column":45}}],"line":323},"65":{"loc":{"start":{"line":329,"column":8},"end":{"line":331,"column":9}},"type":"if","locations":[{"start":{"line":329,"column":8},"end":{"line":331,"column":9}},{"start":{},"end":{}}],"line":329},"66":{"loc":{"start":{"line":332,"column":49},"end":{"line":332,"column":68}},"type":"binary-expr","locations":[{"start":{"line":332,"column":49},"end":{"line":332,"column":63}},{"start":{"line":332,"column":67},"end":{"line":332,"column":68}}],"line":332},"67":{"loc":{"start":{"line":351,"column":8},"end":{"line":353,"column":9}},"type":"if","locations":[{"start":{"line":351,"column":8},"end":{"line":353,"column":9}},{"start":{},"end":{}}],"line":351},"68":{"loc":{"start":{"line":357,"column":8},"end":{"line":360,"column":9}},"type":"if","locations":[{"start":{"line":357,"column":8},"end":{"line":360,"column":9}},{"start":{},"end":{}}],"line":357},"69":{"loc":{"start":{"line":363,"column":8},"end":{"line":375,"column":9}},"type":"if","locations":[{"start":{"line":363,"column":8},"end":{"line":375,"column":9}},{"start":{},"end":{}}],"line":363},"70":{"loc":{"start":{"line":366,"column":16},"end":{"line":373,"column":17}},"type":"if","locations":[{"start":{"line":366,"column":16},"end":{"line":373,"column":17}},{"start":{},"end":{}}],"line":366},"71":{"loc":{"start":{"line":401,"column":12},"end":{"line":403,"column":13}},"type":"if","locations":[{"start":{"line":401,"column":12},"end":{"line":403,"column":13}},{"start":{},"end":{}}],"line":401},"72":{"loc":{"start":{"line":427,"column":12},"end":{"line":429,"column":13}},"type":"if","locations":[{"start":{"line":427,"column":12},"end":{"line":429,"column":13}},{"start":{},"end":{}}],"line":427}},"s":{"0":14,"1":14,"2":14,"3":14,"4":14,"5":14,"6":14,"7":14,"8":14,"9":14,"10":14,"11":6,"12":6,"13":7,"14":6,"15":0,"16":6,"17":11,"18":6,"19":1,"20":5,"21":0,"22":2,"23":1,"24":1,"25":1,"26":0,"27":0,"28":0,"29":3,"30":3,"31":3,"32":6,"33":8,"34":8,"35":8,"36":8,"37":0,"38":0,"39":0,"40":8,"41":8,"42":0,"43":8,"44":8,"45":0,"46":8,"47":8,"48":20,"49":8,"50":0,"51":8,"52":3,"53":3,"54":3,"55":2,"56":2,"57":2,"58":2,"59":2,"60":2,"61":4,"62":4,"63":8,"64":4,"65":0,"66":4,"67":4,"68":4,"69":0,"70":4,"71":4,"72":4,"73":4,"74":4,"75":2,"76":2,"77":2,"78":1,"79":1,"80":0,"81":1,"82":0,"83":0,"84":0,"85":0,"86":0,"87":0,"88":0,"89":0,"90":1,"91":1,"92":0,"93":0,"94":0,"95":0,"96":0,"97":0,"98":0,"99":1,"100":0,"101":0,"102":0,"103":0,"104":0,"105":0,"106":0,"107":1,"108":0,"109":1,"110":4,"111":4,"112":4,"113":0,"114":4,"115":4,"116":4,"117":4,"118":4,"119":4,"120":4,"121":0,"122":4,"123":4,"124":0,"125":4,"126":4,"127":0,"128":4,"129":4,"130":4,"131":0,"132":4,"133":0,"134":0,"135":4,"136":1,"137":1,"138":0,"139":0,"140":0,"141":1,"142":13,"143":13,"144":13,"145":4,"146":13,"147":13,"148":13,"149":13,"150":13,"151":13,"152":2,"153":2,"154":2,"155":2,"156":11,"157":11,"158":2,"159":11,"160":11,"161":10,"162":10,"163":13,"164":4,"165":13,"166":13,"167":13,"168":13,"169":13,"170":13,"171":2,"172":13,"173":11,"174":13,"175":4,"176":9,"177":9,"178":9,"179":9,"180":9,"181":9,"182":9,"183":9,"184":7,"185":21,"186":7,"187":7,"188":7,"189":7,"190":0,"191":0,"192":0,"193":0,"194":0,"195":0,"196":0,"197":0,"198":0,"199":0,"200":0,"201":0,"202":0,"203":0,"204":0,"205":0,"206":0,"207":0,"208":0,"209":0,"210":0,"211":0,"212":0,"213":0,"214":0,"215":0,"216":0,"217":0,"218":0,"219":0,"220":0,"221":0,"222":0,"223":0,"224":0,"225":3},"f":{"0":14,"1":6,"2":7,"3":11,"4":0,"5":3,"6":20,"7":2,"8":2,"9":8,"10":0,"11":1,"12":0,"13":0,"14":0,"15":0,"16":0,"17":0,"18":0,"19":4,"20":4,"21":4,"22":0,"23":1,"24":13,"25":10,"26":13,"27":21,"28":0,"29":0,"30":0,"31":0,"32":0,"33":0,"34":0,"35":0,"36":0,"37":0,"38":0,"39":0,"40":0},"b":{"0":[0],"1":[0],"2":[1,13],"3":[1,12],"4":[11,1],"5":[7,7],"6":[0,6],"7":[1,5],"8":[0,2,1,1,1],"9":[0,0],"10":[0,8],"11":[8,0],"12":[0,0],"13":[0,8],"14":[8,0],"15":[0,8],"16":[8,0],"17":[0,8],"18":[3,5],"19":[3,0],"20":[3,0],"21":[0,4],"22":[0,4],"23":[2,2],"24":[2,0],"25":[2,0],"26":[0,1],"27":[0,1],"28":[1,0,0],"29":[0,0],"30":[0,0],"31":[0,0],"32":[0,0],"33":[0,0],"34":[0,1],"35":[0,0],"36":[0,0],"37":[0,0],"38":[0,1],"39":[0,0],"40":[0,0],"41":[0,0],"42":[0,0],"43":[0,0],"44":[0,0],"45":[0,0],"46":[0,1],"47":[0,4],"48":[0,4],"49":[4,0],"50":[0,4],"51":[4,0],"52":[0,4],"53":[4,0],"54":[0,0],"55":[0,0],"56":[0,0],"57":[13,0],"58":[4,9],"59":[13,0],"60":[2,11],"61":[2,0],"62":[2,9],"63":[10,1],"64":[11,10],"65":[4,9],"66":[13,13],"67":[4,9],"68":[9,0],"69":[9,0],"70":[7,2],"71":[0,0],"72":[0,0]},"_coverageSchema":"1a1c01bbd47fc00a2c39e90264f33305004495a9","hash":"a932f0af557b9b48d96e49a0c4866980bdd91e31"}
,"/Users/ottovretare/webbplattser/finns i sjon/server/game/CardDeck.js": {"path":"/Users/ottovretare/webbplattser/finns i sjon/server/game/CardDeck.js","statementMap":{"0":{"start":{"line":1,"column":25},"end":{"line":1,"column":54}},"1":{"start":{"line":5,"column":8},"end":{"line":5,"column":24}},"2":{"start":{"line":6,"column":8},"end":{"line":6,"column":28}},"3":{"start":{"line":7,"column":8},"end":{"line":7,"column":20}},"4":{"start":{"line":11,"column":8},"end":{"line":11,"column":24}},"5":{"start":{"line":12,"column":8},"end":{"line":21,"column":9}},"6":{"start":{"line":13,"column":12},"end":{"line":20,"column":13}},"7":{"start":{"line":14,"column":16},"end":{"line":19,"column":19}},"8":{"start":{"line":22,"column":8},"end":{"line":22,"column":23}},"9":{"start":{"line":26,"column":23},"end":{"line":26,"column":53}},"10":{"start":{"line":27,"column":8},"end":{"line":27,"column":46}},"11":{"start":{"line":31,"column":8},"end":{"line":34,"column":9}},"12":{"start":{"line":31,"column":21},"end":{"line":31,"column":42}},"13":{"start":{"line":32,"column":22},"end":{"line":32,"column":57}},"14":{"start":{"line":33,"column":12},"end":{"line":33,"column":76}},"15":{"start":{"line":38,"column":22},"end":{"line":38,"column":24}},"16":{"start":{"line":39,"column":8},"end":{"line":41,"column":9}},"17":{"start":{"line":39,"column":21},"end":{"line":39,"column":22}},"18":{"start":{"line":40,"column":12},"end":{"line":40,"column":41}},"19":{"start":{"line":42,"column":8},"end":{"line":42,"column":46}},"20":{"start":{"line":46,"column":8},"end":{"line":46,"column":39}},"21":{"start":{"line":50,"column":8},"end":{"line":50,"column":33}},"22":{"start":{"line":54,"column":0},"end":{"line":54,"column":26}}},"fnMap":{"0":{"name":"(anonymous_0)","decl":{"start":{"line":4,"column":4},"end":{"line":4,"column":5}},"loc":{"start":{"line":4,"column":18},"end":{"line":8,"column":5}},"line":4},"1":{"name":"(anonymous_1)","decl":{"start":{"line":10,"column":4},"end":{"line":10,"column":5}},"loc":{"start":{"line":10,"column":11},"end":{"line":23,"column":5}},"line":10},"2":{"name":"(anonymous_2)","decl":{"start":{"line":25,"column":4},"end":{"line":25,"column":5}},"loc":{"start":{"line":25,"column":23},"end":{"line":28,"column":5}},"line":25},"3":{"name":"(anonymous_3)","decl":{"start":{"line":30,"column":4},"end":{"line":30,"column":5}},"loc":{"start":{"line":30,"column":14},"end":{"line":35,"column":5}},"line":30},"4":{"name":"(anonymous_4)","decl":{"start":{"line":37,"column":4},"end":{"line":37,"column":5}},"loc":{"start":{"line":37,"column":20},"end":{"line":43,"column":5}},"line":37},"5":{"name":"(anonymous_5)","decl":{"start":{"line":45,"column":4},"end":{"line":45,"column":5}},"loc":{"start":{"line":45,"column":14},"end":{"line":47,"column":5}},"line":45},"6":{"name":"(anonymous_6)","decl":{"start":{"line":49,"column":4},"end":{"line":49,"column":5}},"loc":{"start":{"line":49,"column":16},"end":{"line":51,"column":5}},"line":49}},"branchMap":{"0":{"loc":{"start":{"line":27,"column":15},"end":{"line":27,"column":45}},"type":"binary-expr","locations":[{"start":{"line":27,"column":15},"end":{"line":27,"column":27}},{"start":{"line":27,"column":31},"end":{"line":27,"column":45}}],"line":27},"1":{"loc":{"start":{"line":37,"column":9},"end":{"line":37,"column":18}},"type":"default-arg","locations":[{"start":{"line":37,"column":17},"end":{"line":37,"column":18}}],"line":37},"2":{"loc":{"start":{"line":39,"column":24},"end":{"line":39,"column":58}},"type":"binary-expr","locations":[{"start":{"line":39,"column":24},"end":{"line":39,"column":33}},{"start":{"line":39,"column":37},"end":{"line":39,"column":58}}],"line":39},"3":{"loc":{"start":{"line":42,"column":15},"end":{"line":42,"column":45}},"type":"cond-expr","locations":[{"start":{"line":42,"column":29},"end":{"line":42,"column":37}},{"start":{"line":42,"column":40},"end":{"line":42,"column":45}}],"line":42}},"s":{"0":3,"1":50,"2":50,"3":50,"4":50,"5":50,"6":200,"7":2600,"8":50,"9":2600,"10":2600,"11":52,"12":52,"13":2647,"14":2647,"15":83,"16":83,"17":83,"18":203,"19":83,"20":58,"21":3,"22":3},"f":{"0":50,"1":50,"2":2600,"3":52,"4":83,"5":58,"6":3},"b":{"0":[2600,1800],"1":[54],"2":[286,204],"3":[55,28]},"_coverageSchema":"1a1c01bbd47fc00a2c39e90264f33305004495a9","hash":"5c649b782e13ecbe629b30ee191433206d3efaec"}
,"/Users/ottovretare/webbplattser/finns i sjon/server/game/GameEngine.js": {"path":"/Users/ottovretare/webbplattser/finns i sjon/server/game/GameEngine.js","statementMap":{"0":{"start":{"line":1,"column":17},"end":{"line":1,"column":38}},"1":{"start":{"line":2,"column":17},"end":{"line":2,"column":38}},"2":{"start":{"line":3,"column":42},"end":{"line":3,"column":60}},"3":{"start":{"line":10,"column":4},"end":{"line":10,"column":33}},"4":{"start":{"line":11,"column":15},"end":{"line":11,"column":32}},"5":{"start":{"line":12,"column":11},"end":{"line":12,"column":24}},"6":{"start":{"line":13,"column":13},"end":{"line":13,"column":28}},"7":{"start":{"line":17,"column":8},"end":{"line":17,"column":29}},"8":{"start":{"line":18,"column":8},"end":{"line":18,"column":33}},"9":{"start":{"line":19,"column":8},"end":{"line":19,"column":26}},"10":{"start":{"line":20,"column":8},"end":{"line":20,"column":28}},"11":{"start":{"line":21,"column":8},"end":{"line":21,"column":35}},"12":{"start":{"line":22,"column":8},"end":{"line":22,"column":41}},"13":{"start":{"line":23,"column":8},"end":{"line":23,"column":36}},"14":{"start":{"line":24,"column":8},"end":{"line":24,"column":23}},"15":{"start":{"line":25,"column":8},"end":{"line":25,"column":30}},"16":{"start":{"line":26,"column":8},"end":{"line":26,"column":26}},"17":{"start":{"line":27,"column":8},"end":{"line":27,"column":30}},"18":{"start":{"line":28,"column":8},"end":{"line":28,"column":33}},"19":{"start":{"line":29,"column":8},"end":{"line":29,"column":33}},"20":{"start":{"line":31,"column":8},"end":{"line":31,"column":30}},"21":{"start":{"line":32,"column":8},"end":{"line":32,"column":28}},"22":{"start":{"line":33,"column":8},"end":{"line":33,"column":28}},"23":{"start":{"line":34,"column":8},"end":{"line":34,"column":29}},"24":{"start":{"line":36,"column":8},"end":{"line":36,"column":34}},"25":{"start":{"line":37,"column":8},"end":{"line":37,"column":38}},"26":{"start":{"line":39,"column":8},"end":{"line":39,"column":29}},"27":{"start":{"line":40,"column":8},"end":{"line":40,"column":23}},"28":{"start":{"line":41,"column":8},"end":{"line":41,"column":31}},"29":{"start":{"line":43,"column":8},"end":{"line":52,"column":10}},"30":{"start":{"line":54,"column":8},"end":{"line":54,"column":32}},"31":{"start":{"line":55,"column":8},"end":{"line":55,"column":34}},"32":{"start":{"line":57,"column":8},"end":{"line":57,"column":79}},"33":{"start":{"line":62,"column":8},"end":{"line":64,"column":9}},"34":{"start":{"line":63,"column":12},"end":{"line":63,"column":19}},"35":{"start":{"line":66,"column":26},"end":{"line":66,"column":50}},"36":{"start":{"line":67,"column":24},"end":{"line":67,"column":93}},"37":{"start":{"line":69,"column":8},"end":{"line":73,"column":11}},"38":{"start":{"line":70,"column":12},"end":{"line":72,"column":13}},"39":{"start":{"line":71,"column":16},"end":{"line":71,"column":63}},"40":{"start":{"line":77,"column":8},"end":{"line":86,"column":10}},"41":{"start":{"line":87,"column":8},"end":{"line":89,"column":9}},"42":{"start":{"line":88,"column":12},"end":{"line":88,"column":64}},"43":{"start":{"line":90,"column":8},"end":{"line":92,"column":9}},"44":{"start":{"line":91,"column":12},"end":{"line":91,"column":72}},"45":{"start":{"line":94,"column":25},"end":{"line":94,"column":72}},"46":{"start":{"line":94,"column":48},"end":{"line":94,"column":71}},"47":{"start":{"line":95,"column":8},"end":{"line":97,"column":9}},"48":{"start":{"line":96,"column":12},"end":{"line":96,"column":73}},"49":{"start":{"line":99,"column":23},"end":{"line":119,"column":9}},"50":{"start":{"line":121,"column":8},"end":{"line":121,"column":34}},"51":{"start":{"line":122,"column":8},"end":{"line":122,"column":65}},"52":{"start":{"line":124,"column":8},"end":{"line":124,"column":41}},"53":{"start":{"line":128,"column":8},"end":{"line":135,"column":11}},"54":{"start":{"line":136,"column":8},"end":{"line":138,"column":9}},"55":{"start":{"line":137,"column":12},"end":{"line":137,"column":76}},"56":{"start":{"line":140,"column":29},"end":{"line":140,"column":72}},"57":{"start":{"line":141,"column":8},"end":{"line":143,"column":9}},"58":{"start":{"line":142,"column":12},"end":{"line":142,"column":69}},"59":{"start":{"line":144,"column":8},"end":{"line":146,"column":9}},"60":{"start":{"line":145,"column":12},"end":{"line":145,"column":72}},"61":{"start":{"line":148,"column":24},"end":{"line":153,"column":9}},"62":{"start":{"line":155,"column":22},"end":{"line":155,"column":58}},"63":{"start":{"line":156,"column":23},"end":{"line":156,"column":78}},"64":{"start":{"line":158,"column":19},"end":{"line":158,"column":51}},"65":{"start":{"line":159,"column":8},"end":{"line":159,"column":32}},"66":{"start":{"line":161,"column":25},"end":{"line":181,"column":9}},"67":{"start":{"line":183,"column":8},"end":{"line":183,"column":36}},"68":{"start":{"line":184,"column":8},"end":{"line":184,"column":82}},"69":{"start":{"line":186,"column":8},"end":{"line":186,"column":55}},"70":{"start":{"line":190,"column":21},"end":{"line":190,"column":76}},"71":{"start":{"line":191,"column":8},"end":{"line":191,"column":40}},"72":{"start":{"line":195,"column":22},"end":{"line":195,"column":74}},"73":{"start":{"line":195,"column":50},"end":{"line":195,"column":73}},"74":{"start":{"line":196,"column":8},"end":{"line":198,"column":9}},"75":{"start":{"line":197,"column":12},"end":{"line":197,"column":24}},"76":{"start":{"line":200,"column":23},"end":{"line":200,"column":42}},"77":{"start":{"line":202,"column":8},"end":{"line":218,"column":9}},"78":{"start":{"line":203,"column":12},"end":{"line":203,"column":37}},"79":{"start":{"line":204,"column":12},"end":{"line":204,"column":66}},"80":{"start":{"line":211,"column":12},"end":{"line":211,"column":50}},"81":{"start":{"line":215,"column":12},"end":{"line":215,"column":37}},"82":{"start":{"line":216,"column":12},"end":{"line":216,"column":66}},"83":{"start":{"line":217,"column":12},"end":{"line":217,"column":50}},"84":{"start":{"line":222,"column":22},"end":{"line":222,"column":74}},"85":{"start":{"line":222,"column":50},"end":{"line":222,"column":73}},"86":{"start":{"line":223,"column":8},"end":{"line":225,"column":9}},"87":{"start":{"line":224,"column":12},"end":{"line":224,"column":24}},"88":{"start":{"line":227,"column":23},"end":{"line":227,"column":42}},"89":{"start":{"line":229,"column":8},"end":{"line":229,"column":38}},"90":{"start":{"line":230,"column":24},"end":{"line":230,"column":80}},"91":{"start":{"line":230,"column":55},"end":{"line":230,"column":79}},"92":{"start":{"line":231,"column":8},"end":{"line":233,"column":9}},"93":{"start":{"line":232,"column":12},"end":{"line":232,"column":46}},"94":{"start":{"line":235,"column":8},"end":{"line":235,"column":63}},"95":{"start":{"line":236,"column":8},"end":{"line":236,"column":41}},"96":{"start":{"line":240,"column":23},"end":{"line":240,"column":70}},"97":{"start":{"line":240,"column":46},"end":{"line":240,"column":69}},"98":{"start":{"line":241,"column":8},"end":{"line":243,"column":9}},"99":{"start":{"line":242,"column":12},"end":{"line":242,"column":70}},"100":{"start":{"line":244,"column":8},"end":{"line":246,"column":9}},"101":{"start":{"line":245,"column":12},"end":{"line":245,"column":71}},"102":{"start":{"line":247,"column":8},"end":{"line":249,"column":9}},"103":{"start":{"line":248,"column":12},"end":{"line":248,"column":70}},"104":{"start":{"line":251,"column":8},"end":{"line":251,"column":34}},"105":{"start":{"line":252,"column":8},"end":{"line":252,"column":33}},"106":{"start":{"line":255,"column":8},"end":{"line":259,"column":9}},"107":{"start":{"line":256,"column":12},"end":{"line":256,"column":49}},"108":{"start":{"line":257,"column":12},"end":{"line":257,"column":32}},"109":{"start":{"line":258,"column":12},"end":{"line":258,"column":29}},"110":{"start":{"line":261,"column":8},"end":{"line":261,"column":61}},"111":{"start":{"line":262,"column":8},"end":{"line":262,"column":70}},"112":{"start":{"line":265,"column":32},"end":{"line":265,"column":72}},"113":{"start":{"line":265,"column":57},"end":{"line":265,"column":71}},"114":{"start":{"line":266,"column":8},"end":{"line":269,"column":9}},"115":{"start":{"line":267,"column":12},"end":{"line":267,"column":33}},"116":{"start":{"line":268,"column":12},"end":{"line":268,"column":61}},"117":{"start":{"line":272,"column":30},"end":{"line":272,"column":53}},"118":{"start":{"line":273,"column":8},"end":{"line":275,"column":9}},"119":{"start":{"line":274,"column":12},"end":{"line":274,"column":30}},"120":{"start":{"line":277,"column":8},"end":{"line":277,"column":58}},"121":{"start":{"line":281,"column":22},"end":{"line":281,"column":74}},"122":{"start":{"line":281,"column":50},"end":{"line":281,"column":73}},"123":{"start":{"line":282,"column":8},"end":{"line":284,"column":9}},"124":{"start":{"line":283,"column":12},"end":{"line":283,"column":25}},"125":{"start":{"line":286,"column":25},"end":{"line":286,"column":44}},"126":{"start":{"line":287,"column":8},"end":{"line":287,"column":38}},"127":{"start":{"line":289,"column":24},"end":{"line":289,"column":70}},"128":{"start":{"line":289,"column":55},"end":{"line":289,"column":69}},"129":{"start":{"line":290,"column":8},"end":{"line":292,"column":9}},"130":{"start":{"line":291,"column":12},"end":{"line":291,"column":46}},"131":{"start":{"line":294,"column":8},"end":{"line":294,"column":65}},"132":{"start":{"line":295,"column":8},"end":{"line":295,"column":20}},"133":{"start":{"line":300,"column":21},"end":{"line":300,"column":87}},"134":{"start":{"line":300,"column":44},"end":{"line":300,"column":86}},"135":{"start":{"line":303,"column":8},"end":{"line":305,"column":9}},"136":{"start":{"line":304,"column":12},"end":{"line":304,"column":97}},"137":{"start":{"line":304,"column":44},"end":{"line":304,"column":95}},"138":{"start":{"line":308,"column":8},"end":{"line":310,"column":9}},"139":{"start":{"line":309,"column":12},"end":{"line":309,"column":86}},"140":{"start":{"line":309,"column":44},"end":{"line":309,"column":84}},"141":{"start":{"line":312,"column":8},"end":{"line":314,"column":9}},"142":{"start":{"line":313,"column":12},"end":{"line":313,"column":24}},"143":{"start":{"line":316,"column":8},"end":{"line":316,"column":38}},"144":{"start":{"line":317,"column":8},"end":{"line":317,"column":32}},"145":{"start":{"line":318,"column":8},"end":{"line":321,"column":9}},"146":{"start":{"line":319,"column":12},"end":{"line":319,"column":40}},"147":{"start":{"line":320,"column":12},"end":{"line":320,"column":38}},"148":{"start":{"line":323,"column":8},"end":{"line":323,"column":59}},"149":{"start":{"line":324,"column":8},"end":{"line":324,"column":22}},"150":{"start":{"line":328,"column":23},"end":{"line":328,"column":70}},"151":{"start":{"line":328,"column":46},"end":{"line":328,"column":69}},"152":{"start":{"line":329,"column":8},"end":{"line":331,"column":9}},"153":{"start":{"line":330,"column":12},"end":{"line":330,"column":24}},"154":{"start":{"line":332,"column":8},"end":{"line":332,"column":37}},"155":{"start":{"line":333,"column":8},"end":{"line":333,"column":79}},"156":{"start":{"line":337,"column":8},"end":{"line":339,"column":92}},"157":{"start":{"line":338,"column":25},"end":{"line":338,"column":32}},"158":{"start":{"line":339,"column":23},"end":{"line":339,"column":89}},"159":{"start":{"line":343,"column":31},"end":{"line":343,"column":75}},"160":{"start":{"line":343,"column":56},"end":{"line":343,"column":67}},"161":{"start":{"line":344,"column":24},"end":{"line":344,"column":63}},"162":{"start":{"line":344,"column":49},"end":{"line":344,"column":55}},"163":{"start":{"line":346,"column":8},"end":{"line":346,"column":101}},"164":{"start":{"line":350,"column":8},"end":{"line":357,"column":9}},"165":{"start":{"line":351,"column":12},"end":{"line":355,"column":15}},"166":{"start":{"line":356,"column":12},"end":{"line":356,"column":25}},"167":{"start":{"line":359,"column":8},"end":{"line":359,"column":41}},"168":{"start":{"line":360,"column":8},"end":{"line":360,"column":35}},"169":{"start":{"line":361,"column":8},"end":{"line":361,"column":36}},"170":{"start":{"line":362,"column":8},"end":{"line":362,"column":28}},"171":{"start":{"line":363,"column":8},"end":{"line":363,"column":29}},"172":{"start":{"line":365,"column":27},"end":{"line":365,"column":67}},"173":{"start":{"line":365,"column":52},"end":{"line":365,"column":59}},"174":{"start":{"line":367,"column":12},"end":{"line":367,"column":106}},"175":{"start":{"line":369,"column":8},"end":{"line":399,"column":9}},"176":{"start":{"line":370,"column":12},"end":{"line":372,"column":13}},"177":{"start":{"line":371,"column":16},"end":{"line":371,"column":25}},"178":{"start":{"line":374,"column":12},"end":{"line":374,"column":57}},"179":{"start":{"line":375,"column":12},"end":{"line":375,"column":30}},"180":{"start":{"line":376,"column":12},"end":{"line":376,"column":41}},"181":{"start":{"line":377,"column":12},"end":{"line":377,"column":37}},"182":{"start":{"line":378,"column":12},"end":{"line":378,"column":38}},"183":{"start":{"line":379,"column":12},"end":{"line":379,"column":34}},"184":{"start":{"line":380,"column":12},"end":{"line":380,"column":32}},"185":{"start":{"line":381,"column":12},"end":{"line":381,"column":37}},"186":{"start":{"line":382,"column":12},"end":{"line":382,"column":36}},"187":{"start":{"line":383,"column":12},"end":{"line":383,"column":33}},"188":{"start":{"line":384,"column":12},"end":{"line":384,"column":37}},"189":{"start":{"line":386,"column":12},"end":{"line":386,"column":44}},"190":{"start":{"line":387,"column":12},"end":{"line":387,"column":35}},"191":{"start":{"line":389,"column":12},"end":{"line":398,"column":13}},"192":{"start":{"line":390,"column":27},"end":{"line":390,"column":71}},"193":{"start":{"line":390,"column":52},"end":{"line":390,"column":70}},"194":{"start":{"line":391,"column":16},"end":{"line":397,"column":17}},"195":{"start":{"line":392,"column":20},"end":{"line":392,"column":47}},"196":{"start":{"line":393,"column":20},"end":{"line":393,"column":49}},"197":{"start":{"line":394,"column":20},"end":{"line":394,"column":37}},"198":{"start":{"line":395,"column":20},"end":{"line":395,"column":47}},"199":{"start":{"line":396,"column":20},"end":{"line":396,"column":49}},"200":{"start":{"line":401,"column":8},"end":{"line":401,"column":41}},"201":{"start":{"line":402,"column":8},"end":{"line":402,"column":36}},"202":{"start":{"line":404,"column":8},"end":{"line":412,"column":11}},"203":{"start":{"line":405,"column":44},"end":{"line":410,"column":13}},"204":{"start":{"line":413,"column":8},"end":{"line":413,"column":67}},"205":{"start":{"line":415,"column":8},"end":{"line":415,"column":43}},"206":{"start":{"line":416,"column":8},"end":{"line":416,"column":30}},"207":{"start":{"line":418,"column":8},"end":{"line":418,"column":20}},"208":{"start":{"line":422,"column":8},"end":{"line":424,"column":9}},"209":{"start":{"line":423,"column":12},"end":{"line":423,"column":19}},"210":{"start":{"line":426,"column":8},"end":{"line":426,"column":40}},"211":{"start":{"line":428,"column":8},"end":{"line":430,"column":9}},"212":{"start":{"line":429,"column":12},"end":{"line":429,"column":50}},"213":{"start":{"line":432,"column":8},"end":{"line":439,"column":17}},"214":{"start":{"line":433,"column":28},"end":{"line":433,"column":59}},"215":{"start":{"line":434,"column":30},"end":{"line":434,"column":69}},"216":{"start":{"line":436,"column":12},"end":{"line":438,"column":13}},"217":{"start":{"line":437,"column":16},"end":{"line":437,"column":41}},"218":{"start":{"line":443,"column":8},"end":{"line":446,"column":9}},"219":{"start":{"line":444,"column":12},"end":{"line":444,"column":50}},"220":{"start":{"line":445,"column":12},"end":{"line":445,"column":42}},"221":{"start":{"line":450,"column":8},"end":{"line":450,"column":41}},"222":{"start":{"line":451,"column":8},"end":{"line":451,"column":35}},"223":{"start":{"line":452,"column":8},"end":{"line":452,"column":36}},"224":{"start":{"line":453,"column":8},"end":{"line":453,"column":23}},"225":{"start":{"line":454,"column":8},"end":{"line":454,"column":26}},"226":{"start":{"line":455,"column":8},"end":{"line":455,"column":30}},"227":{"start":{"line":456,"column":8},"end":{"line":456,"column":34}},"228":{"start":{"line":457,"column":8},"end":{"line":457,"column":28}},"229":{"start":{"line":458,"column":8},"end":{"line":458,"column":29}},"230":{"start":{"line":459,"column":8},"end":{"line":459,"column":30}},"231":{"start":{"line":460,"column":8},"end":{"line":460,"column":28}},"232":{"start":{"line":461,"column":8},"end":{"line":461,"column":29}},"233":{"start":{"line":464,"column":8},"end":{"line":494,"column":9}},"234":{"start":{"line":465,"column":12},"end":{"line":465,"column":29}},"235":{"start":{"line":466,"column":12},"end":{"line":466,"column":30}},"236":{"start":{"line":467,"column":12},"end":{"line":467,"column":41}},"237":{"start":{"line":468,"column":12},"end":{"line":468,"column":37}},"238":{"start":{"line":469,"column":12},"end":{"line":469,"column":38}},"239":{"start":{"line":470,"column":12},"end":{"line":470,"column":34}},"240":{"start":{"line":471,"column":12},"end":{"line":471,"column":32}},"241":{"start":{"line":472,"column":12},"end":{"line":472,"column":37}},"242":{"start":{"line":473,"column":12},"end":{"line":473,"column":36}},"243":{"start":{"line":474,"column":12},"end":{"line":474,"column":39}},"244":{"start":{"line":477,"column":12},"end":{"line":493,"column":13}},"245":{"start":{"line":478,"column":27},"end":{"line":478,"column":71}},"246":{"start":{"line":478,"column":52},"end":{"line":478,"column":70}},"247":{"start":{"line":479,"column":16},"end":{"line":492,"column":17}},"248":{"start":{"line":480,"column":20},"end":{"line":480,"column":33}},"249":{"start":{"line":481,"column":20},"end":{"line":481,"column":34}},"250":{"start":{"line":482,"column":20},"end":{"line":482,"column":39}},"251":{"start":{"line":484,"column":20},"end":{"line":491,"column":22}},"252":{"start":{"line":496,"column":8},"end":{"line":496,"column":65}},"253":{"start":{"line":500,"column":8},"end":{"line":500,"column":21}},"254":{"start":{"line":504,"column":8},"end":{"line":506,"column":9}},"255":{"start":{"line":505,"column":12},"end":{"line":505,"column":19}},"256":{"start":{"line":507,"column":8},"end":{"line":511,"column":11}},"257":{"start":{"line":508,"column":12},"end":{"line":510,"column":13}},"258":{"start":{"line":509,"column":16},"end":{"line":509,"column":108}},"259":{"start":{"line":512,"column":8},"end":{"line":514,"column":11}},"260":{"start":{"line":513,"column":12},"end":{"line":513,"column":96}},"261":{"start":{"line":517,"column":25},"end":{"line":517,"column":44}},"262":{"start":{"line":518,"column":8},"end":{"line":520,"column":9}},"263":{"start":{"line":519,"column":12},"end":{"line":519,"column":41}},"264":{"start":{"line":524,"column":8},"end":{"line":524,"column":29}},"265":{"start":{"line":527,"column":8},"end":{"line":559,"column":9}},"266":{"start":{"line":528,"column":12},"end":{"line":528,"column":102}},"267":{"start":{"line":529,"column":27},"end":{"line":529,"column":89}},"268":{"start":{"line":531,"column":12},"end":{"line":536,"column":13}},"269":{"start":{"line":532,"column":16},"end":{"line":534,"column":17}},"270":{"start":{"line":533,"column":20},"end":{"line":533,"column":37}},"271":{"start":{"line":535,"column":16},"end":{"line":535,"column":23}},"272":{"start":{"line":538,"column":12},"end":{"line":545,"column":15}},"273":{"start":{"line":539,"column":16},"end":{"line":544,"column":17}},"274":{"start":{"line":540,"column":20},"end":{"line":543,"column":23}},"275":{"start":{"line":546,"column":12},"end":{"line":551,"column":15}},"276":{"start":{"line":547,"column":16},"end":{"line":550,"column":19}},"277":{"start":{"line":554,"column":31},"end":{"line":554,"column":54}},"278":{"start":{"line":555,"column":12},"end":{"line":557,"column":13}},"279":{"start":{"line":556,"column":16},"end":{"line":556,"column":65}},"280":{"start":{"line":556,"column":33},"end":{"line":556,"column":57}},"281":{"start":{"line":558,"column":12},"end":{"line":558,"column":19}},"282":{"start":{"line":561,"column":30},"end":{"line":561,"column":53}},"283":{"start":{"line":562,"column":8},"end":{"line":564,"column":9}},"284":{"start":{"line":563,"column":12},"end":{"line":563,"column":19}},"285":{"start":{"line":566,"column":8},"end":{"line":566,"column":72}},"286":{"start":{"line":568,"column":8},"end":{"line":578,"column":9}},"287":{"start":{"line":569,"column":26},"end":{"line":569,"column":43}},"288":{"start":{"line":570,"column":12},"end":{"line":577,"column":13}},"289":{"start":{"line":571,"column":16},"end":{"line":571,"column":47}},"290":{"start":{"line":572,"column":16},"end":{"line":572,"column":89}},"291":{"start":{"line":575,"column":16},"end":{"line":575,"column":55}},"292":{"start":{"line":576,"column":16},"end":{"line":576,"column":39}},"293":{"start":{"line":580,"column":8},"end":{"line":580,"column":26}},"294":{"start":{"line":582,"column":25},"end":{"line":582,"column":45}},"295":{"start":{"line":583,"column":8},"end":{"line":588,"column":9}},"296":{"start":{"line":584,"column":12},"end":{"line":586,"column":13}},"297":{"start":{"line":585,"column":16},"end":{"line":585,"column":33}},"298":{"start":{"line":587,"column":12},"end":{"line":587,"column":19}},"299":{"start":{"line":590,"column":8},"end":{"line":590,"column":34}},"300":{"start":{"line":593,"column":27},"end":{"line":593,"column":50}},"301":{"start":{"line":594,"column":8},"end":{"line":596,"column":9}},"302":{"start":{"line":595,"column":12},"end":{"line":595,"column":61}},"303":{"start":{"line":595,"column":29},"end":{"line":595,"column":53}},"304":{"start":{"line":600,"column":8},"end":{"line":602,"column":9}},"305":{"start":{"line":601,"column":12},"end":{"line":601,"column":24}},"306":{"start":{"line":604,"column":23},"end":{"line":604,"column":24}},"307":{"start":{"line":605,"column":8},"end":{"line":612,"column":9}},"308":{"start":{"line":606,"column":27},"end":{"line":606,"column":64}},"309":{"start":{"line":607,"column":12},"end":{"line":609,"column":13}},"310":{"start":{"line":608,"column":16},"end":{"line":608,"column":30}},"311":{"start":{"line":610,"column":12},"end":{"line":610,"column":90}},"312":{"start":{"line":611,"column":12},"end":{"line":611,"column":23}},"313":{"start":{"line":613,"column":8},"end":{"line":613,"column":20}},"314":{"start":{"line":617,"column":22},"end":{"line":617,"column":74}},"315":{"start":{"line":617,"column":45},"end":{"line":617,"column":73}},"316":{"start":{"line":618,"column":23},"end":{"line":618,"column":91}},"317":{"start":{"line":618,"column":46},"end":{"line":618,"column":90}},"318":{"start":{"line":620,"column":8},"end":{"line":622,"column":9}},"319":{"start":{"line":621,"column":12},"end":{"line":621,"column":68}},"320":{"start":{"line":623,"column":8},"end":{"line":625,"column":9}},"321":{"start":{"line":624,"column":12},"end":{"line":624,"column":61}},"322":{"start":{"line":626,"column":8},"end":{"line":628,"column":9}},"323":{"start":{"line":627,"column":12},"end":{"line":627,"column":76}},"324":{"start":{"line":629,"column":8},"end":{"line":631,"column":9}},"325":{"start":{"line":629,"column":34},"end":{"line":629,"column":49}},"326":{"start":{"line":630,"column":12},"end":{"line":630,"column":91}},"327":{"start":{"line":632,"column":8},"end":{"line":634,"column":9}},"328":{"start":{"line":633,"column":12},"end":{"line":633,"column":78}},"329":{"start":{"line":636,"column":8},"end":{"line":636,"column":29}},"330":{"start":{"line":637,"column":8},"end":{"line":637,"column":26}},"331":{"start":{"line":639,"column":30},"end":{"line":639,"column":70}},"332":{"start":{"line":639,"column":54},"end":{"line":639,"column":69}},"333":{"start":{"line":641,"column":8},"end":{"line":650,"column":11}},"334":{"start":{"line":652,"column":8},"end":{"line":652,"column":37}},"335":{"start":{"line":653,"column":8},"end":{"line":653,"column":88}},"336":{"start":{"line":655,"column":8},"end":{"line":684,"column":9}},"337":{"start":{"line":656,"column":43},"end":{"line":656,"column":102}},"338":{"start":{"line":658,"column":12},"end":{"line":667,"column":15}},"339":{"start":{"line":669,"column":12},"end":{"line":671,"column":13}},"340":{"start":{"line":670,"column":16},"end":{"line":670,"column":38}},"341":{"start":{"line":673,"column":12},"end":{"line":683,"column":14}},"342":{"start":{"line":686,"column":93},"end":{"line":686,"column":134}},"343":{"start":{"line":687,"column":30},"end":{"line":687,"column":106}},"344":{"start":{"line":687,"column":53},"end":{"line":687,"column":105}},"345":{"start":{"line":689,"column":8},"end":{"line":699,"column":11}},"346":{"start":{"line":701,"column":8},"end":{"line":714,"column":10}},"347":{"start":{"line":718,"column":22},"end":{"line":718,"column":74}},"348":{"start":{"line":718,"column":45},"end":{"line":718,"column":73}},"349":{"start":{"line":719,"column":23},"end":{"line":719,"column":91}},"350":{"start":{"line":719,"column":46},"end":{"line":719,"column":90}},"351":{"start":{"line":721,"column":8},"end":{"line":723,"column":9}},"352":{"start":{"line":722,"column":12},"end":{"line":722,"column":68}},"353":{"start":{"line":724,"column":8},"end":{"line":726,"column":9}},"354":{"start":{"line":725,"column":12},"end":{"line":725,"column":61}},"355":{"start":{"line":727,"column":8},"end":{"line":729,"column":9}},"356":{"start":{"line":728,"column":12},"end":{"line":728,"c
[...]
{"line":3,"column":8},"end":{"line":3,"column":31}},"1":{"start":{"line":7,"column":8},"end":{"line":7,"column":65}},"2":{"start":{"line":11,"column":27},"end":{"line":11,"column":29}},"3":{"start":{"line":12,"column":18},"end":{"line":12,"column":32}},"4":{"start":{"line":14,"column":8},"end":{"line":50,"column":9}},"5":{"start":{"line":14,"column":21},"end":{"line":14,"column":22}},"6":{"start":{"line":15,"column":31},"end":{"line":15,"column":32}},"7":{"start":{"line":16,"column":28},"end":{"line":16,"column":38}},"8":{"start":{"line":18,"column":12},"end":{"line":36,"column":13}},"9":{"start":{"line":18,"column":25},"end":{"line":18,"column":26}},"10":{"start":{"line":19,"column":16},"end":{"line":21,"column":17}},"11":{"start":{"line":20,"column":20},"end":{"line":20,"column":29}},"12":{"start":{"line":22,"column":32},"end":{"line":22,"column":42}},"13":{"start":{"line":24,"column":34},"end":{"line":24,"column":93}},"14":{"start":{"line":27,"column":16},"end":{"line":33,"column":17}},"15":{"start":{"line":28,"column":20},"end":{"line":28,"column":36}},"16":{"start":{"line":29,"column":23},"end":{"line":33,"column":17}},"17":{"start":{"line":30,"column":20},"end":{"line":30,"column":36}},"18":{"start":{"line":32,"column":20},"end":{"line":32,"column":38}},"19":{"start":{"line":35,"column":16},"end":{"line":35,"column":73}},"20":{"start":{"line":38,"column":12},"end":{"line":38,"column":50}},"21":{"start":{"line":40,"column":12},"end":{"line":42,"column":13}},"22":{"start":{"line":41,"column":16},"end":{"line":41,"column":58}},"23":{"start":{"line":44,"column":12},"end":{"line":49,"column":15}},"24":{"start":{"line":52,"column":8},"end":{"line":52,"column":26}},"25":{"start":{"line":56,"column":31},"end":{"line":56,"column":85}},"26":{"start":{"line":57,"column":30},"end":{"line":57,"column":84}},"27":{"start":{"line":59,"column":29},"end":{"line":59,"column":43}},"28":{"start":{"line":60,"column":28},"end":{"line":60,"column":42}},"29":{"start":{"line":62,"column":29},"end":{"line":62,"column":87}},"30":{"start":{"line":63,"column":28},"end":{"line":63,"column":84}},"31":{"start":{"line":65,"column":8},"end":{"line":70,"column":10}},"32":{"start":{"line":74,"column":0},"end":{"line":74,"column":33}}},"fnMap":{"0":{"name":"(anonymous_0)","decl":{"start":{"line":2,"column":4},"end":{"line":2,"column":5}},"loc":{"start":{"line":2,"column":30},"end":{"line":4,"column":5}},"line":2},"1":{"name":"(anonymous_1)","decl":{"start":{"line":6,"column":4},"end":{"line":6,"column":5}},"loc":{"start":{"line":6,"column":45},"end":{"line":8,"column":5}},"line":6},"2":{"name":"(anonymous_2)","decl":{"start":{"line":10,"column":4},"end":{"line":10,"column":5}},"loc":{"start":{"line":10,"column":44},"end":{"line":53,"column":5}},"line":10},"3":{"name":"(anonymous_3)","decl":{"start":{"line":55,"column":4},"end":{"line":55,"column":5}},"loc":{"start":{"line":55,"column":58},"end":{"line":71,"column":5}},"line":55}},"branchMap":{"0":{"loc":{"start":{"line":2,"column":16},"end":{"line":2,"column":28}},"type":"default-arg","locations":[{"start":{"line":2,"column":26},"end":{"line":2,"column":28}}],"line":2},"1":{"loc":{"start":{"line":19,"column":16},"end":{"line":21,"column":17}},"type":"if","locations":[{"start":{"line":19,"column":16},"end":{"line":21,"column":17}},{"start":{},"end":{}}],"line":19},"2":{"loc":{"start":{"line":27,"column":16},"end":{"line":33,"column":17}},"type":"if","locations":[{"start":{"line":27,"column":16},"end":{"line":33,"column":17}},{"start":{"line":29,"column":23},"end":{"line":33,"column":17}}],"line":27},"3":{"loc":{"start":{"line":29,"column":23},"end":{"line":33,"column":17}},"type":"if","locations":[{"start":{"line":29,"column":23},"end":{"line":33,"column":17}},{"start":{"line":31,"column":23},"end":{"line":33,"column":17}}],"line":29},"4":{"loc":{"start":{"line":40,"column":12},"end":{"line":42,"column":13}},"type":"if","locations":[{"start":{"line":40,"column":12},"end":{"line":42,"column":13}},{"start":{},"end":{}}],"line":40},"5":{"loc":{"start":{"line":41,"column":31},"end":{"line":41,"column":57}},"type":"cond-expr","locations":[{"start":{"line":41,"column":51},"end":{"line":41,"column":52}},{"start":{"line":41,"column":55},"end":{"line":41,"column":57}}],"line":41},"6":{"loc":{"start":{"line":55,"column":44},"end":{"line":55,"column":56}},"type":"default-arg","locations":[{"start":{"line":55,"column":51},"end":{"line":55,"column":56}}],"line":55},"7":{"loc":{"start":{"line":59,"column":29},"end":{"line":59,"column":43}},"type":"cond-expr","locations":[{"start":{"line":59,"column":36},"end":{"line":59,"column":39}},{"start":{"line":59,"column":42},"end":{"line":59,"column":43}}],"line":59},"8":{"loc":{"start":{"line":60,"column":28},"end":{"line":60,"column":42}},"type":"cond-expr","locations":[{"start":{"line":60,"column":35},"end":{"line":60,"column":38}},{"start":{"line":60,"column":41},"end":{"line":60,"column":42}}],"line":60}},"s":{"0":1,"1":12,"2":4,"3":4,"4":4,"5":4,"6":9,"7":9,"8":9,"9":9,"10":21,"11":9,"12":12,"13":12,"14":12,"15":6,"16":6,"17":6,"18":0,"19":12,"20":9,"21":9,"22":1,"23":9,"24":4,"25":0,"26":0,"27":0,"28":0,"29":0,"30":0,"31":0,"32":1},"f":{"0":1,"1":12,"2":4,"3":0},"b":{"0":[1],"1":[9,12],"2":[6,6],"3":[6,0],"4":[1,8],"5":[1,0],"6":[0],"7":[0,0],"8":[0,0]},"_coverageSchema":"1a1c01bbd47fc00a2c39e90264f33305004495a9","hash":"2b8ac41c8c2e64305c6ab84501153e326140c1ec"}
,"/Users/ottovretare/webbplattser/finns i sjon/server/utils/logger.js": {"path":"/Users/ottovretare/webbplattser/finns i sjon/server/utils/logger.js","statementMap":{"0":{"start":{"line":6,"column":21},"end":{"line":6,"column":58}},"1":{"start":{"line":10,"column":8},"end":{"line":10,"column":40}},"2":{"start":{"line":14,"column":22},"end":{"line":20,"column":9}},"3":{"start":{"line":22,"column":8},"end":{"line":37,"column":9}},"4":{"start":{"line":23,"column":12},"end":{"line":23,"column":47}},"5":{"start":{"line":26,"column":16},"end":{"line":31,"column":30}},"6":{"start":{"line":32,"column":26},"end":{"line":32,"column":35}},"7":{"start":{"line":33,"column":28},"end":{"line":33,"column":80}},"8":{"start":{"line":34,"column":12},"end":{"line":36,"column":14}},"9":{"start":{"line":41,"column":8},"end":{"line":41,"column":42}},"10":{"start":{"line":44,"column":8},"end":{"line":44,"column":41}},"11":{"start":{"line":47,"column":8},"end":{"line":47,"column":41}},"12":{"start":{"line":50,"column":8},"end":{"line":50,"column":42}},"13":{"start":{"line":55,"column":4},"end":{"line":55,"column":31}},"14":{"start":{"line":58,"column":0},"end":{"line":58,"column":42}}},"fnMap":{"0":{"name":"(anonymous_0)","decl":{"start":{"line":9,"column":4},"end":{"line":9,"column":5}},"loc":{"start":{"line":9,"column":25},"end":{"line":11,"column":5}},"line":9},"1":{"name":"(anonymous_1)","decl":{"start":{"line":13,"column":4},"end":{"line":13,"column":5}},"loc":{"start":{"line":13,"column":36},"end":{"line":38,"column":5}},"line":13},"2":{"name":"(anonymous_2)","decl":{"start":{"line":40,"column":4},"end":{"line":40,"column":5}},"loc":{"start":{"line":40,"column":25},"end":{"line":42,"column":5}},"line":40},"3":{"name":"(anonymous_3)","decl":{"start":{"line":43,"column":4},"end":{"line":43,"column":5}},"loc":{"start":{"line":43,"column":24},"end":{"line":45,"column":5}},"line":43},"4":{"name":"(anonymous_4)","decl":{"start":{"line":46,"column":4},"end":{"line":46,"column":5}},"loc":{"start":{"line":46,"column":24},"end":{"line":48,"column":5}},"line":46},"5":{"name":"(anonymous_5)","decl":{"start":{"line":49,"column":4},"end":{"line":49,"column":5}},"loc":{"start":{"line":49,"column":25},"end":{"line":51,"column":5}},"line":49},"6":{"name":"createLogger","decl":{"start":{"line":54,"column":9},"end":{"line":54,"column":21}},"loc":{"start":{"line":54,"column":31},"end":{"line":56,"column":1}},"line":54}},"branchMap":{"0":{"loc":{"start":{"line":10,"column":23},"end":{"line":10,"column":39}},"type":"binary-expr","locations":[{"start":{"line":10,"column":23},"end":{"line":10,"column":30}},{"start":{"line":10,"column":34},"end":{"line":10,"column":39}}],"line":10},"1":{"loc":{"start":{"line":13,"column":25},"end":{"line":13,"column":34}},"type":"default-arg","locations":[{"start":{"line":13,"column":32},"end":{"line":13,"column":34}}],"line":13},"2":{"loc":{"start":{"line":22,"column":8},"end":{"line":37,"column":9}},"type":"if","locations":[{"start":{"line":22,"column":8},"end":{"line":37,"column":9}},{"start":{"line":24,"column":15},"end":{"line":37,"column":9}}],"line":22},"3":{"loc":{"start":{"line":26,"column":16},"end":{"line":31,"column":30}},"type":"binary-expr","locations":[{"start":{"line":26,"column":16},"end":{"line":31,"column":24}},{"start":{"line":31,"column":28},"end":{"line":31,"column":30}}],"line":26},"4":{"loc":{"start":{"line":33,"column":28},"end":{"line":33,"column":80}},"type":"cond-expr","locations":[{"start":{"line":33,"column":55},"end":{"line":33,"column":75}},{"start":{"line":33,"column":78},"end":{"line":33,"column":80}}],"line":33},"5":{"loc":{"start":{"line":35,"column":101},"end":{"line":35,"column":129}},"type":"cond-expr","locations":[{"start":{"line":35,"column":111},"end":{"line":35,"column":124}},{"start":{"line":35,"column":127},"end":{"line":35,"column":129}}],"line":35}},"s":{"0":0,"1":0,"2":0,"3":0,"4":0,"5":0,"6":0,"7":0,"8":0,"9":0,"10":0,"11":0,"12":0,"13":0,"14":0},"f":{"0":0,"1":0,"2":0,"3":0,"4":0,"5":0,"6":0},"b":{"0":[0,0],"1":[0],"2":[0,0],"3":[0,0],"4":[0,0],"5":[0,0]}}
,"/Users/ottovretare/webbplattser/finns i sjon/server/utils/sanitize.js": {"path":"/Users/ottovretare/webbplattser/finns i sjon/server/utils/sanitize.js","statementMap":{"0":{"start":{"line":6,"column":18},"end":{"line":13,"column":1}},"1":{"start":{"line":16,"column":4},"end":{"line":18,"column":5}},"2":{"start":{"line":17,"column":8},"end":{"line":17,"column":18}},"3":{"start":{"line":19,"column":4},"end":{"line":19,"column":72}},"4":{"start":{"line":19,"column":58},"end":{"line":19,"column":70}},"5":{"start":{"line":22,"column":0},"end":{"line":22,"column":32}}},"fnMap":{"0":{"name":"escapeHtml","decl":{"start":{"line":15,"column":9},"end":{"line":15,"column":19}},"loc":{"start":{"line":15,"column":25},"end":{"line":20,"column":1}},"line":15},"1":{"name":"(anonymous_1)","decl":{"start":{"line":19,"column":53},"end":{"line":19,"column":54}},"loc":{"start":{"line":19,"column":58},"end":{"line":19,"column":70}},"line":19}},"branchMap":{"0":{"loc":{"start":{"line":16,"column":4},"end":{"line":18,"column":5}},"type":"if","locations":[{"start":{"line":16,"column":4},"end":{"line":18,"column":5}},{"start":{},"end":{}}],"line":16}},"s":{"0":0,"1":0,"2":0,"3":0,"4":0,"5":0},"f":{"0":0,"1":0},"b":{"0":[0,0]}}
,"/Users/ottovretare/webbplattser/finns i sjon/server/webrtc/signaling.js": {"path":"/Users/ottovretare/webbplattser/finns i sjon/server/webrtc/signaling.js","statementMap":{"0":{"start":{"line":8,"column":8},"end":{"line":8,"column":21}},"1":{"start":{"line":9,"column":8},"end":{"line":9,"column":39}},"2":{"start":{"line":10,"column":8},"end":{"line":10,"column":37}},"3":{"start":{"line":11,"column":8},"end":{"line":11,"column":41}},"4":{"start":{"line":13,"column":8},"end":{"line":13,"column":35}},"5":{"start":{"line":17,"column":8},"end":{"line":87,"column":11}},"6":{"start":{"line":20,"column":12},"end":{"line":51,"column":15}},"7":{"start":{"line":21,"column":16},"end":{"line":21,"column":72}},"8":{"start":{"line":22,"column":29},"end":{"line":22,"column":72}},"9":{"start":{"line":23,"column":16},"end":{"line":26,"column":17}},"10":{"start":{"line":24,"column":20},"end":{"line":24,"column":81}},"11":{"start":{"line":25,"column":20},"end":{"line":25,"column":27}},"12":{"start":{"line":28,"column":31},"end":{"line":28,"column":47}},"13":{"start":{"line":29,"column":16},"end":{"line":29,"column":65}},"14":{"start":{"line":31,"column":16},"end":{"line":33,"column":17}},"15":{"start":{"line":32,"column":20},"end":{"line":32,"column":60}},"16":{"start":{"line":35,"column":34},"end":{"line":35,"column":62}},"17":{"start":{"line":36,"column":16},"end":{"line":36,"column":41}},"18":{"start":{"line":39,"column":35},"end":{"line":39,"column":87}},"19":{"start":{"line":39,"column":70},"end":{"line":39,"column":86}},"20":{"start":{"line":40,"column":16},"end":{"line":42,"column":18}},"21":{"start":{"line":43,"column":16},"end":{"line":46,"column":19}},"22":{"start":{"line":49,"column":16},"end":{"line":49,"column":71}},"23":{"start":{"line":50,"column":16},"end":{"line":50,"column":110}},"24":{"start":{"line":53,"column":12},"end":{"line":55,"column":15}},"25":{"start":{"line":54,"column":16},"end":{"line":54,"column":50}},"26":{"start":{"line":58,"column":12},"end":{"line":65,"column":15}},"27":{"start":{"line":59,"column":48},"end":{"line":59,"column":52}},"28":{"start":{"line":60,"column":16},"end":{"line":60,"column":95}},"29":{"start":{"line":61,"column":16},"end":{"line":64,"column":19}},"30":{"start":{"line":67,"column":12},"end":{"line":74,"column":15}},"31":{"start":{"line":68,"column":49},"end":{"line":68,"column":53}},"32":{"start":{"line":69,"column":16},"end":{"line":69,"column":96}},"33":{"start":{"line":70,"column":16},"end":{"line":73,"column":19}},"34":{"start":{"line":76,"column":12},"end":{"line":82,"column":15}},"35":{"start":{"line":77,"column":52},"end":{"line":77,"column":56}},"36":{"start":{"line":78,"column":16},"end":{"line":81,"column":19}},"37":{"start":{"line":84,"column":12},"end":{"line":86,"column":15}},"38":{"start":{"line":85,"column":16},"end":{"line":85,"column":50}},"39":{"start":{"line":91,"column":21},"end":{"line":91,"column":64}},"40":{"start":{"line":92,"column":8},"end":{"line":94,"column":9}},"41":{"start":{"line":93,"column":12},"end":{"line":93,"column":19}},"42":{"start":{"line":96,"column":23},"end":{"line":96,"column":39}},"43":{"start":{"line":97,"column":26},"end":{"line":97,"column":54}},"44":{"start":{"line":99,"column":8},"end":{"line":110,"column":9}},"45":{"start":{"line":100,"column":12},"end":{"line":100,"column":40}},"46":{"start":{"line":103,"column":12},"end":{"line":105,"column":15}},"47":{"start":{"line":107,"column":12},"end":{"line":109,"column":13}},"48":{"start":{"line":108,"column":16},"end":{"line":108,"column":48}},"49":{"start":{"line":113,"column":19},"end":{"line":113,"column":54}},"50":{"start":{"line":114,"column":8},"end":{"line":117,"column":9}},"51":{"start":{"line":115,"column":12},"end":{"line":115,"column":23}},"52":{"start":{"line":116,"column":12},"end":{"line":116,"column":51}},"53":{"start":{"line":119,"column":8},"end":{"line":119,"column":58}},"54":{"start":{"line":124,"column":27},"end":{"line":124,"column":112}},"55":{"start":{"line":127,"column":8},"end":{"line":139,"column":9}},"56":{"start":{"line":128,"column":12},"end":{"line":132,"column":15}},"57":{"start":{"line":135,"column":12},"end":{"line":138,"column":14}},"58":{"start":{"line":141,"column":8},"end":{"line":141,"column":30}},"59":{"start":{"line":145,"column":0},"end":{"line":145,"column":33}}},"fnMap":{"0":{"name":"(anonymous_0)","decl":{"start":{"line":7,"column":4},"end":{"line":7,"column":5}},"loc":{"start":{"line":7,"column":33},"end":{"line":14,"column":5}},"line":7},"1":{"name":"(anonymous_1)","decl":{"start":{"line":16,"column":4},"end":{"line":16,"column":5}},"loc":{"start":{"line":16,"column":26},"end":{"line":88,"column":5}},"line":16},"2":{"name":"(anonymous_2)","decl":{"start":{"line":17,"column":33},"end":{"line":17,"column":34}},"loc":{"start":{"line":17,"column":43},"end":{"line":87,"column":9}},"line":17},"3":{"name":"(anonymous_3)","decl":{"start":{"line":20,"column":36},"end":{"line":20,"column":37}},"loc":{"start":{"line":20,"column":42},"end":{"line":51,"column":13}},"line":20},"4":{"name":"(anonymous_4)","decl":{"start":{"line":39,"column":64},"end":{"line":39,"column":65}},"loc":{"start":{"line":39,"column":70},"end":{"line":39,"column":86}},"line":39},"5":{"name":"(anonymous_5)","decl":{"start":{"line":53,"column":37},"end":{"line":53,"column":38}},"loc":{"start":{"line":53,"column":43},"end":{"line":55,"column":13}},"line":53},"6":{"name":"(anonymous_6)","decl":{"start":{"line":58,"column":38},"end":{"line":58,"column":39}},"loc":{"start":{"line":58,"column":52},"end":{"line":65,"column":13}},"line":58},"7":{"name":"(anonymous_7)","decl":{"start":{"line":67,"column":39},"end":{"line":67,"column":40}},"loc":{"start":{"line":67,"column":47},"end":{"line":74,"column":13}},"line":67},"8":{"name":"(anonymous_8)","decl":{"start":{"line":76,"column":46},"end":{"line":76,"column":47}},"loc":{"start":{"line":76,"column":54},"end":{"line":82,"column":13}},"line":76},"9":{"name":"(anonymous_9)","decl":{"start":{"line":84,"column":36},"end":{"line":84,"column":37}},"loc":{"start":{"line":84,"column":42},"end":{"line":86,"column":13}},"line":84},"10":{"name":"(anonymous_10)","decl":{"start":{"line":90,"column":4},"end":{"line":90,"column":5}},"loc":{"start":{"line":90,"column":33},"end":{"line":120,"column":5}},"line":90},"11":{"name":"(anonymous_11)","decl":{"start":{"line":123,"column":4},"end":{"line":123,"column":5}},"loc":{"start":{"line":123,"column":20},"end":{"line":142,"column":5}},"line":123}},"branchMap":{"0":{"loc":{"start":{"line":23,"column":16},"end":{"line":26,"column":17}},"type":"if","locations":[{"start":{"line":23,"column":16},"end":{"line":26,"column":17}},{"start":{},"end":{}}],"line":23},"1":{"loc":{"start":{"line":31,"column":16},"end":{"line":33,"column":17}},"type":"if","locations":[{"start":{"line":31,"column":16},"end":{"line":33,"column":17}},{"start":{},"end":{}}],"line":31},"2":{"loc":{"start":{"line":45,"column":30},"end":{"line":45,"column":64}},"type":"binary-expr","locations":[{"start":{"line":45,"column":30},"end":{"line":45,"column":54}},{"start":{"line":45,"column":58},"end":{"line":45,"column":64}}],"line":45},"3":{"loc":{"start":{"line":92,"column":8},"end":{"line":94,"column":9}},"type":"if","locations":[{"start":{"line":92,"column":8},"end":{"line":94,"column":9}},{"start":{},"end":{}}],"line":92},"4":{"loc":{"start":{"line":99,"column":8},"end":{"line":110,"column":9}},"type":"if","locations":[{"start":{"line":99,"column":8},"end":{"line":110,"column":9}},{"start":{},"end":{}}],"line":99},"5":{"loc":{"start":{"line":107,"column":12},"end":{"line":109,"column":13}},"type":"if","locations":[{"start":{"line":107,"column":12},"end":{"line":109,"column":13}},{"start":{},"end":{}}],"line":107},"6":{"loc":{"start":{"line":114,"column":8},"end":{"line":117,"column":9}},"type":"if","locations":[{"start":{"line":114,"column":8},"end":{"line":117,"column":9}},{"start":{},"end":{}}],"line":114},"7":{"loc":{"start":{"line":127,"column":8},"end":{"line":139,"column":9}},"type":"if","locations":[{"start":{"line":127,"column":8},"end":{"line":139,"column":9}},{"start":{"line":133,"column":15},"end":{"line":139,"column":9}}],"line":127},"8":{"loc":{"start":{"line":130,"column":26},"end":{"line":130,"column":57}},"type":"binary-expr","locations":[{"start":{"line":130,"column":26},"end":{"line":130,"column":51}},{"start":{"line":130,"column":55},"end":{"line":130,"column":57}}],"line":130},"9":{"loc":{"start":{"line":131,"column":28},"end":{"line":131,"column":61}},"type":"binary-expr","locations":[{"start":{"line":131,"column":28},"end":{"line":131,"column":55}},{"start":{"line":131,"column":59},"end":{"line":131,"column":61}}],"line":131}},"s":{"0":0,"1":0,"2":0,"3":0,"4":0,"5":0,"6":0,"7":0,"8":0,"9":0,"10":0,"11":0,"12":0,"13":0,"14":0,"15":0,"16":0,"17":0,"18":0,"19":0,"20":0,"21":0,"22":0,"23":0,"24":0,"25":0,"26":0,"27":0,"28":0,"29":0,"30":0,"31":0,"32":0,"33":0,"34":0,"35":0,"36":0,"37":0,"38":0,"39":0,"40":0,"41":0,"42":0,"43":0,"44":0,"45":0,"46":0,"47":0,"48":0,"49":0,"50":0,"51":0,"52":0,"53":0,"54":0,"55":0,"56":0,"57":0,"58":0,"59":0},"f":{"0":0,"1":0,"2":0,"3":0,"4":0,"5":0,"6":0,"7":0,"8":0,"9":0,"10":0,"11":0},"b":{"0":[0,0],"1":[0,0],"2":[0,0],"3":[0,0],"4":[0,0],"5":[0,0],"6":[0,0],"7":[0,0],"8":[0,0],"9":[0,0]}}
}
