TN:
SF:server/auth/auth.js
FN:11,(anonymous_0)
FN:23,(anonymous_1)
FN:31,(anonymous_2)
FN:32,(anonymous_3)
FN:63,(anonymous_4)
FN:78,(anonymous_5)
FN:90,(anonymous_6)
FNF:7
FNH:0
FNDA:0,(anonymous_0)
FNDA:0,(anonymous_1)
FNDA:0,(anonymous_2)
FNDA:0,(anonymous_3)
FNDA:0,(anonymous_4)
FNDA:0,(anonymous_5)
FNDA:0,(anonymous_6)
DA:1,0
DA:2,0
DA:4,0
DA:5,0
DA:8,0
DA:12,0
DA:24,0
DA:25,0
DA:27,0
DA:32,0
DA:33,0
DA:35,0
DA:36,0
DA:37,0
DA:40,0
DA:41,0
DA:42,0
DA:43,0
DA:46,0
DA:47,0
DA:48,0
DA:49,0
DA:52,0
DA:59,0
DA:64,0
DA:66,0
DA:67,0
DA:68,0
DA:71,0
DA:72,0
DA:73,0
DA:74,0
DA:77,0
DA:79,0
DA:80,0
DA:88,0
DA:91,0
DA:92,0
DA:97,0
LF:39
LH:0
BRDA:4,0,0,0
BRDA:4,0,1,0
BRDA:4,1,0,0
BRDA:4,1,1,0
BRDA:8,2,0,0
BRDA:8,2,1,0
BRDA:33,3,0,0
BRDA:33,3,1,0
BRDA:33,3,2,0
BRDA:35,4,0,0
BRDA:35,4,1,0
BRDA:41,5,0,0
BRDA:41,5,1,0
BRDA:47,6,0,0
BRDA:47,6,1,0
BRDA:64,7,0,0
BRDA:64,7,1,0
BRDA:66,8,0,0
BRDA:66,8,1,0
BRDA:72,9,0,0
BRDA:72,9,1,0
BRDA:79,10,0,0
BRDA:79,10,1,0
BRF:23
BRH:0
end_of_record
TN:
SF:server/game/AIPlayer.js
FN:2,(anonymous_0)
FN:28,(anonymous_1)
FN:31,(anonymous_2)
FN:36,(anonymous_3)
FN:55,(anonymous_4)
FN:68,(anonymous_5)
FN:97,(anonymous_6)
FN:118,(anonymous_7)
FN:120,(anonymous_8)
FN:127,(anonymous_9)
FN:128,(anonymous_10)
FN:165,(anonymous_11)
FN:172,(anonymous_12)
FN:172,(anonymous_13)
FN:175,(anonymous_14)
FN:193,(anonymous_15)
FN:195,(anonymous_16)
FN:210,(anonymous_17)
FN:215,(anonymous_18)
FN:237,(anonymous_19)
FN:252,(anonymous_20)
FN:273,(anonymous_21)
FN:275,(anonymous_22)
FN:284,(anonymous_23)
FN:296,(anonymous_24)
FN:324,(anonymous_25)
FN:338,(anonymous_26)
FN:368,(anonymous_27)
FN:378,(anonymous_28)
FN:382,(anonymous_29)
FN:383,(anonymous_30)
FN:384,(anonymous_31)
FN:388,(anonymous_32)
FN:392,(anonymous_33)
FN:396,(anonymous_34)
FN:400,(anonymous_35)
FN:414,(anonymous_36)
FN:416,(anonymous_37)
FN:422,(anonymous_38)
FN:426,(anonymous_39)
FN:443,(anonymous_40)
FNF:41
FNH:18
FNDA:14,(anonymous_0)
FNDA:6,(anonymous_1)
FNDA:7,(anonymous_2)
FNDA:11,(anonymous_3)
FNDA:0,(anonymous_4)
FNDA:3,(anonymous_5)
FNDA:20,(anonymous_6)
FNDA:2,(anonymous_7)
FNDA:2,(anonymous_8)
FNDA:8,(anonymous_9)
FNDA:0,(anonymous_10)
FNDA:1,(anonymous_11)
FNDA:0,(anonymous_12)
FNDA:0,(anonymous_13)
FNDA:0,(anonymous_14)
FNDA:0,(anonymous_15)
FNDA:0,(anonymous_16)
FNDA:0,(anonymous_17)
FNDA:0,(anonymous_18)
FNDA:4,(anonymous_19)
FNDA:4,(anonymous_20)
FNDA:4,(anonymous_21)
FNDA:0,(anonymous_22)
FNDA:1,(anonymous_23)
FNDA:13,(anonymous_24)
FNDA:10,(anonymous_25)
FNDA:13,(anonymous_26)
FNDA:21,(anonymous_27)
FNDA:0,(anonymous_28)
FNDA:0,(anonymous_29)
FNDA:0,(anonymous_30)
FNDA:0,(anonymous_31)
FNDA:0,(anonymous_32)
FNDA:0,(anonymous_33)
FNDA:0,(anonymous_34)
FNDA:0,(anonymous_35)
FNDA:0,(anonymous_36)
FNDA:0,(anonymous_37)
FNDA:0,(anonymous_38)
FNDA:0,(anonymous_39)
FNDA:0,(anonymous_40)
DA:3,14
DA:4,14
DA:5,14
DA:6,14
DA:7,14
DA:8,14
DA:9,14
DA:11,14
DA:21,14
DA:24,14
DA:25,14
DA:29,6
DA:31,7
DA:32,6
DA:33,0
DA:36,11
DA:37,6
DA:38,1
DA:41,5
DA:43,0
DA:45,2
DA:47,1
DA:49,1
DA:51,1
DA:56,0
DA:57,0
DA:59,0
DA:69,3
DA:70,3
DA:72,3
DA:73,6
DA:74,8
DA:75,8
DA:77,8
DA:78,8
DA:79,0
DA:80,0
DA:81,0
DA:85,8
DA:86,8
DA:87,0
DA:90,8
DA:91,8
DA:92,0
DA:95,8
DA:97,20
DA:98,8
DA:99,0
DA:102,8
DA:103,3
DA:104,3
DA:115,3
DA:119,2
DA:120,2
DA:122,2
DA:123,2
DA:125,2
DA:126,4
DA:127,8
DA:128,4
DA:129,4
DA:130,4
DA:132,4
DA:133,0
DA:136,4
DA:137,4
DA:145,4
DA:147,4
DA:149,4
DA:150,2
DA:151,2
DA:162,2
DA:166,1
DA:167,1
DA:168,0
DA:171,1
DA:172,0
DA:173,0
DA:174,0
DA:175,0
DA:178,0
DA:179,0
DA:191,1
DA:192,1
DA:193,0
DA:194,0
DA:195,0
DA:196,0
DA:197,0
DA:208,1
DA:209,0
DA:210,0
DA:213,0
DA:215,0
DA:216,0
DA:217,0
DA:220,0
DA:230,1
DA:231,0
DA:234,1
DA:238,4
DA:239,4
DA:241,4
DA:242,0
DA:245,4
DA:246,4
DA:247,4
DA:249,4
DA:253,4
DA:255,4
DA:256,4
DA:257,0
DA:260,4
DA:261,4
DA:262,0
DA:265,4
DA:266,4
DA:267,0
DA:270,4
DA:274,4
DA:275,4
DA:276,4
DA:277,0
DA:278,0
DA:281,4
DA:285,1
DA:286,1
DA:287,0
DA:288,0
DA:289,0
DA:293,1
DA:297,13
DA:299,13
DA:300,13
DA:301,4
DA:303,13
DA:304,13
DA:305,13
DA:307,13
DA:308,13
DA:310,13
DA:311,2
DA:312,2
DA:313,2
DA:315,2
DA:317,11
DA:318,11
DA:319,2
DA:321,11
DA:323,11
DA:324,10
DA:329,13
DA:330,4
DA:332,13
DA:335,13
DA:340,13
DA:341,13
DA:342,13
DA:344,13
DA:345,2
DA:347,13
DA:348,11
DA:351,13
DA:352,4
DA:356,9
DA:357,9
DA:358,9
DA:359,9
DA:363,9
DA:364,9
DA:365,9
DA:366,9
DA:368,21
DA:369,7
DA:370,7
DA:371,7
DA:379,0
DA:383,0
DA:384,0
DA:385,0
DA:389,0
DA:393,0
DA:397,0
DA:398,0
DA:400,0
DA:401,0
DA:402,0
DA:404,0
DA:407,0
DA:408,0
DA:409,0
DA:410,0
DA:414,0
DA:415,0
DA:416,0
DA:419,0
DA:423,0
DA:424,0
DA:426,0
DA:427,0
DA:428,0
DA:430,0
DA:433,0
DA:434,0
DA:435,0
DA:436,0
DA:440,0
DA:444,0
DA:456,3
LF:209
LH:136
BRDA:2,0,0,0
BRDA:2,1,0,0
BRDA:22,2,0,1
BRDA:22,2,1,13
BRDA:22,3,0,1
BRDA:22,3,1,12
BRDA:22,4,0,11
BRDA:22,4,1,1
BRDA:31,5,0,7
BRDA:31,5,1,7
BRDA:32,6,0,0
BRDA:32,6,1,6
BRDA:37,7,0,1
BRDA:37,7,1,5
BRDA:41,8,0,0
BRDA:41,8,1,2
BRDA:41,8,2,1
BRDA:41,8,3,1
BRDA:41,8,4,1
BRDA:61,9,0,0
BRDA:61,9,1,0
BRDA:78,10,0,0
BRDA:78,10,1,8
BRDA:78,11,0,8
BRDA:78,11,1,0
BRDA:80,12,0,0
BRDA:80,12,1,0
BRDA:86,13,0,0
BRDA:86,13,1,8
BRDA:86,14,0,8
BRDA:86,14,1,0
BRDA:91,15,0,0
BRDA:91,15,1,8
BRDA:91,16,0,8
BRDA:91,16,1,0
BRDA:98,17,0,0
BRDA:98,17,1,8
BRDA:102,18,0,3
BRDA:102,18,1,5
BRDA:106,19,0,3
BRDA:106,19,1,0
BRDA:115,20,0,3
BRDA:115,20,1,0
BRDA:132,21,0,0
BRDA:132,21,1,4
BRDA:147,22,0,0
BRDA:147,22,1,4
BRDA:149,23,0,2
BRDA:149,23,1,2
BRDA:153,24,0,2
BRDA:153,24,1,0
BRDA:162,25,0,2
BRDA:162,25,1,0
BRDA:167,26,0,0
BRDA:167,26,1,1
BRDA:171,27,0,0
BRDA:171,27,1,1
BRDA:171,28,0,1
BRDA:171,28,1,0
BRDA:171,28,2,0
BRDA:173,29,0,0
BRDA:173,29,1,0
BRDA:175,30,0,0
BRDA:175,30,1,0
BRDA:175,31,0,0
BRDA:175,31,1,0
BRDA:178,32,0,0
BRDA:178,32,1,0
BRDA:181,33,0,0
BRDA:181,33,1,0
BRDA:192,34,0,0
BRDA:192,34,1,1
BRDA:194,35,0,0
BRDA:194,35,1,0
BRDA:196,36,0,0
BRDA:196,36,1,0
BRDA:199,37,0,0
BRDA:199,37,1,0
BRDA:208,38,0,0
BRDA:208,38,1,1
BRDA:210,39,0,0
BRDA:210,39,1,0
BRDA:210,40,0,0
BRDA:210,40,1,0
BRDA:213,41,0,0
BRDA:213,41,1,0
BRDA:213,42,0,0
BRDA:213,42,1,0
BRDA:215,43,0,0
BRDA:215,43,1,0
BRDA:217,44,0,0
BRDA:217,44,1,0
BRDA:222,45,0,0
BRDA:222,45,1,0
BRDA:230,46,0,0
BRDA:230,46,1,1
BRDA:241,47,0,0
BRDA:241,47,1,4
BRDA:256,48,0,0
BRDA:256,48,1,4
BRDA:256,49,0,4
BRDA:256,49,1,0
BRDA:261,50,0,0
BRDA:261,50,1,4
BRDA:261,51,0,4
BRDA:261,51,1,0
BRDA:266,52,0,0
BRDA:266,52,1,4
BRDA:266,53,0,4
BRDA:266,53,1,0
BRDA:277,54,0,0
BRDA:277,54,1,0
BRDA:288,55,0,0
BRDA:288,55,1,0
BRDA:288,56,0,0
BRDA:288,56,1,0
BRDA:299,57,0,13
BRDA:299,57,1,0
BRDA:300,58,0,4
BRDA:300,58,1,9
BRDA:304,59,0,13
BRDA:304,59,1,0
BRDA:310,60,0,2
BRDA:310,60,1,11
BRDA:312,61,0,2
BRDA:312,61,1,0
BRDA:318,62,0,2
BRDA:318,62,1,9
BRDA:323,63,0,10
BRDA:323,63,1,1
BRDA:323,64,0,11
BRDA:323,64,1,10
BRDA:329,65,0,4
BRDA:329,65,1,9
BRDA:332,66,0,13
BRDA:332,66,1,13
BRDA:351,67,0,4
BRDA:351,67,1,9
BRDA:357,68,0,9
BRDA:357,68,1,0
BRDA:363,69,0,9
BRDA:363,69,1,0
BRDA:366,70,0,7
BRDA:366,70,1,2
BRDA:401,71,0,0
BRDA:401,71,1,0
BRDA:427,72,0,0
BRDA:427,72,1,0
BRF:148
BRH:68
end_of_record
TN:
SF:server/game/CardDeck.js
FN:4,(anonymous_0)
FN:10,(anonymous_1)
FN:25,(anonymous_2)
FN:30,(anonymous_3)
FN:37,(anonymous_4)
FN:45,(anonymous_5)
FN:49,(anonymous_6)
FNF:7
FNH:7
FNDA:50,(anonymous_0)
FNDA:50,(anonymous_1)
FNDA:2600,(anonymous_2)
FNDA:52,(anonymous_3)
FNDA:83,(anonymous_4)
FNDA:58,(anonymous_5)
FNDA:3,(anonymous_6)
DA:1,3
DA:5,50
DA:6,50
DA:7,50
DA:11,50
DA:12,50
DA:13,200
DA:14,2600
DA:22,50
DA:26,2600
DA:27,2600
DA:31,52
DA:32,2647
DA:33,2647
DA:38,83
DA:39,83
DA:40,203
DA:42,83
DA:46,58
DA:50,3
DA:54,3
LF:21
LH:21
BRDA:27,0,0,2600
BRDA:27,0,1,1800
BRDA:37,1,0,54
BRDA:39,2,0,286
BRDA:39,2,1,204
BRDA:42,3,0,55
BRDA:42,3,1,28
BRF:7
BRH:7
end_of_record
TN:
SF:server/game/GameEngine.js
FN:16,(anonymous_0)
FN:60,(anonymous_1)
FN:69,(anonymous_2)
FN:76,(anonymous_3)
FN:94,(anonymous_4)
FN:127,(anonymous_5)
FN:189,(anonymous_6)
FN:194,(anonymous_7)
FN:195,(anonymous_8)
FN:221,(anonymous_9)
FN:222,(anonymous_10)
FN:230,(anonymous_11)
FN:239,(anonymous_12)
FN:240,(anonymous_13)
FN:265,(anonymous_14)
FN:280,(anonymous_15)
FN:281,(anonymous_16)
FN:289,(anonymous_17)
FN:298,(anonymous_18)
FN:300,(anonymous_19)
FN:304,(anonymous_20)
FN:309,(anonymous_21)
FN:327,(anonymous_22)
FN:328,(anonymous_23)
FN:336,(anonymous_24)
FN:338,(anonymous_25)
FN:339,(anonymous_26)
FN:342,(anonymous_27)
FN:343,(anonymous_28)
FN:344,(anonymous_29)
FN:349,(anonymous_30)
FN:365,(anonymous_31)
FN:390,(anonymous_32)
FN:405,(anonymous_33)
FN:421,(anonymous_34)
FN:432,(anonymous_35)
FN:442,(anonymous_36)
FN:449,(anonymous_37)
FN:478,(anonymous_38)
FN:499,(anonymous_39)
FN:503,(anonymous_40)
FN:507,(anonymous_41)
FN:512,(anonymous_42)
FN:523,(anonymous_43)
FN:538,(anonymous_44)
FN:546,(anonymous_45)
FN:556,(anonymous_46)
FN:595,(anonymous_47)
FN:599,(anonymous_48)
FN:616,(anonymous_49)
FN:617,(anonymous_50)
FN:618,(anonymous_51)
FN:629,(anonymous_52)
FN:639,(anonymous_53)
FN:687,(anonymous_54)
FN:717,(anonymous_55)
FN:718,(anonymous_56)
FN:719,(anonymous_57)
FN:730,(anonymous_58)
FN:763,(anonymous_59)
FN:769,(anonymous_60)
FN:770,(anonymous_61)
FN:780,(anonymous_62)
FN:788,(anonymous_63)
FN:826,(anonymous_64)
FN:856,(anonymous_65)
FN:857,(anonymous_66)
FN:884,(anonymous_67)
FN:927,(anonymous_68)
FN:937,(anonymous_69)
FN:951,(anonymous_70)
FN:957,(anonymous_71)
FN:960,(anonymous_72)
FN:969,(anonymous_73)
FN:974,(anonymous_74)
FN:979,(anonymous_75)
FN:992,(anonymous_76)
FN:1002,(anonymous_77)
FN:1023,(anonymous_78)
FN:1028,(anonymous_79)
FN:1033,(anonymous_80)
FN:1037,(anonymous_81)
FN:1041,(anonymous_82)
FN:1046,(anonymous_83)
FN:1053,(anonymous_84)
FN:1058,(anonymous_85)
FN:1065,(anonymous_86)
FN:1099,(anonymous_87)
FN:1103,(anonymous_88)
FN:1110,(anonymous_89)
FN:1131,(anonymous_90)
FN:1139,(anonymous_91)
FN:1140,(anonymous_92)
FN:1141,(anonymous_93)
FN:1145,(anonymous_94)
FN:1171,(anonymous_95)
FN:1173,(anonymous_96)
FN:1174,(anonymous_97)
FN:1179,(anonymous_98)
FN:1188,(anonymous_99)
FN:1191,(anonymous_100)
FN:1213,(anonymous_101)
FN:1214,(anonymous_102)
FN:1224,(anonymous_103)
FN:1275,(anonymous_104)
FN:1281,(anonymous_105)
FN:1282,(anonymous_106)
FN:1290,(anonymous_107)
FN:1291,(anonymous_108)
FN:1317,(anonymous_109)
FN:1331,(anonymous_110)
FN:1334,(anonymous_111)
FN:1336,(anonymous_112)
FN:1343,(anonymous_113)
FN:1359,(anonymous_114)
FN:1371,(anonymous_115)
FN:1378,(anonymous_116)
FN:1379,(anonymous_117)
FN:1387,(anonymous_118)
FN:1427,(anonymous_119)
FN:1430,(anonymous_120)
FN:1440,(anonymous_121)
FN:1444,(anonymous_122)
FN:1452,(anonymous_123)
FN:1477,(anonymous_124)
FN:1502,(anonymous_125)
FN:1519,(anonymous_126)
FNF:127
FNH:57
FNDA:31,(anonymous_0)
FNDA:22,(anonymous_1)
FNDA:0,(anonymous_2)
FNDA:51,(anonymous_3)
FNDA:20,(anonymous_4)
FNDA:1,(anonymous_5)
FNDA:1,(anonymous_6)
FNDA:4,(anonymous_7)
FNDA:7,(anonymous_8)
FNDA:2,(anonymous_9)
FNDA:3,(anonymous_10)
FNDA:0,(anonymous_11)
FNDA:1,(anonymous_12)
FNDA:1,(anonymous_13)
FNDA:2,(anonymous_14)
FNDA:0,(anonymous_15)
FNDA:0,(anonymous_16)
FNDA:0,(anonymous_17)
FNDA:3,(anonymous_18)
FNDA:4,(anonymous_19)
FNDA:1,(anonymous_20)
FNDA:0,(anonymous_21)
FNDA:2,(anonymous_22)
FNDA:2,(anonymous_23)
FNDA:0,(anonymous_24)
FNDA:0,(anonymous_25)
FNDA:0,(anonymous_26)
FNDA:13,(anonymous_27)
FNDA:26,(anonymous_28)
FNDA:26,(anonymous_29)
FNDA:13,(anonymous_30)
FNDA:26,(anonymous_31)
FNDA:1,(anonymous_32)
FNDA:26,(anonymous_33)
FNDA:16,(anonymous_34)
FNDA:0,(anonymous_35)
FNDA:3,(anonymous_36)
FNDA:0,(anonymous_37)
FNDA:0,(anonymous_38)
FNDA:0,(anonymous_39)
FNDA:0,(anonymous_40)
FNDA:0,(anonymous_41)
FNDA:0,(anonymous_42)
FNDA:0,(anonymous_43)
FNDA:0,(anonymous_44)
FNDA:0,(anonymous_45)
FNDA:0,(anonymous_46)
FNDA:0,(anonymous_47)
FNDA:5,(anonymous_48)
FNDA:5,(anonymous_49)
FNDA:5,(anonymous_50)
FNDA:9,(anonymous_51)
FNDA:2,(anonymous_52)
FNDA:3,(anonymous_53)
FNDA:2,(anonymous_54)
FNDA:0,(anonymous_55)
FNDA:0,(anonymous_56)
FNDA:0,(anonymous_57)
FNDA:0,(anonymous_58)
FNDA:0,(anonymous_59)
FNDA:0,(anonymous_60)
FNDA:0,(anonymous_61)
FNDA:0,(anonymous_62)
FNDA:0,(anonymous_63)
FNDA:0,(anonymous_64)
FNDA:1,(anonymous_65)
FNDA:2,(anonymous_66)
FNDA:1,(anonymous_67)
FNDA:0,(anonymous_68)
FNDA:0,(anonymous_69)
FNDA:0,(anonymous_70)
FNDA:0,(anonymous_71)
FNDA:0,(anonymous_72)
FNDA:0,(anonymous_73)
FNDA:0,(anonymous_74)
FNDA:0,(anonymous_75)
FNDA:0,(anonymous_76)
FNDA:0,(anonymous_77)
FNDA:0,(anonymous_78)
FNDA:0,(anonymous_79)
FNDA:0,(anonymous_80)
FNDA:0,(anonymous_81)
FNDA:0,(anonymous_82)
FNDA:0,(anonymous_83)
FNDA:0,(anonymous_84)
FNDA:1,(anonymous_85)
FNDA:2,(anonymous_86)
FNDA:3,(anonymous_87)
FNDA:0,(anonymous_88)
FNDA:16,(anonymous_89)
FNDA:0,(anonymous_90)
FNDA:3,(anonymous_91)
FNDA:6,(anonymous_92)
FNDA:3,(anonymous_93)
FNDA:5,(anonymous_94)
FNDA:2,(anonymous_95)
FNDA:4,(anonymous_96)
FNDA:1,(anonymous_97)
FNDA:3,(anonymous_98)
FNDA:3,(anonymous_99)
FNDA:3,(anonymous_100)
FNDA:0,(anonymous_101)
FNDA:0,(anonymous_102)
FNDA:1,(anonymous_103)
FNDA:2,(anonymous_104)
FNDA:28,(anonymous_105)
FNDA:56,(anonymous_106)
FNDA:0,(anonymous_107)
FNDA:0,(anonymous_108)
FNDA:0,(anonymous_109)
FNDA:0,(anonymous_110)
FNDA:0,(anonymous_111)
FNDA:0,(anonymous_112)
FNDA:79,(anonymous_113)
FNDA:1,(anonymous_114)
FNDA:0,(anonymous_115)
FNDA:0,(anonymous_116)
FNDA:0,(anonymous_117)
FNDA:0,(anonymous_118)
FNDA:0,(anonymous_119)
FNDA:0,(anonymous_120)
FNDA:0,(anonymous_121)
FNDA:0,(anonymous_122)
FNDA:0,(anonymous_123)
FNDA:0,(anonymous_124)
FNDA:0,(anonymous_125)
FNDA:0,(anonymous_126)
DA:1,2
DA:2,2
DA:3,2
DA:10,2
DA:11,2
DA:12,2
DA:13,2
DA:17,31
DA:18,31
DA:19,31
DA:20,31
DA:21,31
DA:22,31
DA:23,31
DA:24,31
DA:25,31
DA:26,31
DA:27,31
DA:28,31
DA:29,31
DA:31,31
DA:32,31
DA:33,31
DA:34,31
DA:36,31
DA:37,31
DA:39,31
DA:40,31
DA:41,31
DA:43,31
DA:54,31
DA:55,31
DA:57,31
DA:62,22
DA:63,0
DA:66,22
DA:67,22
DA:69,22
DA:70,0
DA:71,0
DA:77,51
DA:87,51
DA:88,0
DA:90,51
DA:91,0
DA:94,51
DA:95,51
DA:96,1
DA:99,50
DA:121,50
DA:122,50
DA:124,50
DA:128,1
DA:136,1
DA:137,0
DA:140,1
DA:141,1
DA:142,0
DA:144,1
DA:145,0
DA:148,1
DA:155,1
DA:156,1
DA:158,1
DA:159,1
DA:161,1
DA:183,1
DA:184,1
DA:186,1
DA:190,1
DA:191,1
DA:195,7
DA:196,4
DA:197,0
DA:200,4
DA:202,4
DA:203,1
DA:204,1
DA:211,1
DA:215,3
DA:216,3
DA:217,3
DA:222,3
DA:223,2
DA:224,0
DA:227,2
DA:229,2
DA:230,2
DA:231,2
DA:232,0
DA:235,2
DA:236,2
DA:240,1
DA:241,1
DA:242,0
DA:244,1
DA:245,0
DA:247,1
DA:248,0
DA:251,1
DA:252,1
DA:255,1
DA:256,1
DA:257,1
DA:258,1
DA:261,1
DA:262,1
DA:265,2
DA:266,1
DA:267,1
DA:268,1
DA:272,0
DA:273,0
DA:274,0
DA:277,0
DA:281,0
DA:282,0
DA:283,0
DA:286,0
DA:287,0
DA:289,0
DA:290,0
DA:291,0
DA:294,0
DA:295,0
DA:300,4
DA:303,3
DA:304,1
DA:308,3
DA:309,0
DA:312,3
DA:313,0
DA:316,3
DA:317,3
DA:318,3
DA:319,0
DA:320,0
DA:323,3
DA:324,3
DA:328,2
DA:329,2
DA:330,0
DA:332,2
DA:333,2
DA:337,0
DA:338,0
DA:339,0
DA:343,26
DA:344,26
DA:346,13
DA:350,13
DA:351,0
DA:356,0
DA:359,13
DA:360,13
DA:361,13
DA:362,13
DA:363,13
DA:365,26
DA:367,13
DA:369,13
DA:370,26
DA:371,0
DA:374,26
DA:375,26
DA:376,26
DA:377,26
DA:378,26
DA:379,26
DA:380,26
DA:381,26
DA:382,26
DA:383,26
DA:384,26
DA:386,26
DA:387,26
DA:389,26
DA:390,1
DA:391,1
DA:392,1
DA:393,1
DA:394,1
DA:395,1
DA:396,1
DA:401,13
DA:402,13
DA:404,13
DA:405,26
DA:413,13
DA:415,13
DA:416,13
DA:418,13
DA:422,16
DA:423,0
DA:426,16
DA:428,16
DA:429,1
DA:432,16
DA:433,0
DA:434,0
DA:436,0
DA:437,0
DA:443,3
DA:444,3
DA:445,3
DA:450,0
DA:451,0
DA:452,0
DA:453,0
DA:454,0
DA:455,0
DA:456,0
DA:457,0
DA:458,0
DA:459,0
DA:460,0
DA:461,0
DA:464,0
DA:465,0
DA:466,0
DA:467,0
DA:468,0
DA:469,0
DA:470,0
DA:471,0
DA:472,0
DA:473,0
DA:474,0
DA:477,0
DA:478,0
DA:479,0
DA:480,0
DA:481,0
DA:482,0
DA:484,0
DA:496,0
DA:500,0
DA:504,0
DA:505,0
DA:507,0
DA:508,0
DA:509,0
DA:512,0
DA:513,0
DA:517,0
DA:518,0
DA:519,0
DA:524,0
DA:527,0
DA:528,0
DA:529,0
DA:531,0
DA:532,0
DA:533,0
DA:535,0
DA:538,0
DA:539,0
DA:540,0
DA:546,0
DA:547,0
DA:554,0
DA:555,0
DA:556,0
DA:558,0
DA:561,0
DA:562,0
DA:563,0
DA:566,0
DA:568,0
DA:569,0
DA:570,0
DA:571,0
DA:572,0
DA:575,0
DA:576,0
DA:580,0
DA:582,0
DA:583,0
DA:584,0
DA:585,0
DA:587,0
DA:590,0
DA:593,0
DA:594,0
DA:595,0
DA:600,5
DA:601,0
DA:604,5
DA:605,5
DA:606,5
DA:607,5
DA:608,5
DA:610,0
DA:611,0
DA:613,0
DA:617,5
DA:618,9
DA:620,5
DA:621,0
DA:623,5
DA:624,1
DA:626,4
DA:627,1
DA:629,3
DA:630,1
DA:632,2
DA:633,0
DA:636,2
DA:637,2
DA:639,3
DA:641,2
DA:652,2
DA:653,2
DA:655,2
DA:656,1
DA:658,1
DA:669,1
DA:670,1
DA:673,1
DA:686,1
DA:687,2
DA:689,1
DA:701,1
DA:718,0
DA:719,0
DA:721,0
DA:722,0
DA:724,0
DA:725,0
DA:727,0
DA:728,0
DA:730,0
DA:731,0
DA:733,0
DA:734,0
DA:736,0
DA:737,0
DA:740,0
DA:742,0
DA:753,0
DA:755,0
DA:764,0
DA:765,0
DA:768,0
DA:769,0
DA:770,0
DA:772,0
DA:773,0
DA:774,0
DA:779,0
DA:780,0
DA:781,0
DA:782,0
DA:786,0
DA:788,0
DA:790,0
DA:791,0
DA:793,0
DA:801,0
DA:802,0
DA:805,0
DA:807,0
DA:821,0
DA:822,0
DA:825,0
DA:826,0
DA:828,0
DA:838,0
DA:840,0
DA:857,2
DA:858,1
DA:859,1
DA:861,1
DA:862,1
DA:863,1
DA:864,1
DA:866,1
DA:871,1
DA:872,1
DA:873,0
DA:876,1
DA:877,1
DA:878,1
DA:881,1
DA:885,1
DA:887,1
DA:889,1
DA:890,1
DA:891,1
DA:892,1
DA:894,1
DA:895,1
DA:896,1
DA:898,1
DA:899,0
DA:900,0
DA:901,0
DA:902,0
DA:903,0
DA:905,1
DA:908,1
DA:909,1
DA:911,0
DA:914,1
DA:916,1
DA:917,1
DA:919,1
DA:920,1
DA:921,1
DA:924,1
DA:928,0
DA:929,0
DA:933,0
DA:934,0
DA:938,0
DA:939,0
DA:940,0
DA:943,0
DA:944,0
DA:945,0
DA:946,0
DA:949,0
DA:951,0
DA:952,0
DA:953,0
DA:956,0
DA:957,0
DA:959,0
DA:960,0
DA:963,0
DA:965,0
DA:966,0
DA:967,0
DA:968,0
DA:969,0
DA:970,0
DA:971,0
DA:974,0
DA:975,0
DA:977,0
DA:978,0
DA:979,0
DA:981,0
DA:984,0
DA:990,0
DA:992,0
DA:993,0
DA:994,0
DA:1002,0
DA:1003,0
DA:1011,0
DA:1012,0
DA:1013,0
DA:1014,0
DA:1016,0
DA:1019,0
DA:1021,0
DA:1022,0
DA:1023,0
DA:1024,0
DA:1025,0
DA:1028,0
DA:1029,0
DA:1031,0
DA:1032,0
DA:1033,0
DA:1035,0
DA:1036,0
DA:1037,0
DA:1038,0
DA:1040,0
DA:1041,0
DA:1042,0
DA:1043,0
DA:1046,0
DA:1047,0
DA:1050,0
DA:1051,0
DA:1052,0
DA:1053,0
DA:1059,1
DA:1060,1
DA:1061,1
DA:1063,1
DA:1065,2
DA:1069,1
DA:1070,1
DA:1071,1
DA:1074,1
DA:1075,0
DA:1076,0
DA:1077,0
DA:1078,0
DA:1087,1
DA:1088,1
DA:1090,1
DA:1091,1
DA:1096,1
DA:1100,3
DA:1101,3
DA:1103,0
DA:1104,0
DA:1105,0
DA:1106,0
DA:1111,16
DA:1112,16
DA:1113,0
DA:1116,16
DA:1117,0
DA:1121,0
DA:1122,0
DA:1123,0
DA:1124,0
DA:1125,0
DA:1126,0
DA:1130,16
DA:1131,0
DA:1132,0
DA:1133,0
DA:1134,0
DA:1140,6
DA:1141,3
DA:1142,3
DA:1144,3
DA:1145,5
DA:1155,3
DA:1156,1
DA:1162,1
DA:1163,1
DA:1164,1
DA:1165,1
DA:1166,1
DA:1168,2
DA:1172,2
DA:1173,4
DA:1174,1
DA:1177,2
DA:1178,2
DA:1179,2
DA:1180,3
DA:1181,3
DA:1182,3
DA:1184,3
DA:1188,3
DA:1189,2
DA:1191,3
DA:1207,2
DA:1209,2
DA:1210,2
DA:1211,0
DA:1212,0
DA:1213,0
DA:1214,0
DA:1216,0
DA:1218,0
DA:1221,2
DA:1225,1
DA:1227,1
DA:1228,1
DA:1229,0
DA:1231,1
DA:1232,0
DA:1236,1
DA:1237,0
DA:1238,0
DA:1242,1
DA:1243,0
DA:1244,0
DA:1248,1
DA:1249,0
DA:1250,0
DA:1252,0
DA:1253,0
DA:1256,0
DA:1257,0
DA:1258,0
DA:1260,0
DA:1261,0
DA:1263,0
DA:1264,0
DA:1266,0
DA:1267,0
DA:1272,1
DA:1276,2
DA:1277,0
DA:1282,56
DA:1283,28
DA:1284,56
DA:1285,14
DA:1291,0
DA:1292,0
DA:1293,0
DA:1296,0
DA:1298,0
DA:1307,0
DA:1308,0
DA:1309,0
DA:1312,0
DA:1314,0
DA:1318,0
DA:1327,0
DA:1328,0
DA:1332,0
DA:1333,0
DA:1334,0
DA:1335,0
DA:1336,0
DA:1337,0
DA:1340,0
DA:1344,79
DA:1351,79
DA:1352,79
DA:1353,0
DA:1356,79
DA:1360,1
DA:1361,0
DA:1363,1
DA:1364,0
DA:1367,1
DA:1368,1
DA:1372,0
DA:1373,0
DA:1374,0
DA:1379,0
DA:1380,0
DA:1382,0
DA:1387,0
DA:1428,0
DA:1430,0
DA:1441,0
DA:1445,0
DA:1452,0
DA:1478,0
DA:1479,0
DA:1482,0
DA:1483,0
DA:1484,0
DA:1486,0
DA:1488,0
DA:1502,0
DA:1519,0
DA:1538,0
DA:1542,2
LF:643
LH:299
BRDA:16,0,0,0
BRDA:60,1,0,0
BRDA:62,2,0,0
BRDA:62,2,1,22
BRDA:70,3,0,0
BRDA:70,3,1,0
BRDA:76,4,0,43
BRDA:87,5,0,0
BRDA:87,5,1,51
BRDA:90,6,0,0
BRDA:90,6,1,51
BRDA:95,7,0,1
BRDA:95,7,1,50
BRDA:107,8,0,50
BRDA:107,8,1,50
BRDA:108,9,0,50
BRDA:108,9,1,50
BRDA:127,10,0,0
BRDA:127,11,0,1
BRDA:136,12,0,0
BRDA:136,12,1,1
BRDA:141,13,0,0
BRDA:141,13,1,1
BRDA:144,14,0,0
BRDA:144,14,1,1
BRDA:155,15,0,1
BRDA:155,15,1,0
BRDA:156,16,0,1
BRDA:156,16,1,1
BRDA:191,17,0,1
BRDA:191,17,1,0
BRDA:196,18,0,0
BRDA:196,18,1,4
BRDA:202,19,0,1
BRDA:202,19,1,3
BRDA:223,20,0,0
BRDA:223,20,1,2
BRDA:231,21,0,0
BRDA:231,21,1,2
BRDA:241,22,0,0
BRDA:241,22,1,1
BRDA:244,23,0,0
BRDA:244,23,1,1
BRDA:247,24,0,0
BRDA:247,24,1,1
BRDA:255,25,0,1
BRDA:255,25,1,0
BRDA:266,26,0,1
BRDA:266,26,1,0
BRDA:273,27,0,0
BRDA:273,27,1,0
BRDA:273,28,0,0
BRDA:273,28,1,0
BRDA:281,29,0,0
BRDA:281,29,1,0
BRDA:282,30,0,0
BRDA:282,30,1,0
BRDA:290,31,0,0
BRDA:290,31,1,0
BRDA:298,32,0,1
BRDA:298,33,0,1
BRDA:300,34,0,4
BRDA:300,34,1,2
BRDA:303,35,0,1
BRDA:303,35,1,2
BRDA:303,36,0,3
BRDA:303,36,1,1
BRDA:304,37,0,1
BRDA:304,37,1,1
BRDA:308,38,0,0
BRDA:308,38,1,3
BRDA:308,39,0,3
BRDA:308,39,1,0
BRDA:309,40,0,0
BRDA:309,40,1,0
BRDA:312,41,0,0
BRDA:312,41,1,3
BRDA:318,42,0,0
BRDA:318,42,1,3
BRDA:329,43,0,0
BRDA:329,43,1,2
BRDA:346,44,0,13
BRDA:346,44,1,0
BRDA:346,44,2,13
BRDA:350,45,0,0
BRDA:350,45,1,13
BRDA:367,46,0,1
BRDA:367,46,1,12
BRDA:367,47,0,13
BRDA:367,47,1,1
BRDA:370,48,0,0
BRDA:370,48,1,26
BRDA:389,49,0,1
BRDA:389,49,1,25
BRDA:391,50,0,1
BRDA:391,50,1,0
BRDA:422,51,0,0
BRDA:422,51,1,16
BRDA:428,52,0,1
BRDA:428,52,1,15
BRDA:436,53,0,0
BRDA:436,53,1,0
BRDA:443,54,0,3
BRDA:443,54,1,0
BRDA:477,55,0,0
BRDA:477,55,1,0
BRDA:479,56,0,0
BRDA:479,56,1,0
BRDA:504,57,0,0
BRDA:504,57,1,0
BRDA:508,58,0,0
BRDA:508,58,1,0
BRDA:508,59,0,0
BRDA:508,59,1,0
BRDA:518,60,0,0
BRDA:518,60,1,0
BRDA:518,61,0,0
BRDA:518,61,1,0
BRDA:527,62,0,0
BRDA:527,62,1,0
BRDA:531,63,0,0
BRDA:531,63,1,0
BRDA:532,64,0,0
BRDA:532,64,1,0
BRDA:539,65,0,0
BRDA:539,65,1,0
BRDA:539,66,0,0
BRDA:539,66,1,0
BRDA:555,67,0,0
BRDA:555,67,1,0
BRDA:562,68,0,0
BRDA:562,68,1,0
BRDA:568,69,0,0
BRDA:568,69,1,0
BRDA:570,70,0,0
BRDA:570,70,1,0
BRDA:583,71,0,0
BRDA:583,71,1,0
BRDA:584,72,0,0
BRDA:584,72,1,0
BRDA:594,73,0,0
BRDA:594,73,1,0
BRDA:600,74,0,0
BRDA:600,74,1,5
BRDA:607,75,0,5
BRDA:607,75,1,0
BRDA:607,76,0,5
BRDA:607,76,1,5
BRDA:618,77,0,9
BRDA:618,77,1,4
BRDA:620,78,0,0
BRDA:620,78,1,5
BRDA:620,79,0,5
BRDA:620,79,1,5
BRDA:623,80,0,1
BRDA:623,80,1,4
BRDA:626,81,0,1
BRDA:626,81,1,3
BRDA:629,82,0,1
BRDA:629,82,1,2
BRDA:632,83,0,0
BRDA:632,83,1,2
BRDA:655,84,0,1
BRDA:655,84,1,1
BRDA:669,85,0,1
BRDA:669,85,1,0
BRDA:687,86,0,2
BRDA:687,86,1,1
BRDA:694,87,0,1
BRDA:694,87,1,0
BRDA:696,88,0,1
BRDA:696,88,1,0
BRDA:719,89,0,0
BRDA:719,89,1,0
BRDA:721,90,0,0
BRDA:721,90,1,0
BRDA:721,91,0,0
BRDA:721,91,1,0
BRDA:724,92,0,0
BRDA:724,92,1,0
BRDA:727,93,0,0
BRDA:727,93,1,0
BRDA:730,94,0,0
BRDA:730,94,1,0
BRDA:733,95,0,0
BRDA:733,95,1,0
BRDA:736,96,0,0
BRDA:736,96,1,0
BRDA:763,97,0,0
BRDA:764,98,0,0
BRDA:764,98,1,0
BRDA:769,99,0,0
BRDA:769,99,1,0
BRDA:770,100,0,0
BRDA:770,100,1,0
BRDA:772,101,0,0
BRDA:772,101,1,0
BRDA:772,102,0,0
BRDA:772,102,1,0
BRDA:779,103,0,0
BRDA:779,103,1,0
BRDA:780,104,0,0
BRDA:780,104,1,0
BRDA:781,105,0,0
BRDA:781,105,1,0
BRDA:781,106,0,0
BRDA:781,106,1,0
BRDA:790,107,0,0
BRDA:790,107,1,0
BRDA:790,108,0,0
BRDA:790,108,1,0
BRDA:801,109,0,0
BRDA:801,109,1,0
BRDA:813,110,0,0
BRDA:813,110,1,0
BRDA:821,111,0,0
BRDA:821,111,1,0
BRDA:821,112,0,0
BRDA:821,112,1,0
BRDA:826,113,0,0
BRDA:826,113,1,0
BRDA:833,114,0,0
BRDA:833,114,1,0
BRDA:835,115,0,0
BRDA:835,115,1,0
BRDA:872,116,0,0
BRDA:872,116,1,1
BRDA:877,117,0,1
BRDA:877,117,1,0
BRDA:894,118,0,1
BRDA:894,118,1,0
BRDA:898,119,0,0
BRDA:898,119,1,1
BRDA:917,120,0,0
BRDA:917,120,1,1
BRDA:917,121,0,0
BRDA:917,121,1,0
BRDA:919,122,0,1
BRDA:919,122,1,0
BRDA:928,123,0,0
BRDA:928,123,1,0
BRDA:938,124,0,0
BRDA:938,124,1,0
BRDA:944,125,0,0
BRDA:944,125,1,0
BRDA:944,126,0,0
BRDA:944,126,1,0
BRDA:945,127,0,0
BRDA:945,127,1,0
BRDA:952,128,0,0
BRDA:952,128,1,0
BRDA:966,129,0,0
BRDA:966,129,1,0
BRDA:970,130,0,0
BRDA:970,130,1,0
BRDA:970,131,0,0
BRDA:970,131,1,0
BRDA:978,132,0,0
BRDA:978,132,1,0
BRDA:993,133,0,0
BRDA:993,133,1,0
BRDA:993,134,0,0
BRDA:993,134,1,0
BRDA:1011,135,0,0
BRDA:1011,135,1,0
BRDA:1013,136,0,0
BRDA:1013,136,1,0
BRDA:1019,137,0,0
BRDA:1019,137,1,0
BRDA:1024,138,0,0
BRDA:1024,138,1,0
BRDA:1024,139,0,0
BRDA:1024,139,1,0
BRDA:1032,140,0,0
BRDA:1032,140,1,0
BRDA:1035,141,0,0
BRDA:1035,141,1,0
BRDA:1035,142,0,0
BRDA:1035,142,1,0
BRDA:1035,142,2,0
BRDA:1038,143,0,0
BRDA:1038,143,1,0
BRDA:1038,144,0,0
BRDA:1038,144,1,0
BRDA:1042,145,0,0
BRDA:1042,145,1,0
BRDA:1042,146,0,0
BRDA:1042,146,1,0
BRDA:1051,147,0,0
BRDA:1051,147,1,0
BRDA:1074,148,0,0
BRDA:1074,148,1,1
BRDA:1081,149,0,1
BRDA:1081,149,1,1
BRDA:1081,149,2,1
BRDA:1081,149,3,1
BRDA:1081,149,4,0
BRDA:1092,150,0,1
BRDA:1092,150,1,0
BRDA:1096,151,0,1
BRDA:1096,151,1,0
BRDA:1096,152,0,1
BRDA:1096,152,1,0
BRDA:1100,153,0,3
BRDA:1100,153,1,0
BRDA:1100,154,0,3
BRDA:1100,154,1,3
BRDA:1104,155,0,0
BRDA:1104,155,1,0
BRDA:1112,156,0,0
BRDA:1112,156,1,16
BRDA:1112,157,0,16
BRDA:1112,157,1,16
BRDA:1116,158,0,0
BRDA:1116,158,1,16
BRDA:1116,159,0,16
BRDA:1116,159,1,0
BRDA:1122,160,0,0
BRDA:1122,160,1,0
BRDA:1130,161,0,0
BRDA:1130,161,1,16
BRDA:1132,162,0,0
BRDA:1132,162,1,0
BRDA:1140,163,0,6
BRDA:1140,163,1,5
BRDA:1155,164,0,1
BRDA:1155,164,1,2
BRDA:1155,165,0,3
BRDA:1155,165,1,0
BRDA:1155,165,2,3
BRDA:1158,166,0,0
BRDA:1158,166,1,1
BRDA:1158,167,0,1
BRDA:1158,167,1,0
BRDA:1173,168,0,4
BRDA:1173,168,1,3
BRDA:1173,168,2,0
BRDA:1180,169,0,3
BRDA:1180,169,1,0
BRDA:1189,170,0,2
BRDA:1189,170,1,0
BRDA:1207,171,0,1
BRDA:1207,171,1,1
BRDA:1207,172,0,2
BRDA:1207,172,1,1
BRDA:1209,173,0,2
BRDA:1209,173,1,0
BRDA:1211,174,0,0
BRDA:1211,174,1,0
BRDA:1224,175,0,1
BRDA:1227,176,0,1
BRDA:1227,176,1,0
BRDA:1228,177,0,0
BRDA:1228,177,1,1
BRDA:1231,178,0,0
BRDA:1231,178,1,1
BRDA:1236,179,0,0
BRDA:1236,179,1,1
BRDA:1237,180,0,0
BRDA:1237,180,1,0
BRDA:1242,181,0,0
BRDA:1242,181,1,1
BRDA:1243,182,0,0
BRDA:1243,182,1,0
BRDA:1248,183,0,0
BRDA:1248,183,1,1
BRDA:1249,184,0,0
BRDA:1249,184,1,0
BRDA:1252,185,0,0
BRDA:1252,185,1,0
BRDA:1256,186,0,0
BRDA:1256,186,1,0
BRDA:1257,187,0,0
BRDA:1257,187,1,0
BRDA:1260,188,0,0
BRDA:1260,188,1,0
BRDA:1263,189,0,0
BRDA:1263,189,1,0
BRDA:1266,190,0,0
BRDA:1266,190,1,0
BRDA:1284,191,0,14
BRDA:1284,191,1,42
BRDA:1292,192,0,0
BRDA:1292,192,1,0
BRDA:1308,193,0,0
BRDA:1308,193,1,0
BRDA:1312,194,0,0
BRDA:1312,194,1,0
BRDA:1352,195,0,0
BRDA:1352,195,1,79
BRDA:1360,196,0,0
BRDA:1360,196,1,1
BRDA:1363,197,0,0
BRDA:1363,197,1,1
BRDA:1373,198,0,0
BRDA:1373,198,1,0
BRDA:1394,199,0,0
BRDA:1394,199,1,0
BRDA:1397,200,0,0
BRDA:1397,200,1,0
BRDA:1405,201,0,0
BRDA:1405,201,1,0
BRDA:1407,202,0,0
BRDA:1407,202,1,0
BRDA:1407,203,0,0
BRDA:1407,203,1,0
BRDA:1408,204,0,0
BRDA:1408,204,1,0
BRDA:1409,205,0,0
BRDA:1409,205,1,0
BRDA:1410,206,0,0
BRDA:1410,206,1,0
BRDA:1415,207,0,0
BRDA:1415,207,1,0
BRDA:1416,208,0,0
BRDA:1416,208,1,0
BRDA:1419,209,0,0
BRDA:1419,209,1,0
BRDA:1419,210,0,0
BRDA:1419,210,1,0
BRDA:1423,211,0,0
BRDA:1423,211,1,0
BRDA:1440,212,0,0
BRDA:1462,213,0,0
BRDA:1462,213,1,0
BRDA:1478,214,0,0
BRDA:1478,214,1,0
BRDA:1483,215,0,0
BRDA:1483,215,1,0
BRDA:1483,216,0,0
BRDA:1483,216,1,0
BRF:431
BRH:133
end_of_record
TN:
SF:server/game/RoomManager.js
FN:5,(anonymous_0)
FN:11,(anonymous_1)
FN:54,(anonymous_2)
FN:80,(anonymous_3)
FN:88,(anonymous_4)
FN:107,(anonymous_5)
FN:138,(anonymous_6)
FN:151,(anonymous_7)
FN:163,(anonymous_8)
FN:192,(anonymous_9)
FN:198,(anonymous_10)
FN:200,(anonymous_11)
FN:203,(anonymous_12)
FN:215,(anonymous_13)
FN:232,(anonymous_14)
FN:237,(anonymous_15)
FN:241,(anonymous_16)
FN:248,(anonymous_17)
FN:259,(anonymous_18)
FN:262,(anonymous_19)
FN:271,(anonymous_20)
FN:285,(anonymous_21)
FNF:22
FNH:13
FNDA:15,(anonymous_0)
FNDA:15,(anonymous_1)
FNDA:12,(anonymous_2)
FNDA:0,(anonymous_3)
FNDA:2,(anonymous_4)
FNDA:8,(anonymous_5)
FNDA:0,(anonymous_6)
FNDA:0,(anonymous_7)
FNDA:3,(anonymous_8)
FNDA:0,(anonymous_9)
FNDA:5,(anonymous_10)
FNDA:0,(anonymous_11)
FNDA:0,(anonymous_12)
FNDA:1,(anonymous_13)
FNDA:1,(anonymous_14)
FNDA:0,(anonymous_15)
FNDA:4,(anonymous_16)
FNDA:4,(anonymous_17)
FNDA:0,(anonymous_18)
FNDA:3,(anonymous_19)
FNDA:3,(anonymous_20)
FNDA:0,(anonymous_21)
DA:1,1
DA:2,1
DA:6,15
DA:7,15
DA:8,15
DA:21,15
DA:23,15
DA:24,15
DA:26,15
DA:27,15
DA:28,15
DA:29,15
DA:30,15
DA:32,15
DA:34,15
DA:35,15
DA:36,0
DA:39,15
DA:49,15
DA:51,15
DA:55,12
DA:56,12
DA:57,12
DA:58,1
DA:61,11
DA:62,1
DA:65,10
DA:66,1
DA:69,9
DA:72,9
DA:73,0
DA:76,9
DA:79,1
DA:80,0
DA:81,0
DA:82,0
DA:83,0
DA:84,0
DA:88,2
DA:89,1
DA:90,0
DA:93,1
DA:94,1
DA:95,1
DA:96,1
DA:104,0
DA:107,8
DA:108,8
DA:109,0
DA:110,0
DA:111,0
DA:112,0
DA:113,0
DA:114,0
DA:116,0
DA:118,0
DA:119,0
DA:121,0
DA:124,8
DA:125,8
DA:126,0
DA:129,8
DA:131,8
DA:132,0
DA:135,8
DA:139,0
DA:140,0
DA:141,0
DA:142,0
DA:145,0
DA:146,0
DA:148,0
DA:152,0
DA:153,0
DA:154,0
DA:157,0
DA:158,0
DA:160,0
DA:164,3
DA:165,3
DA:166,0
DA:169,3
DA:170,3
DA:171,0
DA:174,3
DA:177,3
DA:179,1
DA:180,1
DA:184,2
DA:187,3
DA:188,0
DA:191,3
DA:192,0
DA:193,0
DA:194,0
DA:198,5
DA:199,3
DA:200,0
DA:201,0
DA:202,0
DA:203,0
DA:204,0
DA:205,0
DA:206,0
DA:212,3
DA:216,1
DA:217,1
DA:218,1
DA:219,1
DA:220,1
DA:221,1
DA:223,1
DA:224,0
DA:226,1
DA:229,0
DA:233,1
DA:234,1
DA:238,0
DA:242,4
DA:243,4
DA:244,5
DA:245,4
DA:248,4
DA:259,4
DA:263,3
DA:264,3
DA:265,0
DA:267,3
DA:268,1
DA:271,3
DA:272,2
DA:273,0
DA:275,2
DA:276,1
DA:279,1
DA:280,1
DA:282,1
DA:286,0
DA:287,0
DA:288,0
DA:291,0
DA:292,0
DA:294,0
DA:298,1
LF:144
LH:86
BRDA:11,0,0,12
BRDA:13,1,0,14
BRDA:14,2,0,12
BRDA:15,3,0,15
BRDA:16,4,0,14
BRDA:17,5,0,15
BRDA:18,6,0,15
BRDA:19,7,0,15
BRDA:20,8,0,15
BRDA:35,9,0,0
BRDA:35,9,1,15
BRDA:41,10,0,15
BRDA:41,10,1,14
BRDA:44,11,0,15
BRDA:44,11,1,12
BRDA:54,12,0,11
BRDA:54,13,0,12
BRDA:57,14,0,1
BRDA:57,14,1,11
BRDA:61,15,0,1
BRDA:61,15,1,10
BRDA:65,16,0,1
BRDA:65,16,1,9
BRDA:65,17,0,10
BRDA:65,17,1,1
BRDA:72,18,0,0
BRDA:72,18,1,9
BRDA:76,19,0,1
BRDA:76,19,1,8
BRDA:79,20,0,0
BRDA:79,20,1,1
BRDA:80,21,0,0
BRDA:80,21,1,0
BRDA:81,22,0,0
BRDA:81,22,1,0
BRDA:88,23,0,2
BRDA:88,23,1,0
BRDA:89,24,0,0
BRDA:89,24,1,1
BRDA:93,25,0,1
BRDA:93,25,1,0
BRDA:108,26,0,0
BRDA:108,26,1,8
BRDA:112,27,0,0
BRDA:112,27,1,0
BRDA:118,28,0,0
BRDA:118,28,1,0
BRDA:125,29,0,0
BRDA:125,29,1,8
BRDA:131,30,0,0
BRDA:131,30,1,8
BRDA:138,31,0,0
BRDA:141,32,0,0
BRDA:141,32,1,0
BRDA:153,33,0,0
BRDA:153,33,1,0
BRDA:163,34,0,0
BRDA:165,35,0,0
BRDA:165,35,1,3
BRDA:170,36,0,0
BRDA:170,36,1,3
BRDA:177,37,0,1
BRDA:177,37,1,2
BRDA:187,38,0,0
BRDA:187,38,1,3
BRDA:191,39,0,0
BRDA:191,39,1,3
BRDA:191,40,0,3
BRDA:191,40,1,0
BRDA:192,41,0,0
BRDA:192,41,1,0
BRDA:193,42,0,0
BRDA:193,42,1,0
BRDA:198,43,0,5
BRDA:198,43,1,3
BRDA:199,44,0,0
BRDA:199,44,1,3
BRDA:199,45,0,3
BRDA:199,45,1,3
BRDA:202,46,0,0
BRDA:202,46,1,0
BRDA:203,47,0,0
BRDA:203,47,1,0
BRDA:204,48,0,0
BRDA:204,48,1,0
BRDA:204,49,0,0
BRDA:204,49,1,0
BRDA:215,50,0,1
BRDA:215,51,0,1
BRDA:219,52,0,1
BRDA:219,52,1,0
BRDA:223,53,0,0
BRDA:223,53,1,1
BRDA:234,54,0,1
BRDA:234,54,1,0
BRDA:244,55,0,4
BRDA:244,55,1,1
BRDA:244,56,0,5
BRDA:244,56,1,5
BRDA:251,57,0,4
BRDA:251,57,1,0
BRDA:264,58,0,0
BRDA:264,58,1,3
BRDA:267,59,0,1
BRDA:267,59,1,2
BRDA:272,60,0,0
BRDA:272,60,1,2
BRDA:275,61,0,1
BRDA:275,61,1,1
BRDA:287,62,0,0
BRDA:287,62,1,0
BRF:111
BRH:62
end_of_record
TN:
SF:server/game/utils.js
FN:11,findPairs
FN:15,(anonymous_1)
FN:42,extractPairs
FN:44,(anonymous_3)
FN:49,(anonymous_4)
FN:49,(anonymous_5)
FN:61,getPlayerAvatar
FNF:7
FNH:7
FNDA:29,findPairs
FNDA:144,(anonymous_1)
FNDA:29,extractPairs
FNDA:11,(anonymous_3)
FNDA:55,(anonymous_4)
FNDA:99,(anonymous_5)
FNDA:50,getPlayerAvatar
DA:12,29
DA:13,29
DA:15,29
DA:16,144
DA:17,132
DA:19,144
DA:22,29
DA:23,132
DA:24,132
DA:25,11
DA:29,29
DA:43,29
DA:44,29
DA:45,11
DA:46,11
DA:47,11
DA:49,99
DA:51,29
DA:63,50
DA:64,0
DA:67,50
DA:103,50
DA:104,50
DA:105,210
DA:106,210
DA:108,50
DA:109,50
DA:112,2
LF:28
LH:27
BRDA:16,0,0,132
BRDA:16,0,1,12
BRDA:42,1,0,1
BRDA:46,2,0,11
BRDA:46,2,1,0
BRDA:61,3,0,50
BRDA:63,4,0,0
BRDA:63,4,1,50
BRDA:63,5,0,50
BRDA:63,5,1,0
BRF:10
BRH:7
end_of_record
TN:
SF:server/models/Game.js
FN:4,(anonymous_0)
FN:12,(anonymous_1)
FN:19,(anonymous_2)
FN:26,(anonymous_3)
FN:38,(anonymous_4)
FN:58,(anonymous_5)
FNF:6
FNH:0
FNDA:0,(anonymous_0)
FNDA:0,(anonymous_1)
FNDA:0,(anonymous_2)
FNDA:0,(anonymous_3)
FNDA:0,(anonymous_4)
FNDA:0,(anonymous_5)
DA:1,0
DA:5,0
DA:9,0
DA:13,0
DA:20,0
DA:27,0
DA:39,0
DA:40,0
DA:41,0
DA:44,0
DA:53,0
DA:55,0
DA:59,0
DA:60,0
DA:64,0
LF:15
LH:0
BRDA:22,0,0,0
BRDA:22,0,1,0
BRDA:26,1,0,0
BRDA:40,2,0,0
BRDA:40,2,1,0
BRDA:60,3,0,0
BRDA:60,3,1,0
BRF:7
BRH:0
end_of_record
TN:
SF:server/models/User.js
FN:6,(anonymous_0)
FN:16,(anonymous_1)
FN:20,(anonymous_2)
FN:24,(anonymous_3)
FN:28,(anonymous_4)
FN:32,(anonymous_5)
FN:46,(anonymous_6)
FN:50,(anonymous_7)
FN:57,(anonymous_8)
FN:68,(anonymous_9)
FN:79,(anonymous_10)
FN:83,(anonymous_11)
FN:95,(anonymous_12)
FN:101,(anonymous_13)
FNF:14
FNH:0
FNDA:0,(anonymous_0)
FNDA:0,(anonymous_1)
FNDA:0,(anonymous_2)
FNDA:0,(anonymous_3)
FNDA:0,(anonymous_4)
FNDA:0,(anonymous_5)
FNDA:0,(anonymous_6)
FNDA:0,(anonymous_7)
FNDA:0,(anonymous_8)
FNDA:0,(anonymous_9)
FNDA:0,(anonymous_10)
FNDA:0,(anonymous_11)
FNDA:0,(anonymous_12)
FNDA:0,(anonymous_13)
DA:1,0
DA:2,0
DA:3,0
DA:7,0
DA:8,0
DA:9,0
DA:13,0
DA:17,0
DA:21,0
DA:25,0
DA:29,0
DA:33,0
DA:34,0
DA:36,0
DA:37,0
DA:38,0
DA:41,0
DA:42,0
DA:47,0
DA:51,0
DA:58,0
DA:62,0
DA:63,0
DA:65,0
DA:69,0
DA:80,0
DA:84,0
DA:85,0
DA:89,0
DA:91,0
DA:96,0
DA:102,0
DA:112,0
LF:33
LH:0
BRDA:6,0,0,0
BRDA:11,1,0,0
BRDA:11,1,1,0
BRDA:41,2,0,0
BRDA:41,2,1,0
BRDA:52,3,0,0
BRDA:52,3,1,0
BRDA:62,4,0,0
BRDA:62,4,1,0
BRDA:63,5,0,0
BRDA:63,5,1,0
BRDA:68,6,0,0
BRDA:101,7,0,0
BRF:13
BRH:0
end_of_record
TN:
SF:server/routes/admin.js
FN:14,scanThemes
FN:41,(anonymous_1)
FN:52,(anonymous_2)
FN:80,(anonymous_3)
FN:94,(anonymous_4)
FN:112,(anonymous_5)
FN:113,(anonymous_6)
FNF:7
FNH:0
FNDA:0,scanThemes
FNDA:0,(anonymous_1)
FNDA:0,(anonymous_2)
FNDA:0,(anonymous_3)
FNDA:0,(anonymous_4)
FNDA:0,(anonymous_5)
FNDA:0,(anonymous_6)
DA:1,0
DA:2,0
DA:3,0
DA:4,0
DA:6,0
DA:7,0
DA:8,0
DA:15,0
DA:16,0
DA:19,0
DA:20,0
DA:22,0
DA:23,0
DA:24,0
DA:27,0
DA:28,0
DA:29,0
DA:30,0
DA:32,0
DA:33,0
DA:34,0
DA:35,0
DA:36,0
DA:39,0
DA:40,0
DA:41,0
DA:44,0
DA:45,0
DA:46,0
DA:47,0
DA:52,0
DA:53,0
DA:54,0
DA:55,0
DA:57,0
DA:58,0
DA:61,0
DA:73,0
DA:80,0
DA:81,0
DA:82,0
DA:83,0
DA:85,0
DA:86,0
DA:94,0
DA:95,0
DA:96,0
DA:97,0
DA:99,0
DA:100,0
DA:103,0
DA:104,0
DA:105,0
DA:106,0
DA:107,0
DA:108,0
DA:111,0
DA:112,0
DA:113,0
DA:114,0
DA:121,0
DA:124,0
DA:134,0
DA:135,0
DA:139,0
LF:65
LH:0
BRDA:15,0,0,0
BRDA:15,0,1,0
BRDA:23,1,0,0
BRDA:23,1,1,0
BRDA:23,2,0,0
BRDA:23,2,1,0
BRDA:34,3,0,0
BRDA:34,3,1,0
BRDA:41,4,0,0
BRDA:41,4,1,0
BRDA:41,4,2,0
BRDA:46,5,0,0
BRDA:46,5,1,0
BRDA:52,6,0,0
BRDA:52,6,1,0
BRDA:54,7,0,0
BRDA:54,7,1,0
BRDA:58,8,0,0
BRDA:58,8,1,0
BRDA:99,9,0,0
BRDA:99,9,1,0
BRDA:106,10,0,0
BRDA:106,10,1,0
BRDA:117,11,0,0
BRDA:117,11,1,0
BRF:25
BRH:0
end_of_record
TN:
SF:server/routes/auth.js
FN:7,(anonymous_0)
FN:53,(anonymous_1)
FN:88,(anonymous_2)
FN:98,(anonymous_3)
FN:102,(anonymous_4)
FNF:5
FNH:0
FNDA:0,(anonymous_0)
FNDA:0,(anonymous_1)
FNDA:0,(anonymous_2)
FNDA:0,(anonymous_3)
FNDA:0,(anonymous_4)
DA:1,0
DA:2,0
DA:3,0
DA:5,0
DA:7,0
DA:8,0
DA:9,0
DA:11,0
DA:12,0
DA:15,0
DA:16,0
DA:19,0
DA:20,0
DA:23,0
DA:24,0
DA:25,0
DA:28,0
DA:29,0
DA:30,0
DA:33,0
DA:34,0
DA:35,0
DA:37,0
DA:48,0
DA:49,0
DA:53,0
DA:54,0
DA:55,0
DA:57,0
DA:58,0
DA:59,0
DA:62,0
DA:63,0
DA:64,0
DA:67,0
DA:68,0
DA:70,0
DA:83,0
DA:84,0
DA:88,0
DA:89,0
DA:90,0
DA:93,0
DA:94,0
DA:96,0
DA:98,0
DA:102,0
DA:103,0
DA:104,0
DA:106,0
DA:109,0
LF:51
LH:0
BRDA:11,0,0,0
BRDA:11,0,1,0
BRDA:11,1,0,0
BRDA:11,1,1,0
BRDA:11,1,2,0
BRDA:15,2,0,0
BRDA:15,2,1,0
BRDA:15,3,0,0
BRDA:15,3,1,0
BRDA:19,4,0,0
BRDA:19,4,1,0
BRDA:24,5,0,0
BRDA:24,5,1,0
BRDA:29,6,0,0
BRDA:29,6,1,0
BRDA:58,7,0,0
BRDA:58,7,1,0
BRDA:63,8,0,0
BRDA:63,8,1,0
BRDA:89,9,0,0
BRDA:89,9,1,0
BRDA:103,10,0,0
BRDA:103,10,1,0
BRF:23
BRH:0
end_of_record
TN:
SF:server/routes/games.js
FN:6,(anonymous_0)
FN:20,(anonymous_1)
FNF:2
FNH:0
FNDA:0,(anonymous_0)
FNDA:0,(anonymous_1)
DA:1,0
DA:2,0
DA:4,0
DA:6,0
DA:7,0
DA:8,0
DA:11,0
DA:12,0
DA:13,0
DA:14,0
DA:16,0
DA:20,0
DA:21,0
DA:22,0
DA:23,0
DA:24,0
DA:26,0
DA:28,0
DA:32,0
LF:19
LH:0
BRDA:7,0,0,0
BRDA:7,0,1,0
BRDA:12,1,0,0
BRDA:12,1,1,0
BRDA:23,2,0,0
BRDA:23,2,1,0
BRF:6
BRH:0
end_of_record
TN:
SF:server/routes/rooms.js
FN:3,createRoomRouter
FN:6,(anonymous_1)
FN:10,(anonymous_2)
FN:23,(anonymous_3)
FNF:4
FNH:0
FNDA:0,createRoomRouter
FNDA:0,(anonymous_1)
FNDA:0,(anonymous_2)
FNDA:0,(anonymous_3)
DA:1,0
DA:4,0
DA:6,0
DA:7,0
DA:10,0
DA:11,0
DA:12,0
DA:13,0
DA:16,0
DA:23,0
DA:27,0
DA:30,0
LF:12
LH:0
BRDA:12,0,0,0
BRDA:12,0,1,0
BRF:2
BRH:0
end_of_record
TN:
SF:server/routes/stats.js
FN:6,(anonymous_0)
FNF:1
FNH:0
FNDA:0,(anonymous_0)
DA:1,0
DA:2,0
DA:4,0
DA:6,0
DA:7,0
DA:8,0
DA:9,0
DA:11,0
DA:15,0
LF:9
LH:0
BRF:0
BRH:0
end_of_record
TN:
SF:server/routes/users.js
FN:7,(anonymous_0)
FN:17,(anonymous_1)
FN:26,(anonymous_2)
FN:39,(anonymous_3)
FN:51,(anonymous_4)
FNF:5
FNH:0
FNDA:0,(anonymous_0)
FNDA:0,(anonymous_1)
FNDA:0,(anonymous_2)
FNDA:0,(anonymous_3)
FNDA:0,(anonymous_4)
DA:1,0
DA:2,0
DA:3,0
DA:5,0
DA:7,0
DA:8,0
DA:9,0
DA:10,0
DA:11,0
DA:13,0
DA:17,0
DA:18,0
DA:19,0
DA:20,0
DA:22,0
DA:26,0
DA:27,0
DA:28,0
DA:29,0
DA:30,0
DA:32,0
DA:33,0
DA:35,0
DA:39,0
DA:40,0
DA:41,0
DA:42,0
DA:43,0
DA:46,0
DA:47,0
DA:49,0
DA:51,0
DA:58,0
DA:62,0
LF:34
LH:0
BRDA:9,0,0,0
BRDA:9,0,1,0
BRDA:29,1,0,0
BRDA:29,1,1,0
BRDA:29,2,0,0
BRDA:29,2,1,0
BRDA:42,3,0,0
BRDA:42,3,1,0
BRF:8
BRH:0
end_of_record
TN:
SF:server/sockets/game-end.js
FN:1,createHandleGameEnd
FN:2,handleGameEnd
FN:23,(anonymous_2)
FN:26,(anonymous_3)
FN:31,(anonymous_4)
FN:38,(anonymous_5)
FN:43,(anonymous_6)
FN:44,(anonymous_7)
FN:58,(anonymous_8)
FN:61,(anonymous_9)
FN:62,(anonymous_10)
FN:72,(anonymous_11)
FN:76,(anonymous_12)
FN:86,(anonymous_13)
FN:88,(anonymous_14)
FN:100,(anonymous_15)
FN:112,(anonymous_16)
FNF:17
FNH:0
FNDA:0,createHandleGameEnd
FNDA:0,handleGameEnd
FNDA:0,(anonymous_2)
FNDA:0,(anonymous_3)
FNDA:0,(anonymous_4)
FNDA:0,(anonymous_5)
FNDA:0,(anonymous_6)
FNDA:0,(anonymous_7)
FNDA:0,(anonymous_8)
FNDA:0,(anonymous_9)
FNDA:0,(anonymous_10)
FNDA:0,(anonymous_11)
FNDA:0,(anonymous_12)
FNDA:0,(anonymous_13)
FNDA:0,(anonymous_14)
FNDA:0,(anonymous_15)
FNDA:0,(anonymous_16)
DA:2,0
DA:3,0
DA:5,0
DA:6,0
DA:7,0
DA:8,0
DA:9,0
DA:12,0
DA:22,0
DA:23,0
DA:25,0
DA:26,0
DA:31,0
DA:36,0
DA:38,0
DA:39,0
DA:40,0
DA:43,0
DA:44,0
DA:48,0
DA:55,0
DA:58,0
DA:60,0
DA:61,0
DA:63,0
DA:64,0
DA:71,0
DA:72,0
DA:73,0
DA:76,0
DA:80,0
DA:81,0
DA:84,0
DA:86,0
DA:87,0
DA:88,0
DA:89,0
DA:100,0
DA:101,0
DA:110,0
DA:112,0
DA:113,0
DA:114,0
DA:125,0
DA:129,0
LF:45
LH:0
BRDA:8,0,0,0
BRDA:8,0,1,0
BRDA:8,1,0,0
BRDA:8,1,1,0
BRDA:25,2,0,0
BRDA:25,2,1,0
BRDA:43,3,0,0
BRDA:43,3,1,0
BRDA:44,4,0,0
BRDA:44,4,1,0
BRDA:63,5,0,0
BRDA:63,5,1,0
BRDA:66,6,0,0
BRDA:66,6,1,0
BRDA:67,7,0,0
BRDA:67,7,1,0
BRDA:67,8,0,0
BRDA:67,8,1,0
BRDA:75,9,0,0
BRDA:75,9,1,0
BRDA:75,9,2,0
BRDA:87,10,0,0
BRDA:87,10,1,0
BRDA:95,11,0,0
BRDA:95,11,1,0
BRDA:113,12,0,0
BRDA:113,12,1,0
BRF:27
BRH:0
end_of_record
TN:
SF:server/sockets/handlers.js
FN:3,createSocketHandlers
FN:4,broadcastToRoom
FN:5,(anonymous_2)
FN:13,(anonymous_3)
FN:21,onConnection
FN:28,(anonymous_5)
FN:36,(anonymous_6)
FN:61,(anonymous_7)
FN:84,(anonymous_8)
FN:85,(anonymous_9)
FN:88,(anonymous_10)
FN:100,(anonymous_11)
FN:136,(anonymous_12)
FN:148,(anonymous_13)
FN:156,(anonymous_14)
FN:185,(anonymous_15)
FN:207,(anonymous_16)
FN:214,(anonymous_17)
FN:231,(anonymous_18)
FN:235,(anonymous_19)
FN:251,(anonymous_20)
FN:275,(anonymous_21)
FN:279,(anonymous_22)
FN:285,(anonymous_23)
FN:289,(anonymous_24)
FN:308,(anonymous_25)
FN:316,(anonymous_26)
FN:337,(anonymous_27)
FN:363,(anonymous_28)
FN:390,(anonymous_29)
FN:394,(anonymous_30)
FN:410,(anonymous_31)
FN:424,(anonymous_32)
FN:447,(anonymous_33)
FN:468,(anonymous_34)
FN:476,(anonymous_35)
FN:503,(anonymous_36)
FN:514,(anonymous_37)
FN:527,(anonymous_38)
FN:528,(anonymous_39)
FN:541,(anonymous_40)
FN:558,(anonymous_41)
FN:562,(anonymous_42)
FN:563,(anonymous_43)
FN:570,(anonymous_44)
FN:589,(anonymous_45)
FNF:46
FNH:0
FNDA:0,createSocketHandlers
FNDA:0,broadcastToRoom
FNDA:0,(anonymous_2)
FNDA:0,(anonymous_3)
FNDA:0,onConnection
FNDA:0,(anonymous_5)
FNDA:0,(anonymous_6)
FNDA:0,(anonymous_7)
FNDA:0,(anonymous_8)
FNDA:0,(anonymous_9)
FNDA:0,(anonymous_10)
FNDA:0,(anonymous_11)
FNDA:0,(anonymous_12)
FNDA:0,(anonymous_13)
FNDA:0,(anonymous_14)
FNDA:0,(anonymous_15)
FNDA:0,(anonymous_16)
FNDA:0,(anonymous_17)
FNDA:0,(anonymous_18)
FNDA:0,(anonymous_19)
FNDA:0,(anonymous_20)
FNDA:0,(anonymous_21)
FNDA:0,(anonymous_22)
FNDA:0,(anonymous_23)
FNDA:0,(anonymous_24)
FNDA:0,(anonymous_25)
FNDA:0,(anonymous_26)
FNDA:0,(anonymous_27)
FNDA:0,(anonymous_28)
FNDA:0,(anonymous_29)
FNDA:0,(anonymous_30)
FNDA:0,(anonymous_31)
FNDA:0,(anonymous_32)
FNDA:0,(anonymous_33)
FNDA:0,(anonymous_34)
FNDA:0,(anonymous_35)
FNDA:0,(anonymous_36)
FNDA:0,(anonymous_37)
FNDA:0,(anonymous_38)
FNDA:0,(anonymous_39)
FNDA:0,(anonymous_40)
FNDA:0,(anonymous_41)
FNDA:0,(anonymous_42)
FNDA:0,(anonymous_43)
FNDA:0,(anonymous_44)
FNDA:0,(anonymous_45)
DA:1,0
DA:5,0
DA:6,0
DA:7,0
DA:10,0
DA:13,0
DA:14,0
DA:17,0
DA:21,0
DA:22,0
DA:24,0
DA:25,0
DA:28,0
DA:29,0
DA:30,0
DA:33,0
DA:35,0
DA:36,0
DA:37,0
DA:40,0
DA:41,0
DA:47,0
DA:52,0
DA:54,0
DA:57,0
DA:61,0
DA:62,0
DA:63,0
DA:65,0
DA:66,0
DA:67,0
DA:70,0
DA:77,0
DA:78,0
DA:79,0
DA:82,0
DA:84,0
DA:85,0
DA:88,0
DA:89,0
DA:97,0
DA:100,0
DA:101,0
DA:102,0
DA:104,0
DA:105,0
DA:106,0
DA:109,0
DA:117,0
DA:119,0
DA:120,0
DA:121,0
DA:124,0
DA:126,0
DA:127,0
DA:132,0
DA:135,0
DA:136,0
DA:137,0
DA:146,0
DA:148,0
DA:152,0
DA:153,0
DA:156,0
DA:157,0
DA:158,0
DA:159,0
DA:161,0
DA:162,0
DA:163,0
DA:166,0
DA:167,0
DA:168,0
DA:171,0
DA:172,0
DA:173,0
DA:174,0
DA:177,0
DA:182,0
DA:185,0
DA:186,0
DA:187,0
DA:188,0
DA:189,0
DA:192,0
DA:193,0
DA:194,0
DA:197,0
DA:199,0
DA:200,0
DA:201,0
DA:202,0
DA:203,0
DA:207,0
DA:208,0
DA:209,0
DA:210,0
DA:211,0
DA:214,0
DA:215,0
DA:216,0
DA:219,0
DA:220,0
DA:222,0
DA:227,0
DA:229,0
DA:230,0
DA:231,0
DA:235,0
DA:236,0
DA:237,0
DA:239,0
DA:240,0
DA:241,0
DA:244,0
DA:245,0
DA:246,0
DA:247,0
DA:251,0
DA:252,0
DA:253,0
DA:254,0
DA:257,0
DA:258,0
DA:259,0
DA:262,0
DA:265,0
DA:266,0
DA:269,0
DA:270,0
DA:271,0
DA:274,0
DA:275,0
DA:276,0
DA:278,0
DA:279,0
DA:281,0
DA:283,0
DA:284,0
DA:285,0
DA:289,0
DA:290,0
DA:291,0
DA:292,0
DA:295,0
DA:296,0
DA:297,0
DA:300,0
DA:301,0
DA:302,0
DA:308,0
DA:309,0
DA:310,0
DA:311,0
DA:312,0
DA:315,0
DA:316,0
DA:317,0
DA:318,0
DA:320,0
DA:321,0
DA:325,0
DA:328,0
DA:329,0
DA:330,0
DA:333,0
DA:335,0
DA:336,0
DA:337,0
DA:339,0
DA:342,0
DA:344,0
DA:345,0
DA:349,0
DA:352,0
DA:357,0
DA:363,0
DA:364,0
DA:365,0
DA:366,0
DA:367,0
DA:370,0
DA:371,0
DA:373,0
DA:374,0
DA:378,0
DA:381,0
DA:382,0
DA:383,0
DA:386,0
DA:388,0
DA:389,0
DA:390,0
DA:394,0
DA:395,0
DA:396,0
DA:397,0
DA:398,0
DA:401,0
DA:403,0
DA:404,0
DA:406,0
DA:407,0
DA:409,0
DA:410,0
DA:411,0
DA:412,0
DA:413,0
DA:414,0
DA:415,0
DA:419,0
DA:424,0
DA:425,0
DA:426,0
DA:428,0
DA:429,0
DA:432,0
DA:433,0
DA:434,0
DA:439,0
DA:443,0
DA:447,0
DA:448,0
DA:449,0
DA:450,0
DA:453,0
DA:454,0
DA:455,0
DA:461,0
DA:462,0
DA:464,0
DA:466,0
DA:467,0
DA:468,0
DA:472,0
DA:476,0
DA:477,0
DA:478,0
DA:479,0
DA:480,0
DA:483,0
DA:484,0
DA:485,0
DA:487,0
DA:488,0
DA:490,0
DA:491,0
DA:493,0
DA:494,0
DA:496,0
DA:497,0
DA:500,0
DA:503,0
DA:504,0
DA:506,0
DA:507,0
DA:510,0
DA:511,0
DA:512,0
DA:513,0
DA:514,0
DA:516,0
DA:521,0
DA:522,0
DA:523,0
DA:525,0
DA:526,0
DA:527,0
DA:528,0
DA:529,0
DA:530,0
DA:533,0
DA:534,0
DA:535,0
DA:536,0
DA:538,0
DA:539,0
DA:540,0
DA:541,0
DA:548,0
DA:549,0
DA:554,0
DA:557,0
DA:558,0
DA:559,0
DA:560,0
DA:561,0
DA:562,0
DA:563,0
DA:564,0
DA:569,0
DA:570,0
DA:571,0
DA:572,0
DA:575,0
DA:576,0
DA:577,0
DA:581,0
DA:583,0
DA:589,0
DA:590,0
DA:591,0
DA:592,0
DA:593,0
DA:595,0
DA:596,0
DA:603,0
DA:609,0
LF:308
LH:0
BRDA:4,0,0,0
BRDA:6,1,0,0
BRDA:6,1,1,0
BRDA:7,2,0,0
BRDA:7,2,1,0
BRDA:14,3,0,0
BRDA:14,3,1,0
BRDA:22,4,0,0
BRDA:22,4,1,0
BRDA:24,5,0,0
BRDA:24,5,1,0
BRDA:31,6,0,0
BRDA:31,6,1,0
BRDA:35,7,0,0
BRDA:35,7,1,0
BRDA:65,8,0,0
BRDA:65,8,1,0
BRDA:65,9,0,0
BRDA:65,9,1,0
BRDA:73,10,0,0
BRDA:73,10,1,0
BRDA:77,11,0,0
BRDA:77,11,1,0
BRDA:104,12,0,0
BRDA:104,12,1,0
BRDA:104,13,0,0
BRDA:104,13,1,0
BRDA:109,14,0,0
BRDA:109,14,1,0
BRDA:119,15,0,0
BRDA:119,15,1,0
BRDA:126,16,0,0
BRDA:126,16,1,0
BRDA:141,17,0,0
BRDA:141,17,1,0
BRDA:161,18,0,0
BRDA:161,18,1,0
BRDA:166,19,0,0
BRDA:166,19,1,0
BRDA:172,20,0,0
BRDA:172,20,1,0
BRDA:187,21,0,0
BRDA:187,21,1,0
BRDA:192,22,0,0
BRDA:192,22,1,0
BRDA:199,23,0,0
BRDA:199,23,1,0
BRDA:201,24,0,0
BRDA:201,24,1,0
BRDA:208,25,0,0
BRDA:208,25,1,0
BRDA:215,26,0,0
BRDA:215,26,1,0
BRDA:230,27,0,0
BRDA:230,27,1,0
BRDA:239,28,0,0
BRDA:239,28,1,0
BRDA:239,29,0,0
BRDA:239,29,1,0
BRDA:245,30,0,0
BRDA:245,30,1,0
BRDA:253,31,0,0
BRDA:253,31,1,0
BRDA:257,32,0,0
BRDA:257,32,1,0
BRDA:265,33,0,0
BRDA:265,33,1,0
BRDA:269,34,0,0
BRDA:269,34,1,0
BRDA:284,35,0,0
BRDA:284,35,1,0
BRDA:284,36,0,0
BRDA:284,36,1,0
BRDA:291,37,0,0
BRDA:291,37,1,0
BRDA:296,38,0,0
BRDA:296,38,1,0
BRDA:301,39,0,0
BRDA:301,39,1,0
BRDA:311,40,0,0
BRDA:311,40,1,0
BRDA:316,41,0,0
BRDA:316,41,1,0
BRDA:317,42,0,0
BRDA:317,42,1,0
BRDA:320,43,0,0
BRDA:320,43,1,0
BRDA:328,44,0,0
BRDA:328,44,1,0
BRDA:336,45,0,0
BRDA:336,45,1,0
BRDA:336,46,0,0
BRDA:336,46,1,0
BRDA:344,47,0,0
BRDA:344,47,1,0
BRDA:366,48,0,0
BRDA:366,48,1,0
BRDA:373,49,0,0
BRDA:373,49,1,0
BRDA:381,50,0,0
BRDA:381,50,1,0
BRDA:389,51,0,0
BRDA:389,51,1,0
BRDA:389,52,0,0
BRDA:389,52,1,0
BRDA:397,53,0,0
BRDA:397,53,1,0
BRDA:406,54,0,0
BRDA:406,54,1,0
BRDA:411,55,0,0
BRDA:411,55,1,0
BRDA:411,56,0,0
BRDA:411,56,1,0
BRDA:428,57,0,0
BRDA:428,57,1,0
BRDA:433,58,0,0
BRDA:433,58,1,0
BRDA:449,59,0,0
BRDA:449,59,1,0
BRDA:454,60,0,0
BRDA:454,60,1,0
BRDA:461,61,0,0
BRDA:461,61,1,0
BRDA:467,62,0,0
BRDA:467,62,1,0
BRDA:478,63,0,0
BRDA:478,63,1,0
BRDA:478,64,0,0
BRDA:478,64,1,0
BRDA:484,65,0,0
BRDA:484,65,1,0
BRDA:487,66,0,0
BRDA:487,66,1,0
BRDA:490,67,0,0
BRDA:490,67,1,0
BRDA:493,68,0,0
BRDA:493,68,1,0
BRDA:496,69,0,0
BRDA:496,69,1,0
BRDA:506,70,0,0
BRDA:506,70,1,0
BRDA:511,71,0,0
BRDA:511,71,1,0
BRDA:517,72,0,0
BRDA:517,72,1,0
BRDA:521,73,0,0
BRDA:521,73,1,0
BRDA:521,74,0,0
BRDA:521,74,1,0
BRDA:525,75,0,0
BRDA:525,75,1,0
BRDA:529,76,0,0
BRDA:529,76,1,0
BRDA:529,77,0,0
BRDA:529,77,1,0
BRDA:534,78,0,0
BRDA:534,78,1,0
BRDA:535,79,0,0
BRDA:535,79,1,0
BRDA:540,80,0,0
BRDA:540,80,1,0
BRDA:548,81,0,0
BRDA:548,81,1,0
BRDA:548,82,0,0
BRDA:548,82,1,0
BRDA:557,83,0,0
BRDA:557,83,1,0
BRDA:560,84,0,0
BRDA:560,84,1,0
BRDA:560,85,0,0
BRDA:560,85,1,0
BRDA:562,86,0,0
BRDA:562,86,1,0
BRDA:562,87,0,0
BRDA:562,87,1,0
BRDA:563,88,0,0
BRDA:563,88,1,0
BRDA:563,89,0,0
BRDA:563,89,1,0
BRDA:565,90,0,0
BRDA:565,90,1,0
BRDA:569,91,0,0
BRDA:569,91,1,0
BRDA:569,92,0,0
BRDA:569,92,1,0
BRDA:571,93,0,0
BRDA:571,93,1,0
BRDA:591,94,0,0
BRDA:591,94,1,0
BRDA:595,95,0,0
BRDA:595,95,1,0
BRF:191
BRH:0
end_of_record
TN:
SF:server/sockets/index.js
FN:5,registerSocketHandlers
FNF:1
FNH:0
FNDA:0,registerSocketHandlers
DA:1,0
DA:2,0
DA:3,0
DA:6,0
DA:8,0
DA:9,0
DA:11,0
DA:12,0
DA:15,0
LF:9
LH:0
BRF:0
BRH:0
end_of_record
TN:
SF:server/utils/constants.js
FNF:0
FNH:0
DA:1,3
DA:58,3
LF:2
LH:2
BRF:0
BRH:0
end_of_record
TN:
SF:server/utils/elo.js
FN:2,(anonymous_0)
FN:6,(anonymous_1)
FN:10,(anonymous_2)
FN:55,(anonymous_3)
FNF:4
FNH:3
FNDA:1,(anonymous_0)
FNDA:12,(anonymous_1)
FNDA:4,(anonymous_2)
FNDA:0,(anonymous_3)
DA:3,1
DA:7,12
DA:11,4
DA:12,4
DA:14,4
DA:15,9
DA:16,9
DA:18,9
DA:19,21
DA:20,9
DA:22,12
DA:24,12
DA:27,12
DA:28,6
DA:29,6
DA:30,6
DA:32,0
DA:35,12
DA:38,9
DA:40,9
DA:41,1
DA:44,9
DA:52,4
DA:56,0
DA:57,0
DA:59,0
DA:60,0
DA:62,0
DA:63,0
DA:65,0
DA:74,1
LF:31
LH:23
BRDA:2,0,0,1
BRDA:19,1,0,9
BRDA:19,1,1,12
BRDA:27,2,0,6
BRDA:27,2,1,6
BRDA:29,3,0,6
BRDA:29,3,1,0
BRDA:40,4,0,1
BRDA:40,4,1,8
BRDA:41,5,0,1
BRDA:41,5,1,0
BRDA:55,6,0,0
BRDA:59,7,0,0
BRDA:59,7,1,0
BRDA:60,8,0,0
BRDA:60,8,1,0
BRF:16
BRH:9
end_of_record
TN:
SF:server/utils/logger.js
FN:9,(anonymous_0)
FN:13,(anonymous_1)
FN:40,(anonymous_2)
FN:43,(anonymous_3)
FN:46,(anonymous_4)
FN:49,(anonymous_5)
FN:54,createLogger
FNF:7
FNH:0
FNDA:0,(anonymous_0)
FNDA:0,(anonymous_1)
FNDA:0,(anonymous_2)
FNDA:0,(anonymous_3)
FNDA:0,(anonymous_4)
FNDA:0,(anonymous_5)
FNDA:0,createLogger
DA:6,0
DA:10,0
DA:14,0
DA:22,0
DA:23,0
DA:26,0
DA:32,0
DA:33,0
DA:34,0
DA:41,0
DA:44,0
DA:47,0
DA:50,0
DA:55,0
DA:58,0
LF:15
LH:0
BRDA:10,0,0,0
BRDA:10,0,1,0
BRDA:13,1,0,0
BRDA:22,2,0,0
BRDA:22,2,1,0
BRDA:26,3,0,0
BRDA:26,3,1,0
BRDA:33,4,0,0
BRDA:33,4,1,0
BRDA:35,5,0,0
BRDA:35,5,1,0
BRF:11
BRH:0
end_of_record
TN:
SF:server/utils/sanitize.js
FN:15,escapeHtml
FN:19,(anonymous_1)
FNF:2
FNH:0
FNDA:0,escapeHtml
FNDA:0,(anonymous_1)
DA:6,0
DA:16,0
DA:17,0
DA:19,0
DA:22,0
LF:5
LH:0
BRDA:16,0,0,0
BRDA:16,0,1,0
BRF:2
BRH:0
end_of_record
TN:
SF:server/webrtc/signaling.js
FN:7,(anonymous_0)
FN:16,(anonymous_1)
FN:17,(anonymous_2)
FN:20,(anonymous_3)
FN:39,(anonymous_4)
FN:53,(anonymous_5)
FN:58,(anonymous_6)
FN:67,(anonymous_7)
FN:76,(anonymous_8)
FN:84,(anonymous_9)
FN:90,(anonymous_10)
FN:123,(anonymous_11)
FNF:12
FNH:0
FNDA:0,(anonymous_0)
FNDA:0,(anonymous_1)
FNDA:0,(anonymous_2)
FNDA:0,(anonymous_3)
FNDA:0,(anonymous_4)
FNDA:0,(anonymous_5)
FNDA:0,(anonymous_6)
FNDA:0,(anonymous_7)
FNDA:0,(anonymous_8)
FNDA:0,(anonymous_9)
FNDA:0,(anonymous_10)
FNDA:0,(anonymous_11)
DA:8,0
DA:9,0
DA:10,0
DA:11,0
DA:13,0
DA:17,0
DA:20,0
DA:21,0
DA:22,0
DA:23,0
DA:24,0
DA:25,0
DA:28,0
DA:29,0
DA:31,0
DA:32,0
DA:35,0
DA:36,0
DA:39,0
DA:40,0
DA:43,0
DA:49,0
DA:50,0
DA:53,0
DA:54,0
DA:58,0
DA:59,0
DA:60,0
DA:61,0
DA:67,0
DA:68,0
DA:69,0
DA:70,0
DA:76,0
DA:77,0
DA:78,0
DA:84,0
DA:85,0
DA:91,0
DA:92,0
DA:93,0
DA:96,0
DA:97,0
DA:99,0
DA:100,0
DA:103,0
DA:107,0
DA:108,0
DA:113,0
DA:114,0
DA:115,0
DA:116,0
DA:119,0
DA:124,0
DA:127,0
DA:128,0
DA:135,0
DA:141,0
DA:145,0
LF:59
LH:0
BRDA:23,0,0,0
BRDA:23,0,1,0
BRDA:31,1,0,0
BRDA:31,1,1,0
BRDA:45,2,0,0
BRDA:45,2,1,0
BRDA:92,3,0,0
BRDA:92,3,1,0
BRDA:99,4,0,0
BRDA:99,4,1,0
BRDA:107,5,0,0
BRDA:107,5,1,0
BRDA:114,6,0,0
BRDA:114,6,1,0
BRDA:127,7,0,0
BRDA:127,7,1,0
BRDA:130,8,0,0
BRDA:130,8,1,0
BRDA:131,9,0,0
BRDA:131,9,1,0
BRF:20
BRH:0
end_of_record
